{"/Users/aaronsiew/SENG3011/news-sentiment-analyser/services/data-retrieval/src/main.ts": {"path":"/Users/aaronsiew/SENG3011/news-sentiment-analyser/services/data-retrieval/src/main.ts","statementMap":{"0":{"start":{"line":1,"column":0},"end":{"line":1,"column":30}},"1":{"start":{"line":2,"column":0},"end":{"line":2,"column":41}},"2":{"start":{"line":3,"column":0},"end":{"line":3,"column":24}},"3":{"start":{"line":4,"column":0},"end":{"line":4,"column":60}},"4":{"start":{"line":5,"column":0},"end":{"line":5,"column":60}},"5":{"start":{"line":6,"column":0},"end":{"line":6,"column":43}},"6":{"start":{"line":7,"column":0},"end":{"line":7,"column":26}},"7":{"start":{"line":8,"column":0},"end":{"line":8,"column":24}},"8":{"start":{"line":10,"column":0},"end":{"line":10,"column":18}},"9":{"start":{"line":12,"column":13},"end":{"line":12,"column":29}},"10":{"start":{"line":13,"column":13},"end":{"line":13,"column":72}},"11":{"start":{"line":14,"column":21},"end":{"line":14,"column":61}},"12":{"start":{"line":16,"column":0},"end":{"line":16,"column":24}},"13":{"start":{"line":17,"column":0},"end":{"line":17,"column":16}},"14":{"start":{"line":20,"column":20},"end":{"line":20,"column":78}},"15":{"start":{"line":23,"column":0},"end":{"line":25,"column":3}},"16":{"start":{"line":24,"column":2},"end":{"line":24,"column":28}},"17":{"start":{"line":28,"column":0},"end":{"line":30,"column":3}},"18":{"start":{"line":29,"column":2},"end":{"line":29,"column":56}},"19":{"start":{"line":32,"column":0},"end":{"line":32,"column":33}},"20":{"start":{"line":35,"column":24},"end":{"line":35,"column":46}},"21":{"start":{"line":36,"column":25},"end":{"line":42,"column":2}},"22":{"start":{"line":43,"column":0},"end":{"line":43,"column":86}},"23":{"start":{"line":46,"column":13},"end":{"line":46,"column":39}},"24":{"start":{"line":50,"column":13},"end":{"line":54,"column":9}},"25":{"start":{"line":52,"column":6},"end":{"line":52,"column":68}}},"fnMap":{"0":{"name":"(anonymous_1)","decl":{"start":{"line":23,"column":29},"end":{"line":23,"column":30}},"loc":{"start":{"line":23,"column":42},"end":{"line":25,"column":1}}},"1":{"name":"(anonymous_2)","decl":{"start":{"line":28,"column":19},"end":{"line":28,"column":20}},"loc":{"start":{"line":28,"column":32},"end":{"line":30,"column":1}}},"2":{"name":"(anonymous_3)","decl":{"start":{"line":51,"column":21},"end":{"line":51,"column":24}},"loc":{"start":{"line":51,"column":26},"end":{"line":53,"column":5}}}},"branchMap":{"0":{"loc":{"start":{"line":13,"column":13},"end":{"line":13,"column":72}},"type":"binary-expr","locations":[{"start":{"line":13,"column":13},"end":{"line":13,"column":44}},{"start":{"line":13,"column":48},"end":{"line":13,"column":64}},{"start":{"line":13,"column":68},"end":{"line":13,"column":72}}]},"1":{"loc":{"start":{"line":50,"column":22},"end":{"line":54,"column":8}},"type":"cond-expr","locations":[{"start":{"line":51,"column":4},"end":{"line":53,"column":6}},{"start":{"line":54,"column":4},"end":{"line":54,"column":8}}]},"2":{"loc":{"start":{"line":50,"column":23},"end":{"line":50,"column":69}},"type":"binary-expr","locations":[{"start":{"line":50,"column":23},"end":{"line":50,"column":53}},{"start":{"line":50,"column":57},"end":{"line":50,"column":69}}]}},"s":{"0":1,"1":1,"2":1,"3":1,"4":1,"5":1,"6":1,"7":1,"8":1,"9":1,"10":1,"11":1,"12":1,"13":1,"14":1,"15":1,"16":1,"17":1,"18":0,"19":1,"20":1,"21":1,"22":1,"23":1,"24":1,"25":0},"f":{"0":1,"1":0,"2":0},"b":{"0":[1,1,1],"1":[0,1],"2":[1,1]}}
,"/Users/aaronsiew/SENG3011/news-sentiment-analyser/services/data-retrieval/src/config/load-environment.ts": {"path":"/Users/aaronsiew/SENG3011/news-sentiment-analyser/services/data-retrieval/src/config/load-environment.ts","statementMap":{"0":{"start":{"line":1,"column":0},"end":{"line":1,"column":28}},"1":{"start":{"line":2,"column":0},"end":{"line":2,"column":24}},"2":{"start":{"line":4,"column":31},"end":{"line":14,"column":1}},"3":{"start":{"line":5,"column":21},"end":{"line":9,"column":4}},"4":{"start":{"line":11,"column":2},"end":{"line":13,"column":3}},"5":{"start":{"line":12,"column":4},"end":{"line":12,"column":67}},"6":{"start":{"line":4,"column":13},"end":{"line":4,"column":31}}},"fnMap":{"0":{"name":"(anonymous_1)","decl":{"start":{"line":4,"column":31},"end":{"line":4,"column":34}},"loc":{"start":{"line":4,"column":36},"end":{"line":14,"column":1}}}},"branchMap":{},"s":{"0":1,"1":1,"2":1,"3":1,"4":1,"5":2,"6":1},"f":{"0":1},"b":{}}
,"/Users/aaronsiew/SENG3011/news-sentiment-analyser/services/data-retrieval/src/controllers/charts.controller.ts": {"path":"/Users/aaronsiew/SENG3011/news-sentiment-analyser/services/data-retrieval/src/controllers/charts.controller.ts","statementMap":{"0":{"start":{"line":2,"column":0},"end":{"line":2,"column":null}},"1":{"start":{"line":10,"column":2},"end":{"line":10,"column":48}},"2":{"start":{"line":14,"column":16},"end":{"line":14,"column":55}},"3":{"start":{"line":15,"column":2},"end":{"line":15,"column":28}},"4":{"start":{"line":19,"column":2},"end":{"line":21,"column":3}},"5":{"start":{"line":20,"column":4},"end":{"line":20,"column":16}},"6":{"start":{"line":22,"column":2},"end":{"line":22,"column":67}},"7":{"start":{"line":23,"column":2},"end":{"line":23,"column":15}},"8":{"start":{"line":26,"column":36},"end":{"line":35,"column":1}},"9":{"start":{"line":27,"column":18},"end":{"line":27,"column":33}},"10":{"start":{"line":28,"column":2},"end":{"line":30,"column":3}},"11":{"start":{"line":29,"column":4},"end":{"line":29,"column":11}},"12":{"start":{"line":32,"column":19},"end":{"line":32,"column":35}},"13":{"start":{"line":33,"column":22},"end":{"line":33,"column":71}},"14":{"start":{"line":34,"column":2},"end":{"line":34,"column":24}},"15":{"start":{"line":26,"column":13},"end":{"line":26,"column":36}},"16":{"start":{"line":37,"column":40},"end":{"line":45,"column":1}},"17":{"start":{"line":38,"column":18},"end":{"line":38,"column":33}},"18":{"start":{"line":39,"column":2},"end":{"line":41,"column":3}},"19":{"start":{"line":40,"column":4},"end":{"line":40,"column":11}},"20":{"start":{"line":43,"column":22},"end":{"line":43,"column":65}},"21":{"start":{"line":44,"column":2},"end":{"line":44,"column":24}},"22":{"start":{"line":37,"column":13},"end":{"line":37,"column":40}},"23":{"start":{"line":47,"column":37},"end":{"line":62,"column":1}},"24":{"start":{"line":48,"column":18},"end":{"line":48,"column":33}},"25":{"start":{"line":49,"column":2},"end":{"line":51,"column":3}},"26":{"start":{"line":50,"column":4},"end":{"line":50,"column":11}},"27":{"start":{"line":53,"column":19},"end":{"line":53,"column":35}},"28":{"start":{"line":54,"column":16},"end":{"line":54,"column":83}},"29":{"start":{"line":55,"column":17},"end":{"line":55,"column":84}},"30":{"start":{"line":56,"column":22},"end":{"line":56,"column":71}},"31":{"start":{"line":57,"column":16},"end":{"line":57,"column":66}},"32":{"start":{"line":59,"column":2},"end":{"line":59,"column":45}},"33":{"start":{"line":60,"column":2},"end":{"line":60,"column":45}},"34":{"start":{"line":61,"column":2},"end":{"line":61,"column":18}},"35":{"start":{"line":47,"column":13},"end":{"line":47,"column":37}},"36":{"start":{"line":64,"column":41},"end":{"line":78,"column":1}},"37":{"start":{"line":65,"column":18},"end":{"line":65,"column":33}},"38":{"start":{"line":66,"column":2},"end":{"line":68,"column":3}},"39":{"start":{"line":67,"column":4},"end":{"line":67,"column":11}},"40":{"start":{"line":70,"column":16},"end":{"line":70,"column":83}},"41":{"start":{"line":71,"column":17},"end":{"line":71,"column":84}},"42":{"start":{"line":72,"column":22},"end":{"line":72,"column":65}},"43":{"start":{"line":73,"column":16},"end":{"line":73,"column":66}},"44":{"start":{"line":75,"column":2},"end":{"line":75,"column":45}},"45":{"start":{"line":76,"column":2},"end":{"line":76,"column":45}},"46":{"start":{"line":77,"column":2},"end":{"line":77,"column":18}},"47":{"start":{"line":64,"column":13},"end":{"line":64,"column":41}}},"fnMap":{"0":{"name":"getKeyword","decl":{"start":{"line":9,"column":9},"end":{"line":9,"column":19}},"loc":{"start":{"line":9,"column":32},"end":{"line":11,"column":1}}},"1":{"name":"getSourceId","decl":{"start":{"line":13,"column":9},"end":{"line":13,"column":20}},"loc":{"start":{"line":13,"column":33},"end":{"line":16,"column":1}}},"2":{"name":"validateKeyword","decl":{"start":{"line":18,"column":9},"end":{"line":18,"column":24}},"loc":{"start":{"line":18,"column":55},"end":{"line":24,"column":1}}},"3":{"name":"(anonymous_3)","decl":{"start":{"line":26,"column":36},"end":{"line":26,"column":41}},"loc":{"start":{"line":26,"column":74},"end":{"line":35,"column":1}}},"4":{"name":"(anonymous_4)","decl":{"start":{"line":37,"column":40},"end":{"line":37,"column":45}},"loc":{"start":{"line":37,"column":78},"end":{"line":45,"column":1}}},"5":{"name":"(anonymous_5)","decl":{"start":{"line":47,"column":37},"end":{"line":47,"column":42}},"loc":{"start":{"line":47,"column":75},"end":{"line":62,"column":1}}},"6":{"name":"(anonymous_6)","decl":{"start":{"line":64,"column":41},"end":{"line":64,"column":46}},"loc":{"start":{"line":64,"column":79},"end":{"line":78,"column":1}}}},"branchMap":{"0":{"loc":{"start":{"line":10,"column":16},"end":{"line":10,"column":39}},"type":"binary-expr","locations":[{"start":{"line":10,"column":16},"end":{"line":10,"column":33}},{"start":{"line":10,"column":37},"end":{"line":10,"column":39}}]},"1":{"loc":{"start":{"line":14,"column":23},"end":{"line":14,"column":47}},"type":"binary-expr","locations":[{"start":{"line":14,"column":23},"end":{"line":14,"column":41}},{"start":{"line":14,"column":45},"end":{"line":14,"column":47}}]},"2":{"loc":{"start":{"line":15,"column":9},"end":{"line":15,"column":27}},"type":"binary-expr","locations":[{"start":{"line":15,"column":9},"end":{"line":15,"column":14}},{"start":{"line":15,"column":18},"end":{"line":15,"column":27}}]},"3":{"loc":{"start":{"line":19,"column":2},"end":{"line":21,"column":3}},"type":"if","locations":[{"start":{"line":19,"column":2},"end":{"line":21,"column":3}}]},"4":{"loc":{"start":{"line":28,"column":2},"end":{"line":30,"column":3}},"type":"if","locations":[{"start":{"line":28,"column":2},"end":{"line":30,"column":3}}]},"5":{"loc":{"start":{"line":39,"column":2},"end":{"line":41,"column":3}},"type":"if","locations":[{"start":{"line":39,"column":2},"end":{"line":41,"column":3}}]},"6":{"loc":{"start":{"line":49,"column":2},"end":{"line":51,"column":3}},"type":"if","locations":[{"start":{"line":49,"column":2},"end":{"line":51,"column":3}}]},"7":{"loc":{"start":{"line":54,"column":43},"end":{"line":54,"column":64}},"type":"binary-expr","locations":[{"start":{"line":54,"column":43},"end":{"line":54,"column":58}},{"start":{"line":54,"column":62},"end":{"line":54,"column":64}}]},"8":{"loc":{"start":{"line":55,"column":44},"end":{"line":55,"column":66}},"type":"binary-expr","locations":[{"start":{"line":55,"column":44},"end":{"line":55,"column":60}},{"start":{"line":55,"column":64},"end":{"line":55,"column":66}}]},"9":{"loc":{"start":{"line":66,"column":2},"end":{"line":68,"column":3}},"type":"if","locations":[{"start":{"line":66,"column":2},"end":{"line":68,"column":3}}]},"10":{"loc":{"start":{"line":70,"column":43},"end":{"line":70,"column":64}},"type":"binary-expr","locations":[{"start":{"line":70,"column":43},"end":{"line":70,"column":58}},{"start":{"line":70,"column":62},"end":{"line":70,"column":64}}]},"11":{"loc":{"start":{"line":71,"column":44},"end":{"line":71,"column":66}},"type":"binary-expr","locations":[{"start":{"line":71,"column":44},"end":{"line":71,"column":60}},{"start":{"line":71,"column":64},"end":{"line":71,"column":66}}]}},"s":{"0":1,"1":6,"2":2,"3":2,"4":6,"5":2,"6":4,"7":4,"8":1,"9":2,"10":2,"11":1,"12":1,"13":1,"14":1,"15":1,"16":1,"17":1,"18":1,"19":1,"20":0,"21":0,"22":1,"23":1,"24":2,"25":2,"26":1,"27":1,"28":1,"29":1,"30":1,"31":1,"32":1,"33":1,"34":1,"35":1,"36":1,"37":1,"38":1,"39":1,"40":0,"41":0,"42":0,"43":0,"44":0,"45":0,"46":0,"47":1},"f":{"0":6,"1":2,"2":6,"3":2,"4":1,"5":2,"6":1},"b":{"0":[6,4],"1":[2,2],"2":[2,2],"3":[2],"4":[1],"5":[1],"6":[1],"7":[1,1],"8":[1,1],"9":[1],"10":[0,0],"11":[0,0]}}
,"/Users/aaronsiew/SENG3011/news-sentiment-analyser/services/data-retrieval/src/controllers/retrieval.controller.ts": {"path":"/Users/aaronsiew/SENG3011/news-sentiment-analyser/services/data-retrieval/src/controllers/retrieval.controller.ts","statementMap":{"0":{"start":{"line":1,"column":0},"end":{"line":1,"column":28}},"1":{"start":{"line":4,"column":0},"end":{"line":4,"column":null}},"2":{"start":{"line":18,"column":0},"end":{"line":18,"column":83}},"3":{"start":{"line":20,"column":21},"end":{"line":33,"column":2}},"4":{"start":{"line":35,"column":21},"end":{"line":46,"column":2}},"5":{"start":{"line":49,"column":2},"end":{"line":49,"column":54}},"6":{"start":{"line":53,"column":26},"end":{"line":53,"column":45}},"7":{"start":{"line":54,"column":28},"end":{"line":54,"column":56}},"8":{"start":{"line":55,"column":2},"end":{"line":57,"column":3}},"9":{"start":{"line":56,"column":4},"end":{"line":56,"column":17}},"10":{"start":{"line":59,"column":2},"end":{"line":61,"column":3}},"11":{"start":{"line":60,"column":4},"end":{"line":60,"column":83}},"12":{"start":{"line":63,"column":18},"end":{"line":63,"column":77}},"13":{"start":{"line":64,"column":2},"end":{"line":64,"column":39}},"14":{"start":{"line":68,"column":21},"end":{"line":68,"column":45}},"15":{"start":{"line":69,"column":2},"end":{"line":71,"column":3}},"16":{"start":{"line":70,"column":4},"end":{"line":70,"column":20}},"17":{"start":{"line":73,"column":17},"end":{"line":73,"column":48}},"18":{"start":{"line":74,"column":2},"end":{"line":76,"column":3}},"19":{"start":{"line":75,"column":4},"end":{"line":75,"column":16}},"20":{"start":{"line":77,"column":2},"end":{"line":77,"column":16}},"21":{"start":{"line":81,"column":21},"end":{"line":81,"column":45}},"22":{"start":{"line":82,"column":2},"end":{"line":84,"column":3}},"23":{"start":{"line":83,"column":4},"end":{"line":83,"column":20}},"24":{"start":{"line":86,"column":17},"end":{"line":86,"column":48}},"25":{"start":{"line":87,"column":2},"end":{"line":89,"column":3}},"26":{"start":{"line":88,"column":4},"end":{"line":88,"column":20}},"27":{"start":{"line":90,"column":2},"end":{"line":90,"column":43}},"28":{"start":{"line":119,"column":19},"end":{"line":119,"column":44}},"29":{"start":{"line":121,"column":19},"end":{"line":121,"column":null}},"30":{"start":{"line":130,"column":2},"end":{"line":153,"column":3}},"31":{"start":{"line":131,"column":18},"end":{"line":131,"column":45}},"32":{"start":{"line":132,"column":4},"end":{"line":134,"column":5}},"33":{"start":{"line":133,"column":6},"end":{"line":133,"column":15}},"34":{"start":{"line":136,"column":24},"end":{"line":136,"column":67}},"35":{"start":{"line":137,"column":4},"end":{"line":139,"column":5}},"36":{"start":{"line":138,"column":6},"end":{"line":138,"column":15}},"37":{"start":{"line":141,"column":21},"end":{"line":141,"column":78}},"38":{"start":{"line":142,"column":23},"end":{"line":142,"column":74}},"39":{"start":{"line":143,"column":23},"end":{"line":143,"column":48}},"40":{"start":{"line":144,"column":19},"end":{"line":148,"column":6}},"41":{"start":{"line":150,"column":4},"end":{"line":150,"column":42}},"42":{"start":{"line":151,"column":4},"end":{"line":151,"column":30}},"43":{"start":{"line":152,"column":4},"end":{"line":152,"column":35}},"44":{"start":{"line":155,"column":24},"end":{"line":157,"column":26}},"45":{"start":{"line":156,"column":20},"end":{"line":156,"column":59}},"46":{"start":{"line":159,"column":19},"end":{"line":165,"column":5}},"47":{"start":{"line":159,"column":61},"end":{"line":165,"column":4}},"48":{"start":{"line":167,"column":24},"end":{"line":167,"column":96}},"49":{"start":{"line":167,"column":66},"end":{"line":167,"column":92}},"50":{"start":{"line":169,"column":2},"end":{"line":180,"column":4}},"51":{"start":{"line":184,"column":27},"end":{"line":186,"column":1}},"52":{"start":{"line":185,"column":2},"end":{"line":185,"column":30}},"53":{"start":{"line":184,"column":13},"end":{"line":184,"column":27}},"54":{"start":{"line":189,"column":27},"end":{"line":284,"column":1}},"55":{"start":{"line":190,"column":18},"end":{"line":190,"column":56}},"56":{"start":{"line":191,"column":2},"end":{"line":193,"column":3}},"57":{"start":{"line":192,"column":4},"end":{"line":192,"column":76}},"58":{"start":{"line":195,"column":19},"end":{"line":195,"column":71}},"59":{"start":{"line":196,"column":16},"end":{"line":196,"column":57}},"60":{"start":{"line":197,"column":20},"end":{"line":197,"column":73}},"61":{"start":{"line":198,"column":18},"end":{"line":198,"column":69}},"62":{"start":{"line":200,"column":18},"end":{"line":203,"column":null}},"63":{"start":{"line":207,"column":17},"end":{"line":207,"column":59}},"64":{"start":{"line":211,"column":39},"end":{"line":211,"column":41}},"65":{"start":{"line":212,"column":2},"end":{"line":230,"column":3}},"66":{"start":{"line":213,"column":20},"end":{"line":213,"column":33}},"67":{"start":{"line":214,"column":19},"end":{"line":214,"column":31}},"68":{"start":{"line":215,"column":16},"end":{"line":215,"column":40}},"69":{"start":{"line":216,"column":20},"end":{"line":224,"column":6}},"70":{"start":{"line":225,"column":4},"end":{"line":225,"column":29}},"71":{"start":{"line":226,"column":4},"end":{"line":226,"column":48}},"72":{"start":{"line":227,"column":4},"end":{"line":227,"column":43}},"73":{"start":{"line":228,"column":4},"end":{"line":228,"column":43}},"74":{"start":{"line":229,"column":4},"end":{"line":229,"column":42}},"75":{"start":{"line":233,"column":26},"end":{"line":233,"column":28}},"76":{"start":{"line":234,"column":2},"end":{"line":257,"column":3}},"77":{"start":{"line":236,"column":6},"end":{"line":237,"column":34}},"78":{"start":{"line":236,"column":61},"end":{"line":236,"column":66}},"79":{"start":{"line":238,"column":4},"end":{"line":256,"column":7}},"80":{"start":{"line":244,"column":64},"end":{"line":244,"column":69}},"81":{"start":{"line":248,"column":64},"end":{"line":248,"column":69}},"82":{"start":{"line":252,"column":63},"end":{"line":252,"column":68}},"83":{"start":{"line":258,"column":2},"end":{"line":258,"column":65}},"84":{"start":{"line":258,"column":26},"end":{"line":258,"column":63}},"85":{"start":{"line":260,"column":22},"end":{"line":271,"column":7}},"86":{"start":{"line":261,"column":20},"end":{"line":261,"column":57}},"87":{"start":{"line":263,"column":21},"end":{"line":271,"column":6}},"88":{"start":{"line":273,"column":2},"end":{"line":283,"column":5}},"89":{"start":{"line":189,"column":13},"end":{"line":189,"column":27}},"90":{"start":{"line":286,"column":34},"end":{"line":301,"column":1}},"91":{"start":{"line":287,"column":18},"end":{"line":287,"column":56}},"92":{"start":{"line":288,"column":2},"end":{"line":290,"column":3}},"93":{"start":{"line":289,"column":4},"end":{"line":289,"column":76}},"94":{"start":{"line":292,"column":18},"end":{"line":292,"column":47}},"95":{"start":{"line":293,"column":19},"end":{"line":299,"column":5}},"96":{"start":{"line":293,"column":39},"end":{"line":299,"column":4}},"97":{"start":{"line":300,"column":2},"end":{"line":300,"column":21}},"98":{"start":{"line":286,"column":13},"end":{"line":286,"column":34}},"99":{"start":{"line":303,"column":30},"end":{"line":315,"column":1}},"100":{"start":{"line":304,"column":17},"end":{"line":304,"column":46}},"101":{"start":{"line":305,"column":2},"end":{"line":307,"column":3}},"102":{"start":{"line":306,"column":4},"end":{"line":306,"column":86}},"103":{"start":{"line":309,"column":19},"end":{"line":309,"column":43}},"104":{"start":{"line":310,"column":16},"end":{"line":310,"column":57}},"105":{"start":{"line":310,"column":37},"end":{"line":310,"column":56}},"106":{"start":{"line":311,"column":2},"end":{"line":313,"column":3}},"107":{"start":{"line":312,"column":4},"end":{"line":312,"column":107}},"108":{"start":{"line":314,"column":2},"end":{"line":314,"column":18}},"109":{"start":{"line":303,"column":13},"end":{"line":303,"column":30}},"110":{"start":{"line":317,"column":35},"end":{"line":336,"column":1}},"111":{"start":{"line":318,"column":17},"end":{"line":318,"column":46}},"112":{"start":{"line":319,"column":2},"end":{"line":321,"column":3}},"113":{"start":{"line":320,"column":4},"end":{"line":320,"column":86}},"114":{"start":{"line":322,"column":19},"end":{"line":322,"column":43}},"115":{"start":{"line":323,"column":16},"end":{"line":323,"column":57}},"116":{"start":{"line":323,"column":37},"end":{"line":323,"column":56}},"117":{"start":{"line":324,"column":2},"end":{"line":326,"column":3}},"118":{"start":{"line":325,"column":4},"end":{"line":325,"column":107}},"119":{"start":{"line":327,"column":17},"end":{"line":327,"column":59}},"120":{"start":{"line":328,"column":16},"end":{"line":328,"column":32}},"121":{"start":{"line":329,"column":2},"end":{"line":335,"column":5}},"122":{"start":{"line":317,"column":13},"end":{"line":317,"column":35}},"123":{"start":{"line":338,"column":28},"end":{"line":369,"column":1}},"124":{"start":{"line":339,"column":18},"end":{"line":339,"column":56}},"125":{"start":{"line":340,"column":2},"end":{"line":342,"column":3}},"126":{"start":{"line":341,"column":4},"end":{"line":341,"column":76}},"127":{"start":{"line":343,"column":19},"end":{"line":343,"column":71}},"128":{"start":{"line":344,"column":20},"end":{"line":344,"column":82}},"129":{"start":{"line":345,"column":2},"end":{"line":347,"column":3}},"130":{"start":{"line":346,"column":4},"end":{"line":346,"column":87}},"131":{"start":{"line":349,"column":18},"end":{"line":351,"column":null}},"132":{"start":{"line":353,"column":17},"end":{"line":353,"column":59}},"133":{"start":{"line":354,"column":23},"end":{"line":354,"column":63}},"134":{"start":{"line":355,"column":2},"end":{"line":358,"column":5}},"135":{"start":{"line":356,"column":18},"end":{"line":356,"column":57}},"136":{"start":{"line":357,"column":4},"end":{"line":357,"column":58}},"137":{"start":{"line":360,"column":4},"end":{"line":360,"column":80}},"138":{"start":{"line":360,"column":30},"end":{"line":360,"column":53}},"139":{"start":{"line":361,"column":2},"end":{"line":368,"column":5}},"140":{"start":{"line":338,"column":13},"end":{"line":338,"column":28}},"141":{"start":{"line":371,"column":33},"end":{"line":409,"column":1}},"142":{"start":{"line":372,"column":18},"end":{"line":372,"column":56}},"143":{"start":{"line":373,"column":2},"end":{"line":375,"column":3}},"144":{"start":{"line":374,"column":4},"end":{"line":374,"column":76}},"145":{"start":{"line":376,"column":19},"end":{"line":376,"column":71}},"146":{"start":{"line":377,"column":20},"end":{"line":377,"column":82}},"147":{"start":{"line":378,"column":2},"end":{"line":380,"column":3}},"148":{"start":{"line":379,"column":4},"end":{"line":379,"column":87}},"149":{"start":{"line":382,"column":18},"end":{"line":384,"column":null}},"150":{"start":{"line":386,"column":17},"end":{"line":386,"column":59}},"151":{"start":{"line":388,"column":17},"end":{"line":388,"column":83}},"152":{"start":{"line":389,"column":2},"end":{"line":398,"column":3}},"153":{"start":{"line":390,"column":20},"end":{"line":390,"column":72}},"154":{"start":{"line":391,"column":4},"end":{"line":393,"column":5}},"155":{"start":{"line":392,"column":6},"end":{"line":392,"column":15}},"156":{"start":{"line":394,"column":19},"end":{"line":394,"column":79}},"157":{"start":{"line":395,"column":4},"end":{"line":395,"column":50}},"158":{"start":{"line":396,"column":4},"end":{"line":396,"column":29}},"159":{"start":{"line":397,"column":4},"end":{"line":397,"column":32}},"160":{"start":{"line":400,"column":21},"end":{"line":406,"column":7}},"161":{"start":{"line":401,"column":20},"end":{"line":401,"column":44}},"162":{"start":{"line":402,"column":29},"end":{"line":406,"column":6}},"163":{"start":{"line":408,"column":2},"end":{"line":408,"column":57}},"164":{"start":{"line":371,"column":13},"end":{"line":371,"column":33}},"165":{"start":{"line":411,"column":27},"end":{"line":421,"column":1}},"166":{"start":{"line":412,"column":20},"end":{"line":412,"column":83}},"167":{"start":{"line":413,"column":2},"end":{"line":415,"column":3}},"168":{"start":{"line":414,"column":4},"end":{"line":414,"column":87}},"169":{"start":{"line":416,"column":16},"end":{"line":416,"column":59}},"170":{"start":{"line":418,"column":25},"end":{"line":418,"column":88}},"171":{"start":{"line":419,"column":19},"end":{"line":419,"column":61}},"172":{"start":{"line":420,"column":2},"end":{"line":420,"column":46}},"173":{"start":{"line":411,"column":13},"end":{"line":411,"column":27}},"174":{"start":{"line":423,"column":26},"end":{"line":447,"column":1}},"175":{"start":{"line":424,"column":14},"end":{"line":424,"column":59}},"176":{"start":{"line":425,"column":2},"end":{"line":427,"column":3}},"177":{"start":{"line":426,"column":4},"end":{"line":426,"column":15}},"178":{"start":{"line":428,"column":2},"end":{"line":428,"column":31}},"179":{"start":{"line":430,"column":20},"end":{"line":430,"column":83}},"180":{"start":{"line":431,"column":2},"end":{"line":433,"column":3}},"181":{"start":{"line":432,"column":4},"end":{"line":432,"column":87}},"182":{"start":{"line":435,"column":25},"end":{"line":435,"column":88}},"183":{"start":{"line":436,"column":18},"end":{"line":436,"column":66}},"184":{"start":{"line":438,"column":2},"end":{"line":446,"column":4}},"185":{"start":{"line":439,"column":29},"end":{"line":445,"column":6}},"186":{"start":{"line":423,"column":13},"end":{"line":423,"column":26}},"187":{"start":{"line":449,"column":29},"end":{"line":474,"column":1}},"188":{"start":{"line":454,"column":18},"end":{"line":454,"column":95}},"189":{"start":{"line":455,"column":17},"end":{"line":455,"column":59}},"190":{"start":{"line":457,"column":4},"end":{"line":457,"column":88}},"191":{"start":{"line":457,"column":34},"end":{"line":457,"column":61}},"192":{"start":{"line":459,"column":23},"end":{"line":459,"column":63}},"193":{"start":{"line":460,"column":2},"end":{"line":463,"column":3}},"194":{"start":{"line":461,"column":18},"end":{"line":461,"column":57}},"195":{"start":{"line":462,"column":4},"end":{"line":462,"column":58}},"196":{"start":{"line":465,"column":2},"end":{"line":473,"column":4}},"197":{"start":{"line":476,"column":36},"end":{"line":493,"column":1}},"198":{"start":{"line":477,"column":18},"end":{"line":477,"column":56}},"199":{"start":{"line":478,"column":19},"end":{"line":478,"column":58}},"200":{"start":{"line":479,"column":2},"end":{"line":481,"column":3}},"201":{"start":{"line":480,"column":4},"end":{"line":480,"column":76}},"202":{"start":{"line":482,"column":2},"end":{"line":484,"column":3}},"203":{"start":{"line":483,"column":4},"end":{"line":483,"column":77}},"204":{"start":{"line":486,"column":20},"end":{"line":486,"column":82}},"205":{"start":{"line":487,"column":2},"end":{"line":489,"column":3}},"206":{"start":{"line":488,"column":4},"end":{"line":488,"column":87}},"207":{"start":{"line":491,"column":18},"end":{"line":491,"column":74}},"208":{"start":{"line":492,"column":2},"end":{"line":492,"column":20}},"209":{"start":{"line":476,"column":13},"end":{"line":476,"column":36}},"210":{"start":{"line":495,"column":38},"end":{"line":529,"column":1}},"211":{"start":{"line":496,"column":18},"end":{"line":496,"column":56}},"212":{"start":{"line":497,"column":2},"end":{"line":499,"column":3}},"213":{"start":{"line":498,"column":4},"end":{"line":498,"column":76}},"214":{"start":{"line":501,"column":20},"end":{"line":501,"column":82}},"215":{"start":{"line":502,"column":2},"end":{"line":504,"column":3}},"216":{"start":{"line":503,"column":4},"end":{"line":503,"column":87}},"217":{"start":{"line":506,"column":25},"end":{"line":506,"column":65}},"218":{"start":{"line":507,"column":29},"end":{"line":512,"column":8}},"219":{"start":{"line":510,"column":24},"end":{"line":510,"column":36}},"220":{"start":{"line":514,"column":18},"end":{"line":514,"column":85}},"221":{"start":{"line":515,"column":29},"end":{"line":515,"column":88}},"222":{"start":{"line":515,"column":67},"end":{"line":515,"column":85}},"223":{"start":{"line":516,"column":20},"end":{"line":516,"column":87}},"224":{"start":{"line":518,"column":22},"end":{"line":518,"column":24}},"225":{"start":{"line":519,"column":2},"end":{"line":521,"column":3}},"226":{"start":{"line":520,"column":4},"end":{"line":520,"column":79}},"227":{"start":{"line":523,"column":2},"end":{"line":528,"column":5}},"228":{"start":{"line":527,"column":44},"end":{"line":527,"column":83}},"229":{"start":{"line":495,"column":13},"end":{"line":495,"column":38}},"230":{"start":{"line":531,"column":38},"end":{"line":585,"column":1}},"231":{"start":{"line":532,"column":18},"end":{"line":532,"column":56}},"232":{"start":{"line":533,"column":2},"end":{"line":535,"column":3}},"233":{"start":{"line":534,"column":4},"end":{"line":534,"column":76}},"234":{"start":{"line":537,"column":20},"end":{"line":537,"column":82}},"235":{"start":{"line":538,"column":2},"end":{"line":540,"column":3}},"236":{"start":{"line":539,"column":4},"end":{"line":539,"column":87}},"237":{"start":{"line":542,"column":19},"end":{"line":542,"column":71}},"238":{"start":{"line":543,"column":18},"end":{"line":545,"column":null}},"239":{"start":{"line":547,"column":17},"end":{"line":547,"column":59}},"240":{"start":{"line":549,"column":17},"end":{"line":549,"column":83}},"241":{"start":{"line":550,"column":2},"end":{"line":557,"column":3}},"242":{"start":{"line":551,"column":20},"end":{"line":551,"column":72}},"243":{"start":{"line":552,"column":4},"end":{"line":552,"column":27}},"244":{"start":{"line":552,"column":18},"end":{"line":552,"column":27}},"245":{"start":{"line":553,"column":19},"end":{"line":553,"column":79}},"246":{"start":{"line":554,"column":4},"end":{"line":554,"column":50}},"247":{"start":{"line":555,"column":4},"end":{"line":555,"column":29}},"248":{"start":{"line":556,"column":4},"end":{"line":556,"column":32}},"249":{"start":{"line":559,"column":17},"end":{"line":559,"column":86}},"250":{"start":{"line":559,"column":61},"end":{"line":559,"column":85}},"251":{"start":{"line":560,"column":17},"end":{"line":560,"column":45}},"252":{"start":{"line":560,"column":40},"end":{"line":560,"column":44}},"253":{"start":{"line":561,"column":24},"end":{"line":562,"column":null}},"254":{"start":{"line":562,"column":4},"end":{"line":562,"column":65}},"255":{"start":{"line":564,"column":27},"end":{"line":564,"column":72}},"256":{"start":{"line":564,"column":53},"end":{"line":564,"column":71}},"257":{"start":{"line":566,"column":2},"end":{"line":584,"column":5}},"258":{"start":{"line":531,"column":13},"end":{"line":531,"column":38}},"259":{"start":{"line":587,"column":40},"end":{"line":634,"column":1}},"260":{"start":{"line":588,"column":18},"end":{"line":588,"column":56}},"261":{"start":{"line":589,"column":2},"end":{"line":591,"column":3}},"262":{"start":{"line":590,"column":4},"end":{"line":590,"column":76}},"263":{"start":{"line":593,"column":20},"end":{"line":593,"column":82}},"264":{"start":{"line":594,"column":2},"end":{"line":596,"column":3}},"265":{"start":{"line":595,"column":4},"end":{"line":595,"column":87}},"266":{"start":{"line":598,"column":25},"end":{"line":598,"column":65}},"267":{"start":{"line":599,"column":29},"end":{"line":604,"column":8}},"268":{"start":{"line":602,"column":24},"end":{"line":602,"column":36}},"269":{"start":{"line":606,"column":18},"end":{"line":606,"column":85}},"270":{"start":{"line":607,"column":29},"end":{"line":607,"column":88}},"271":{"start":{"line":607,"column":67},"end":{"line":607,"column":85}},"272":{"start":{"line":608,"column":20},"end":{"line":608,"column":87}},"273":{"start":{"line":610,"column":22},"end":{"line":610,"column":24}},"274":{"start":{"line":611,"column":2},"end":{"line":613,"column":3}},"275":{"start":{"line":612,"column":4},"end":{"line":612,"column":79}},"276":{"start":{"line":615,"column":17},"end":{"line":615,"column":84}},"277":{"start":{"line":615,"column":44},"end":{"line":615,"column":83}},"278":{"start":{"line":617,"column":2},"end":{"line":633,"column":5}},"279":{"start":{"line":619,"column":33},"end":{"line":619,"column":48}},"280":{"start":{"line":623,"column":35},"end":{"line":623,"column":56}},"281":{"start":{"line":628,"column":35},"end":{"line":628,"column":52}},"282":{"start":{"line":587,"column":13},"end":{"line":587,"column":40}},"283":{"start":{"line":636,"column":47},"end":{"line":651,"column":1}},"284":{"start":{"line":637,"column":18},"end":{"line":637,"column":56}},"285":{"start":{"line":638,"column":2},"end":{"line":640,"column":3}},"286":{"start":{"line":639,"column":4},"end":{"line":639,"column":76}},"287":{"start":{"line":642,"column":15},"end":{"line":642,"column":83}},"288":{"start":{"line":643,"column":2},"end":{"line":645,"column":3}},"289":{"start":{"line":644,"column":4},"end":{"line":644,"column":82}},"290":{"start":{"line":647,"column":22},"end":{"line":647,"column":78}},"291":{"start":{"line":648,"column":23},"end":{"line":648,"column":97}},"292":{"start":{"line":650,"column":2},"end":{"line":650,"column":25}},"293":{"start":{"line":636,"column":13},"end":{"line":636,"column":47}},"294":{"start":{"line":653,"column":52},"end":{"line":710,"column":1}},"295":{"start":{"line":654,"column":18},"end":{"line":654,"column":56}},"296":{"start":{"line":655,"column":2},"end":{"line":657,"column":3}},"297":{"start":{"line":656,"column":4},"end":{"line":656,"column":76}},"298":{"start":{"line":659,"column":15},"end":{"line":659,"column":83}},"299":{"start":{"line":660,"column":2},"end":{"line":662,"column":3}},"300":{"start":{"line":661,"column":4},"end":{"line":661,"column":82}},"301":{"start":{"line":664,"column":22},"end":{"line":664,"column":78}},"302":{"start":{"line":665,"column":16},"end":{"line":665,"column":83}},"303":{"start":{"line":666,"column":17},"end":{"line":666,"column":84}},"304":{"start":{"line":668,"column":23},"end":{"line":668,"column":97}},"305":{"start":{"line":670,"column":42},"end":{"line":704,"column":4}},"306":{"start":{"line":706,"column":16},"end":{"line":706,"column":66}},"307":{"start":{"line":707,"column":2},"end":{"line":707,"column":45}},"308":{"start":{"line":708,"column":2},"end":{"line":708,"column":45}},"309":{"start":{"line":709,"column":2},"end":{"line":709,"column":18}},"310":{"start":{"line":653,"column":13},"end":{"line":653,"column":52}},"311":{"start":{"line":712,"column":19},"end":{"line":712,"column":30}},"312":{"start":{"line":725,"column":40},"end":{"line":725,"column":44}},"313":{"start":{"line":728,"column":17},"end":{"line":728,"column":79}},"314":{"start":{"line":729,"column":2},"end":{"line":729,"column":52}},"315":{"start":{"line":733,"column":14},"end":{"line":733,"column":39}},"316":{"start":{"line":734,"column":2},"end":{"line":734,"column":77}},"317":{"start":{"line":734,"column":65},"end":{"line":734,"column":77}},"318":{"start":{"line":735,"column":2},"end":{"line":735,"column":44}},"319":{"start":{"line":735,"column":32},"end":{"line":735,"column":44}},"320":{"start":{"line":736,"column":2},"end":{"line":736,"column":53}},"321":{"start":{"line":737,"column":2},"end":{"line":737,"column":22}},"322":{"start":{"line":740,"column":25},"end":{"line":758,"column":1}},"323":{"start":{"line":741,"column":17},"end":{"line":741,"column":36}},"324":{"start":{"line":742,"column":2},"end":{"line":749,"column":3}},"325":{"start":{"line":743,"column":4},"end":{"line":747,"column":5}},"326":{"start":{"line":744,"column":6},"end":{"line":746,"column":79}},"327":{"start":{"line":748,"column":4},"end":{"line":748,"column":86}},"328":{"start":{"line":751,"column":2},"end":{"line":757,"column":5}},"329":{"start":{"line":740,"column":13},"end":{"line":740,"column":25}},"330":{"start":{"line":760,"column":28},"end":{"line":781,"column":1}},"331":{"start":{"line":761,"column":2},"end":{"line":765,"column":3}},"332":{"start":{"line":762,"column":4},"end":{"line":764,"column":86}},"333":{"start":{"line":767,"column":16},"end":{"line":767,"column":65}},"334":{"start":{"line":768,"column":16},"end":{"line":768,"column":35}},"335":{"start":{"line":769,"column":14},"end":{"line":769,"column":52}},"336":{"start":{"line":770,"column":14},"end":{"line":770,"column":38}},"337":{"start":{"line":771,"column":2},"end":{"line":778,"column":4}},"338":{"start":{"line":780,"column":2},"end":{"line":780,"column":62}},"339":{"start":{"line":760,"column":13},"end":{"line":760,"column":28}},"340":{"start":{"line":783,"column":28},"end":{"line":797,"column":1}},"341":{"start":{"line":784,"column":17},"end":{"line":784,"column":36}},"342":{"start":{"line":785,"column":2},"end":{"line":792,"column":3}},"343":{"start":{"line":786,"column":4},"end":{"line":788,"column":5}},"344":{"start":{"line":787,"column":6},"end":{"line":787,"column":88}},"345":{"start":{"line":789,"column":4},"end":{"line":791,"column":77}},"346":{"start":{"line":794,"column":2},"end":{"line":794,"column":28}},"347":{"start":{"line":795,"column":20},"end":{"line":795,"column":44}},"348":{"start":{"line":796,"column":2},"end":{"line":796,"column":88}},"349":{"start":{"line":783,"column":13},"end":{"line":783,"column":28}},"350":{"start":{"line":799,"column":37},"end":{"line":862,"column":1}},"351":{"start":{"line":800,"column":18},"end":{"line":800,"column":56}},"352":{"start":{"line":801,"column":2},"end":{"line":803,"column":3}},"353":{"start":{"line":802,"column":4},"end":{"line":802,"column":76}},"354":{"start":{"line":805,"column":20},"end":{"line":805,"column":82}},"355":{"start":{"line":806,"column":2},"end":{"line":808,"column":3}},"356":{"start":{"line":807,"column":4},"end":{"line":807,"column":87}},"357":{"start":{"line":810,"column":19},"end":{"line":810,"column":71}},"358":{"start":{"line":811,"column":18},"end":{"line":811,"column":95}},"359":{"start":{"line":813,"column":16},"end":{"line":813,"column":45}},"360":{"start":{"line":814,"column":14},"end":{"line":814,"column":24}},"361":{"start":{"line":816,"column":20},"end":{"line":825,"column":3}},"362":{"start":{"line":817,"column":4},"end":{"line":822,"column":5}},"363":{"start":{"line":819,"column":16},"end":{"line":819,"column":30}},"364":{"start":{"line":820,"column":6},"end":{"line":820,"column":28}},"365":{"start":{"line":821,"column":6},"end":{"line":821,"column":55}},"366":{"start":{"line":824,"column":4},"end":{"line":824,"column":43}},"367":{"start":{"line":827,"column":26},"end":{"line":835,"column":3}},"368":{"start":{"line":828,"column":17},"end":{"line":828,"column":31}},"369":{"start":{"line":829,"column":4},"end":{"line":832,"column":5}},"370":{"start":{"line":830,"column":6},"end":{"line":830,"column":41}},"371":{"start":{"line":831,"column":6},"end":{"line":831,"column":18}},"372":{"start":{"line":833,"column":4},"end":{"line":833,"column":37}},"373":{"start":{"line":834,"column":4},"end":{"line":834,"column":16}},"374":{"start":{"line":837,"column":18},"end":{"line":837,"column":43}},"375":{"start":{"line":838,"column":2},"end":{"line":840,"column":3}},"376":{"start":{"line":838,"column":20},"end":{"line":838,"column":35}},"377":{"start":{"line":839,"column":4},"end":{"line":839,"column":38}},"378":{"start":{"line":842,"column":2},"end":{"line":849,"column":3}},"379":{"start":{"line":843,"column":22},"end":{"line":843,"column":65}},"380":{"start":{"line":844,"column":4},"end":{"line":846,"column":5}},"381":{"start":{"line":845,"column":6},"end":{"line":845,"column":15}},"382":{"start":{"line":847,"column":16},"end":{"line":847,"column":36}},"383":{"start":{"line":848,"column":4},"end":{"line":848,"column":50}},"384":{"start":{"line":851,"column":21},"end":{"line":853,"column":60}},"385":{"start":{"line":852,"column":21},"end":{"line":852,"column":59}},"386":{"start":{"line":853,"column":36},"end":{"line":853,"column":58}},"387":{"start":{"line":855,"column":2},"end":{"line":861,"column":5}},"388":{"start":{"line":799,"column":13},"end":{"line":799,"column":37}}},"fnMap":{"0":{"name":"escapeRegExp","decl":{"start":{"line":48,"column":9},"end":{"line":48,"column":21}},"loc":{"start":{"line":48,"column":35},"end":{"line":50,"column":1}}},"1":{"name":"titleContainsKeyword","decl":{"start":{"line":52,"column":9},"end":{"line":52,"column":29}},"loc":{"start":{"line":52,"column":60},"end":{"line":65,"column":1}}},"2":{"name":"parseYear","decl":{"start":{"line":67,"column":9},"end":{"line":67,"column":18}},"loc":{"start":{"line":67,"column":60},"end":{"line":78,"column":1}}},"3":{"name":"parseSourceLimit","decl":{"start":{"line":80,"column":9},"end":{"line":80,"column":25}},"loc":{"start":{"line":80,"column":67},"end":{"line":91,"column":1}}},"4":{"name":"buildMonthlyMentionsBySourceChartPayload","decl":{"start":{"line":114,"column":15},"end":{"line":114,"column":55}},"loc":{"start":{"line":117,"column":21},"end":{"line":181,"column":1}}},"5":{"name":"(anonymous_6)","decl":{"start":{"line":156,"column":10},"end":{"line":156,"column":11}},"loc":{"start":{"line":156,"column":20},"end":{"line":156,"column":59}}},"6":{"name":"(anonymous_7)","decl":{"start":{"line":159,"column":37},"end":{"line":159,"column":38}},"loc":{"start":{"line":159,"column":61},"end":{"line":165,"column":4}}},"7":{"name":"(anonymous_8)","decl":{"start":{"line":167,"column":45},"end":{"line":167,"column":46}},"loc":{"start":{"line":167,"column":66},"end":{"line":167,"column":92}}},"8":{"name":"(anonymous_9)","decl":{"start":{"line":184,"column":27},"end":{"line":184,"column":32}},"loc":{"start":{"line":184,"column":65},"end":{"line":186,"column":1}}},"9":{"name":"(anonymous_10)","decl":{"start":{"line":189,"column":27},"end":{"line":189,"column":32}},"loc":{"start":{"line":189,"column":65},"end":{"line":284,"column":1}}},"10":{"name":"(anonymous_11)","decl":{"start":{"line":236,"column":35},"end":{"line":236,"column":36}},"loc":{"start":{"line":236,"column":61},"end":{"line":236,"column":66}}},"11":{"name":"(anonymous_12)","decl":{"start":{"line":244,"column":38},"end":{"line":244,"column":39}},"loc":{"start":{"line":244,"column":64},"end":{"line":244,"column":69}}},"12":{"name":"(anonymous_13)","decl":{"start":{"line":248,"column":38},"end":{"line":248,"column":39}},"loc":{"start":{"line":248,"column":64},"end":{"line":248,"column":69}}},"13":{"name":"(anonymous_14)","decl":{"start":{"line":252,"column":37},"end":{"line":252,"column":38}},"loc":{"start":{"line":252,"column":63},"end":{"line":252,"column":68}}},"14":{"name":"(anonymous_15)","decl":{"start":{"line":258,"column":16},"end":{"line":258,"column":17}},"loc":{"start":{"line":258,"column":26},"end":{"line":258,"column":63}}},"15":{"name":"(anonymous_16)","decl":{"start":{"line":261,"column":10},"end":{"line":261,"column":11}},"loc":{"start":{"line":261,"column":20},"end":{"line":261,"column":57}}},"16":{"name":"(anonymous_17)","decl":{"start":{"line":263,"column":9},"end":{"line":263,"column":10}},"loc":{"start":{"line":263,"column":21},"end":{"line":271,"column":6}}},"17":{"name":"(anonymous_18)","decl":{"start":{"line":286,"column":34},"end":{"line":286,"column":39}},"loc":{"start":{"line":286,"column":72},"end":{"line":301,"column":1}}},"18":{"name":"(anonymous_19)","decl":{"start":{"line":293,"column":31},"end":{"line":293,"column":32}},"loc":{"start":{"line":293,"column":39},"end":{"line":299,"column":4}}},"19":{"name":"(anonymous_20)","decl":{"start":{"line":303,"column":30},"end":{"line":303,"column":35}},"loc":{"start":{"line":303,"column":68},"end":{"line":315,"column":1}}},"20":{"name":"(anonymous_21)","decl":{"start":{"line":310,"column":30},"end":{"line":310,"column":31}},"loc":{"start":{"line":310,"column":37},"end":{"line":310,"column":56}}},"21":{"name":"(anonymous_22)","decl":{"start":{"line":317,"column":35},"end":{"line":317,"column":40}},"loc":{"start":{"line":317,"column":73},"end":{"line":336,"column":1}}},"22":{"name":"(anonymous_23)","decl":{"start":{"line":323,"column":30},"end":{"line":323,"column":31}},"loc":{"start":{"line":323,"column":37},"end":{"line":323,"column":56}}},"23":{"name":"(anonymous_24)","decl":{"start":{"line":338,"column":28},"end":{"line":338,"column":33}},"loc":{"start":{"line":338,"column":66},"end":{"line":369,"column":1}}},"24":{"name":"(anonymous_25)","decl":{"start":{"line":355,"column":17},"end":{"line":355,"column":18}},"loc":{"start":{"line":355,"column":27},"end":{"line":358,"column":3}}},"25":{"name":"(anonymous_26)","decl":{"start":{"line":360,"column":18},"end":{"line":360,"column":19}},"loc":{"start":{"line":360,"column":30},"end":{"line":360,"column":53}}},"26":{"name":"(anonymous_27)","decl":{"start":{"line":371,"column":33},"end":{"line":371,"column":38}},"loc":{"start":{"line":371,"column":71},"end":{"line":409,"column":1}}},"27":{"name":"(anonymous_28)","decl":{"start":{"line":401,"column":10},"end":{"line":401,"column":11}},"loc":{"start":{"line":401,"column":20},"end":{"line":401,"column":44}}},"28":{"name":"(anonymous_29)","decl":{"start":{"line":402,"column":9},"end":{"line":402,"column":10}},"loc":{"start":{"line":402,"column":29},"end":{"line":406,"column":6}}},"29":{"name":"(anonymous_30)","decl":{"start":{"line":411,"column":27},"end":{"line":411,"column":32}},"loc":{"start":{"line":411,"column":65},"end":{"line":421,"column":1}}},"30":{"name":"(anonymous_31)","decl":{"start":{"line":423,"column":26},"end":{"line":423,"column":31}},"loc":{"start":{"line":423,"column":64},"end":{"line":447,"column":1}}},"31":{"name":"(anonymous_32)","decl":{"start":{"line":439,"column":16},"end":{"line":439,"column":17}},"loc":{"start":{"line":439,"column":29},"end":{"line":445,"column":6}}},"32":{"name":"(anonymous_33)","decl":{"start":{"line":449,"column":29},"end":{"line":449,"column":34}},"loc":{"start":{"line":453,"column":4},"end":{"line":474,"column":1}}},"33":{"name":"(anonymous_34)","decl":{"start":{"line":457,"column":18},"end":{"line":457,"column":19}},"loc":{"start":{"line":457,"column":34},"end":{"line":457,"column":61}}},"34":{"name":"(anonymous_35)","decl":{"start":{"line":476,"column":36},"end":{"line":476,"column":41}},"loc":{"start":{"line":476,"column":74},"end":{"line":493,"column":1}}},"35":{"name":"(anonymous_36)","decl":{"start":{"line":495,"column":38},"end":{"line":495,"column":43}},"loc":{"start":{"line":495,"column":76},"end":{"line":529,"column":1}}},"36":{"name":"(anonymous_37)","decl":{"start":{"line":510,"column":13},"end":{"line":510,"column":14}},"loc":{"start":{"line":510,"column":24},"end":{"line":510,"column":36}}},"37":{"name":"(anonymous_38)","decl":{"start":{"line":515,"column":60},"end":{"line":515,"column":61}},"loc":{"start":{"line":515,"column":67},"end":{"line":515,"column":85}}},"38":{"name":"(anonymous_39)","decl":{"start":{"line":527,"column":34},"end":{"line":527,"column":35}},"loc":{"start":{"line":527,"column":44},"end":{"line":527,"column":83}}},"39":{"name":"(anonymous_40)","decl":{"start":{"line":531,"column":38},"end":{"line":531,"column":43}},"loc":{"start":{"line":531,"column":76},"end":{"line":585,"column":1}}},"40":{"name":"(anonymous_41)","decl":{"start":{"line":559,"column":51},"end":{"line":559,"column":52}},"loc":{"start":{"line":559,"column":61},"end":{"line":559,"column":85}}},"41":{"name":"(anonymous_42)","decl":{"start":{"line":560,"column":28},"end":{"line":560,"column":29}},"loc":{"start":{"line":560,"column":40},"end":{"line":560,"column":44}}},"42":{"name":"(anonymous_43)","decl":{"start":{"line":561,"column":35},"end":{"line":561,"column":36}},"loc":{"start":{"line":562,"column":4},"end":{"line":562,"column":65}}},"43":{"name":"(anonymous_44)","decl":{"start":{"line":564,"column":38},"end":{"line":564,"column":39}},"loc":{"start":{"line":564,"column":53},"end":{"line":564,"column":71}}},"44":{"name":"(anonymous_45)","decl":{"start":{"line":587,"column":40},"end":{"line":587,"column":45}},"loc":{"start":{"line":587,"column":78},"end":{"line":634,"column":1}}},"45":{"name":"(anonymous_46)","decl":{"start":{"line":602,"column":13},"end":{"line":602,"column":14}},"loc":{"start":{"line":602,"column":24},"end":{"line":602,"column":36}}},"46":{"name":"(anonymous_47)","decl":{"start":{"line":607,"column":60},"end":{"line":607,"column":61}},"loc":{"start":{"line":607,"column":67},"end":{"line":607,"column":85}}},"47":{"name":"(anonymous_48)","decl":{"start":{"line":615,"column":34},"end":{"line":615,"column":35}},"loc":{"start":{"line":615,"column":44},"end":{"line":615,"column":83}}},"48":{"name":"(anonymous_49)","decl":{"start":{"line":619,"column":23},"end":{"line":619,"column":24}},"loc":{"start":{"line":619,"column":33},"end":{"line":619,"column":48}}},"49":{"name":"(anonymous_50)","decl":{"start":{"line":623,"column":25},"end":{"line":623,"column":26}},"loc":{"start":{"line":623,"column":35},"end":{"line":623,"column":56}}},"50":{"name":"(anonymous_51)","decl":{"start":{"line":628,"column":25},"end":{"line":628,"column":26}},"loc":{"start":{"line":628,"column":35},"end":{"line":628,"column":52}}},"51":{"name":"(anonymous_52)","decl":{"start":{"line":636,"column":47},"end":{"line":636,"column":52}},"loc":{"start":{"line":636,"column":85},"end":{"line":651,"column":1}}},"52":{"name":"(anonymous_53)","decl":{"start":{"line":653,"column":52},"end":{"line":653,"column":57}},"loc":{"start":{"line":653,"column":90},"end":{"line":710,"column":1}}},"53":{"name":"getApiKeyFromRequest","decl":{"start":{"line":727,"column":9},"end":{"line":727,"column":29}},"loc":{"start":{"line":727,"column":42},"end":{"line":730,"column":1}}},"54":{"name":"validateApiKey","decl":{"start":{"line":732,"column":9},"end":{"line":732,"column":23}},"loc":{"start":{"line":732,"column":36},"end":{"line":738,"column":1}}},"55":{"name":"(anonymous_56)","decl":{"start":{"line":740,"column":25},"end":{"line":740,"column":30}},"loc":{"start":{"line":740,"column":63},"end":{"line":758,"column":1}}},"56":{"name":"(anonymous_57)","decl":{"start":{"line":760,"column":28},"end":{"line":760,"column":33}},"loc":{"start":{"line":760,"column":66},"end":{"line":781,"column":1}}},"57":{"name":"(anonymous_58)","decl":{"start":{"line":783,"column":28},"end":{"line":783,"column":33}},"loc":{"start":{"line":783,"column":66},"end":{"line":797,"column":1}}},"58":{"name":"(anonymous_59)","decl":{"start":{"line":799,"column":37},"end":{"line":799,"column":42}},"loc":{"start":{"line":799,"column":75},"end":{"line":862,"column":1}}},"59":{"name":"(anonymous_60)","decl":{"start":{"line":816,"column":20},"end":{"line":816,"column":21}},"loc":{"start":{"line":816,"column":35},"end":{"line":825,"column":3}}},"60":{"name":"(anonymous_61)","decl":{"start":{"line":827,"column":26},"end":{"line":827,"column":27}},"loc":{"start":{"line":827,"column":47},"end":{"line":835,"column":3}}},"61":{"name":"(anonymous_62)","decl":{"start":{"line":852,"column":10},"end":{"line":852,"column":11}},"loc":{"start":{"line":852,"column":21},"end":{"line":852,"column":59}}},"62":{"name":"(anonymous_63)","decl":{"start":{"line":853,"column":9},"end":{"line":853,"column":10}},"loc":{"start":{"line":853,"column":36},"end":{"line":853,"column":58}}}},"branchMap":{"0":{"loc":{"start":{"line":53,"column":33},"end":{"line":53,"column":44}},"type":"binary-expr","locations":[{"start":{"line":53,"column":33},"end":{"line":53,"column":38}},{"start":{"line":53,"column":42},"end":{"line":53,"column":44}}]},"1":{"loc":{"start":{"line":54,"column":35},"end":{"line":54,"column":48}},"type":"binary-expr","locations":[{"start":{"line":54,"column":35},"end":{"line":54,"column":42}},{"start":{"line":54,"column":46},"end":{"line":54,"column":48}}]},"2":{"loc":{"start":{"line":55,"column":2},"end":{"line":57,"column":3}},"type":"if","locations":[{"start":{"line":55,"column":2},"end":{"line":57,"column":3}}]},"3":{"loc":{"start":{"line":59,"column":2},"end":{"line":61,"column":3}},"type":"if","locations":[{"start":{"line":59,"column":2},"end":{"line":61,"column":3}}]},"4":{"loc":{"start":{"line":68,"column":28},"end":{"line":68,"column":37}},"type":"binary-expr","locations":[{"start":{"line":68,"column":28},"end":{"line":68,"column":31}},{"start":{"line":68,"column":35},"end":{"line":68,"column":37}}]},"5":{"loc":{"start":{"line":69,"column":2},"end":{"line":71,"column":3}},"type":"if","locations":[{"start":{"line":69,"column":2},"end":{"line":71,"column":3}}]},"6":{"loc":{"start":{"line":74,"column":2},"end":{"line":76,"column":3}},"type":"if","locations":[{"start":{"line":74,"column":2},"end":{"line":76,"column":3}}]},"7":{"loc":{"start":{"line":74,"column":6},"end":{"line":74,"column":60}},"type":"binary-expr","locations":[{"start":{"line":74,"column":6},"end":{"line":74,"column":26}},{"start":{"line":74,"column":30},"end":{"line":74,"column":43}},{"start":{"line":74,"column":47},"end":{"line":74,"column":60}}]},"8":{"loc":{"start":{"line":81,"column":28},"end":{"line":81,"column":37}},"type":"binary-expr","locations":[{"start":{"line":81,"column":28},"end":{"line":81,"column":31}},{"start":{"line":81,"column":35},"end":{"line":81,"column":37}}]},"9":{"loc":{"start":{"line":82,"column":2},"end":{"line":84,"column":3}},"type":"if","locations":[{"start":{"line":82,"column":2},"end":{"line":84,"column":3}}]},"10":{"loc":{"start":{"line":87,"column":2},"end":{"line":89,"column":3}},"type":"if","locations":[{"start":{"line":87,"column":2},"end":{"line":89,"column":3}}]},"11":{"loc":{"start":{"line":131,"column":25},"end":{"line":131,"column":44}},"type":"binary-expr","locations":[{"start":{"line":131,"column":25},"end":{"line":131,"column":38}},{"start":{"line":131,"column":42},"end":{"line":131,"column":44}}]},"12":{"loc":{"start":{"line":132,"column":4},"end":{"line":134,"column":5}},"type":"if","locations":[{"start":{"line":132,"column":4},"end":{"line":134,"column":5}}]},"13":{"loc":{"start":{"line":136,"column":40},"end":{"line":136,"column":65}},"type":"binary-expr","locations":[{"start":{"line":136,"column":40},"end":{"line":136,"column":59}},{"start":{"line":136,"column":63},"end":{"line":136,"column":65}}]},"14":{"loc":{"start":{"line":137,"column":4},"end":{"line":139,"column":5}},"type":"if","locations":[{"start":{"line":137,"column":4},"end":{"line":139,"column":5}}]},"15":{"loc":{"start":{"line":137,"column":8},"end":{"line":137,"column":84}},"type":"binary-expr","locations":[{"start":{"line":137,"column":8},"end":{"line":137,"column":43}},{"start":{"line":137,"column":47},"end":{"line":137,"column":84}}]},"16":{"loc":{"start":{"line":141,"column":21},"end":{"line":141,"column":78}},"type":"binary-expr","locations":[{"start":{"line":141,"column":21},"end":{"line":141,"column":65}},{"start":{"line":141,"column":69},"end":{"line":141,"column":78}}]},"17":{"loc":{"start":{"line":141,"column":28},"end":{"line":141,"column":57}},"type":"binary-expr","locations":[{"start":{"line":141,"column":28},"end":{"line":141,"column":44}},{"start":{"line":141,"column":48},"end":{"line":141,"column":57}}]},"18":{"loc":{"start":{"line":142,"column":30},"end":{"line":142,"column":73}},"type":"binary-expr","locations":[{"start":{"line":142,"column":30},"end":{"line":142,"column":48}},{"start":{"line":142,"column":52},"end":{"line":142,"column":60}},{"start":{"line":142,"column":64},"end":{"line":142,"column":73}}]},"19":{"loc":{"start":{"line":144,"column":19},"end":{"line":148,"column":6}},"type":"binary-expr","locations":[{"start":{"line":144,"column":19},"end":{"line":144,"column":41}},{"start":{"line":144,"column":45},"end":{"line":148,"column":6}}]},"20":{"loc":{"start":{"line":190,"column":25},"end":{"line":190,"column":48}},"type":"binary-expr","locations":[{"start":{"line":190,"column":25},"end":{"line":190,"column":42}},{"start":{"line":190,"column":46},"end":{"line":190,"column":48}}]},"21":{"loc":{"start":{"line":191,"column":2},"end":{"line":193,"column":3}},"type":"if","locations":[{"start":{"line":191,"column":2},"end":{"line":193,"column":3}}]},"22":{"loc":{"start":{"line":195,"column":19},"end":{"line":195,"column":71}},"type":"binary-expr","locations":[{"start":{"line":195,"column":19},"end":{"line":195,"column":58}},{"start":{"line":195,"column":62},"end":{"line":195,"column":71}}]},"23":{"loc":{"start":{"line":195,"column":26},"end":{"line":195,"column":50}},"type":"binary-expr","locations":[{"start":{"line":195,"column":26},"end":{"line":195,"column":44}},{"start":{"line":195,"column":48},"end":{"line":195,"column":50}}]},"24":{"loc":{"start":{"line":196,"column":34},"end":{"line":196,"column":55}},"type":"binary-expr","locations":[{"start":{"line":196,"column":34},"end":{"line":196,"column":49}},{"start":{"line":196,"column":53},"end":{"line":196,"column":55}}]},"25":{"loc":{"start":{"line":197,"column":20},"end":{"line":197,"column":73}},"type":"binary-expr","locations":[{"start":{"line":197,"column":20},"end":{"line":197,"column":60}},{"start":{"line":197,"column":64},"end":{"line":197,"column":73}}]},"26":{"loc":{"start":{"line":197,"column":27},"end":{"line":197,"column":52}},"type":"binary-expr","locations":[{"start":{"line":197,"column":27},"end":{"line":197,"column":46}},{"start":{"line":197,"column":50},"end":{"line":197,"column":52}}]},"27":{"loc":{"start":{"line":198,"column":18},"end":{"line":198,"column":69}},"type":"binary-expr","locations":[{"start":{"line":198,"column":18},"end":{"line":198,"column":56}},{"start":{"line":198,"column":60},"end":{"line":198,"column":69}}]},"28":{"loc":{"start":{"line":198,"column":25},"end":{"line":198,"column":48}},"type":"binary-expr","locations":[{"start":{"line":198,"column":25},"end":{"line":198,"column":42}},{"start":{"line":198,"column":46},"end":{"line":198,"column":48}}]},"29":{"loc":{"start":{"line":216,"column":20},"end":{"line":224,"column":6}},"type":"binary-expr","locations":[{"start":{"line":216,"column":20},"end":{"line":216,"column":37}},{"start":{"line":216,"column":20},"end":{"line":224,"column":6}}]},"30":{"loc":{"start":{"line":279,"column":6},"end":{"line":279,"column":20}},"type":"binary-expr","locations":[{"start":{"line":279,"column":6},"end":{"line":279,"column":14}},{"start":{"line":279,"column":18},"end":{"line":279,"column":20}}]},"31":{"loc":{"start":{"line":281,"column":6},"end":{"line":281,"column":21}},"type":"binary-expr","locations":[{"start":{"line":281,"column":6},"end":{"line":281,"column":15}},{"start":{"line":281,"column":19},"end":{"line":281,"column":21}}]},"32":{"loc":{"start":{"line":282,"column":36},"end":{"line":282,"column":49}},"type":"binary-expr","locations":[{"start":{"line":282,"column":36},"end":{"line":282,"column":43}},{"start":{"line":282,"column":47},"end":{"line":282,"column":49}}]},"33":{"loc":{"start":{"line":287,"column":25},"end":{"line":287,"column":48}},"type":"binary-expr","locations":[{"start":{"line":287,"column":25},"end":{"line":287,"column":42}},{"start":{"line":287,"column":46},"end":{"line":287,"column":48}}]},"34":{"loc":{"start":{"line":288,"column":2},"end":{"line":290,"column":3}},"type":"if","locations":[{"start":{"line":288,"column":2},"end":{"line":290,"column":3}}]},"35":{"loc":{"start":{"line":305,"column":2},"end":{"line":307,"column":3}},"type":"if","locations":[{"start":{"line":305,"column":2},"end":{"line":307,"column":3}}]},"36":{"loc":{"start":{"line":311,"column":2},"end":{"line":313,"column":3}},"type":"if","locations":[{"start":{"line":311,"column":2},"end":{"line":313,"column":3}}]},"37":{"loc":{"start":{"line":319,"column":2},"end":{"line":321,"column":3}},"type":"if","locations":[{"start":{"line":319,"column":2},"end":{"line":321,"column":3}}]},"38":{"loc":{"start":{"line":324,"column":2},"end":{"line":326,"column":3}},"type":"if","locations":[{"start":{"line":324,"column":2},"end":{"line":326,"column":3}}]},"39":{"loc":{"start":{"line":339,"column":25},"end":{"line":339,"column":48}},"type":"binary-expr","locations":[{"start":{"line":339,"column":25},"end":{"line":339,"column":42}},{"start":{"line":339,"column":46},"end":{"line":339,"column":48}}]},"40":{"loc":{"start":{"line":340,"column":2},"end":{"line":342,"column":3}},"type":"if","locations":[{"start":{"line":340,"column":2},"end":{"line":342,"column":3}}]},"41":{"loc":{"start":{"line":343,"column":19},"end":{"line":343,"column":71}},"type":"binary-expr","locations":[{"start":{"line":343,"column":19},"end":{"line":343,"column":58}},{"start":{"line":343,"column":62},"end":{"line":343,"column":71}}]},"42":{"loc":{"start":{"line":343,"column":26},"end":{"line":343,"column":50}},"type":"binary-expr","locations":[{"start":{"line":343,"column":26},"end":{"line":343,"column":44}},{"start":{"line":343,"column":48},"end":{"line":343,"column":50}}]},"43":{"loc":{"start":{"line":344,"column":42},"end":{"line":344,"column":67}},"type":"binary-expr","locations":[{"start":{"line":344,"column":42},"end":{"line":344,"column":61}},{"start":{"line":344,"column":65},"end":{"line":344,"column":67}}]},"44":{"loc":{"start":{"line":345,"column":2},"end":{"line":347,"column":3}},"type":"if","locations":[{"start":{"line":345,"column":2},"end":{"line":347,"column":3}}]},"45":{"loc":{"start":{"line":360,"column":61},"end":{"line":360,"column":79}},"type":"binary-expr","locations":[{"start":{"line":360,"column":61},"end":{"line":360,"column":74}},{"start":{"line":360,"column":78},"end":{"line":360,"column":79}}]},"46":{"loc":{"start":{"line":372,"column":25},"end":{"line":372,"column":48}},"type":"binary-expr","locations":[{"start":{"line":372,"column":25},"end":{"line":372,"column":42}},{"start":{"line":372,"column":46},"end":{"line":372,"column":48}}]},"47":{"loc":{"start":{"line":373,"column":2},"end":{"line":375,"column":3}},"type":"if","locations":[{"start":{"line":373,"column":2},"end":{"line":375,"column":3}}]},"48":{"loc":{"start":{"line":376,"column":19},"end":{"line":376,"column":71}},"type":"binary-expr","locations":[{"start":{"line":376,"column":19},"end":{"line":376,"column":58}},{"start":{"line":376,"column":62},"end":{"line":376,"column":71}}]},"49":{"loc":{"start":{"line":376,"column":26},"end":{"line":376,"column":50}},"type":"binary-expr","locations":[{"start":{"line":376,"column":26},"end":{"line":376,"column":44}},{"start":{"line":376,"column":48},"end":{"line":376,"column":50}}]},"50":{"loc":{"start":{"line":377,"column":42},"end":{"line":377,"column":67}},"type":"binary-expr","locations":[{"start":{"line":377,"column":42},"end":{"line":377,"column":61}},{"start":{"line":377,"column":65},"end":{"line":377,"column":67}}]},"51":{"loc":{"start":{"line":378,"column":2},"end":{"line":380,"column":3}},"type":"if","locations":[{"start":{"line":378,"column":2},"end":{"line":380,"column":3}}]},"52":{"loc":{"start":{"line":390,"column":27},"end":{"line":390,"column":58}},"type":"binary-expr","locations":[{"start":{"line":390,"column":27},"end":{"line":390,"column":52}},{"start":{"line":390,"column":56},"end":{"line":390,"column":58}}]},"53":{"loc":{"start":{"line":391,"column":4},"end":{"line":393,"column":5}},"type":"if","locations":[{"start":{"line":391,"column":4},"end":{"line":393,"column":5}}]},"54":{"loc":{"start":{"line":394,"column":19},"end":{"line":394,"column":79}},"type":"binary-expr","locations":[{"start":{"line":394,"column":19},"end":{"line":394,"column":38}},{"start":{"line":394,"column":42},"end":{"line":394,"column":79}}]},"55":{"loc":{"start":{"line":412,"column":42},"end":{"line":412,"column":67}},"type":"binary-expr","locations":[{"start":{"line":412,"column":42},"end":{"line":412,"column":61}},{"start":{"line":412,"column":65},"end":{"line":412,"column":67}}]},"56":{"loc":{"start":{"line":413,"column":2},"end":{"line":415,"column":3}},"type":"if","locations":[{"start":{"line":413,"column":2},"end":{"line":415,"column":3}}]},"57":{"loc":{"start":{"line":416,"column":34},"end":{"line":416,"column":57}},"type":"binary-expr","locations":[{"start":{"line":416,"column":34},"end":{"line":416,"column":49}},{"start":{"line":416,"column":53},"end":{"line":416,"column":57}}]},"58":{"loc":{"start":{"line":424,"column":30},"end":{"line":424,"column":53}},"type":"binary-expr","locations":[{"start":{"line":424,"column":30},"end":{"line":424,"column":45}},{"start":{"line":424,"column":49},"end":{"line":424,"column":53}}]},"59":{"loc":{"start":{"line":425,"column":2},"end":{"line":427,"column":3}},"type":"if","locations":[{"start":{"line":425,"column":2},"end":{"line":427,"column":3}}]},"60":{"loc":{"start":{"line":425,"column":6},"end":{"line":425,"column":38}},"type":"binary-expr","locations":[{"start":{"line":425,"column":6},"end":{"line":425,"column":25}},{"start":{"line":425,"column":29},"end":{"line":425,"column":38}}]},"61":{"loc":{"start":{"line":430,"column":42},"end":{"line":430,"column":67}},"type":"binary-expr","locations":[{"start":{"line":430,"column":42},"end":{"line":430,"column":61}},{"start":{"line":430,"column":65},"end":{"line":430,"column":67}}]},"62":{"loc":{"start":{"line":431,"column":2},"end":{"line":433,"column":3}},"type":"if","locations":[{"start":{"line":431,"column":2},"end":{"line":433,"column":3}}]},"63":{"loc":{"start":{"line":457,"column":69},"end":{"line":457,"column":87}},"type":"binary-expr","locations":[{"start":{"line":457,"column":69},"end":{"line":457,"column":82}},{"start":{"line":457,"column":86},"end":{"line":457,"column":87}}]},"64":{"loc":{"start":{"line":468,"column":16},"end":{"line":468,"column":57}},"type":"binary-expr","locations":[{"start":{"line":468,"column":16},"end":{"line":468,"column":45}},{"start":{"line":468,"column":49},"end":{"line":468,"column":57}}]},"65":{"loc":{"start":{"line":468,"column":16},"end":{"line":468,"column":45}},"type":"cond-expr","locations":[{"start":{"line":468,"column":25},"end":{"line":468,"column":27}},{"start":{"line":468,"column":25},"end":{"line":468,"column":45}}]},"66":{"loc":{"start":{"line":468,"column":16},"end":{"line":468,"column":27}},"type":"binary-expr","locations":[{"start":{"line":468,"column":16},"end":{"line":468,"column":27}},{"start":{"line":468,"column":25},"end":{"line":468,"column":27}}]},"67":{"loc":{"start":{"line":477,"column":25},"end":{"line":477,"column":48}},"type":"binary-expr","locations":[{"start":{"line":477,"column":25},"end":{"line":477,"column":42}},{"start":{"line":477,"column":46},"end":{"line":477,"column":48}}]},"68":{"loc":{"start":{"line":478,"column":26},"end":{"line":478,"column":50}},"type":"binary-expr","locations":[{"start":{"line":478,"column":26},"end":{"line":478,"column":44}},{"start":{"line":478,"column":48},"end":{"line":478,"column":50}}]},"69":{"loc":{"start":{"line":479,"column":2},"end":{"line":481,"column":3}},"type":"if","locations":[{"start":{"line":479,"column":2},"end":{"line":481,"column":3}}]},"70":{"loc":{"start":{"line":482,"column":2},"end":{"line":484,"column":3}},"type":"if","locations":[{"start":{"line":482,"column":2},"end":{"line":484,"column":3}}]},"71":{"loc":{"start":{"line":486,"column":42},"end":{"line":486,"column":67}},"type":"binary-expr","locations":[{"start":{"line":486,"column":42},"end":{"line":486,"column":61}},{"start":{"line":486,"column":65},"end":{"line":486,"column":67}}]},"72":{"loc":{"start":{"line":487,"column":2},"end":{"line":489,"column":3}},"type":"if","locations":[{"start":{"line":487,"column":2},"end":{"line":489,"column":3}}]},"73":{"loc":{"start":{"line":496,"column":25},"end":{"line":496,"column":48}},"type":"binary-expr","locations":[{"start":{"line":496,"column":25},"end":{"line":496,"column":42}},{"start":{"line":496,"column":46},"end":{"line":496,"column":48}}]},"74":{"loc":{"start":{"line":497,"column":2},"end":{"line":499,"column":3}},"type":"if","locations":[{"start":{"line":497,"column":2},"end":{"line":499,"column":3}}]},"75":{"loc":{"start":{"line":501,"column":42},"end":{"line":501,"column":67}},"type":"binary-expr","locations":[{"start":{"line":501,"column":42},"end":{"line":501,"column":61}},{"start":{"line":501,"column":65},"end":{"line":501,"column":67}}]},"76":{"loc":{"start":{"line":502,"column":2},"end":{"line":504,"column":3}},"type":"if","locations":[{"start":{"line":502,"column":2},"end":{"line":504,"column":3}}]},"77":{"loc":{"start":{"line":506,"column":32},"end":{"line":506,"column":57}},"type":"binary-expr","locations":[{"start":{"line":506,"column":32},"end":{"line":506,"column":51}},{"start":{"line":506,"column":55},"end":{"line":506,"column":57}}]},"78":{"loc":{"start":{"line":507,"column":29},"end":{"line":512,"column":8}},"type":"cond-expr","locations":[{"start":{"line":508,"column":6},"end":{"line":511,"column":24}},{"start":{"line":512,"column":6},"end":{"line":512,"column":8}}]},"79":{"loc":{"start":{"line":516,"column":20},"end":{"line":516,"column":87}},"type":"cond-expr","locations":[{"start":{"line":516,"column":48},"end":{"line":516,"column":66}},{"start":{"line":516,"column":69},"end":{"line":516,"column":87}}]},"80":{"loc":{"start":{"line":532,"column":25},"end":{"line":532,"column":48}},"type":"binary-expr","locations":[{"start":{"line":532,"column":25},"end":{"line":532,"column":42}},{"start":{"line":532,"column":46},"end":{"line":532,"column":48}}]},"81":{"loc":{"start":{"line":533,"column":2},"end":{"line":535,"column":3}},"type":"if","locations":[{"start":{"line":533,"column":2},"end":{"line":535,"column":3}}]},"82":{"loc":{"start":{"line":537,"column":42},"end":{"line":537,"column":67}},"type":"binary-expr","locations":[{"start":{"line":537,"column":42},"end":{"line":537,"column":61}},{"start":{"line":537,"column":65},"end":{"line":537,"column":67}}]},"83":{"loc":{"start":{"line":538,"column":2},"end":{"line":540,"column":3}},"type":"if","locations":[{"start":{"line":538,"column":2},"end":{"line":540,"column":3}}]},"84":{"loc":{"start":{"line":542,"column":19},"end":{"line":542,"column":71}},"type":"binary-expr","locations":[{"start":{"line":542,"column":19},"end":{"line":542,"column":58}},{"start":{"line":542,"column":62},"end":{"line":542,"column":71}}]},"85":{"loc":{"start":{"line":542,"column":26},"end":{"line":542,"column":50}},"type":"binary-expr","locations":[{"start":{"line":542,"column":26},"end":{"line":542,"column":44}},{"start":{"line":542,"column":48},"end":{"line":542,"column":50}}]},"86":{"loc":{"start":{"line":551,"column":27},"end":{"line":551,"column":58}},"type":"binary-expr","locations":[{"start":{"line":551,"column":27},"end":{"line":551,"column":52}},{"start":{"line":551,"column":56},"end":{"line":551,"column":58}}]},"87":{"loc":{"start":{"line":552,"column":4},"end":{"line":552,"column":27}},"type":"if","locations":[{"start":{"line":552,"column":4},"end":{"line":552,"column":27}}]},"88":{"loc":{"start":{"line":553,"column":19},"end":{"line":553,"column":79}},"type":"binary-expr","locations":[{"start":{"line":553,"column":19},"end":{"line":553,"column":38}},{"start":{"line":553,"column":42},"end":{"line":553,"column":79}}]},"89":{"loc":{"start":{"line":588,"column":25},"end":{"line":588,"column":48}},"type":"binary-expr","locations":[{"start":{"line":588,"column":25},"end":{"line":588,"column":42}},{"start":{"line":588,"column":46},"end":{"line":588,"column":48}}]},"90":{"loc":{"start":{"line":589,"column":2},"end":{"line":591,"column":3}},"type":"if","locations":[{"start":{"line":589,"column":2},"end":{"line":591,"column":3}}]},"91":{"loc":{"start":{"line":593,"column":42},"end":{"line":593,"column":67}},"type":"binary-expr","locations":[{"start":{"line":593,"column":42},"end":{"line":593,"column":61}},{"start":{"line":593,"column":65},"end":{"line":593,"column":67}}]},"92":{"loc":{"start":{"line":594,"column":2},"end":{"line":596,"column":3}},"type":"if","locations":[{"start":{"line":594,"column":2},"end":{"line":596,"column":3}}]},"93":{"loc":{"start":{"line":598,"column":32},"end":{"line":598,"column":57}},"type":"binary-expr","locations":[{"start":{"line":598,"column":32},"end":{"line":598,"column":51}},{"start":{"line":598,"column":55},"end":{"line":598,"column":57}}]},"94":{"loc":{"start":{"line":599,"column":29},"end":{"line":604,"column":8}},"type":"cond-expr","locations":[{"start":{"line":600,"column":6},"end":{"line":603,"column":24}},{"start":{"line":604,"column":6},"end":{"line":604,"column":8}}]},"95":{"loc":{"start":{"line":608,"column":20},"end":{"line":608,"column":87}},"type":"cond-expr","locations":[{"start":{"line":608,"column":48},"end":{"line":608,"column":66}},{"start":{"line":608,"column":69},"end":{"line":608,"column":87}}]},"96":{"loc":{"start":{"line":637,"column":25},"end":{"line":637,"column":48}},"type":"binary-expr","locations":[{"start":{"line":637,"column":25},"end":{"line":637,"column":42}},{"start":{"line":637,"column":46},"end":{"line":637,"column":48}}]},"97":{"loc":{"start":{"line":638,"column":2},"end":{"line":640,"column":3}},"type":"if","locations":[{"start":{"line":638,"column":2},"end":{"line":640,"column":3}}]},"98":{"loc":{"start":{"line":642,"column":32},"end":{"line":642,"column":52}},"type":"binary-expr","locations":[{"start":{"line":642,"column":32},"end":{"line":642,"column":46}},{"start":{"line":642,"column":50},"end":{"line":642,"column":52}}]},"99":{"loc":{"start":{"line":643,"column":2},"end":{"line":645,"column":3}},"type":"if","locations":[{"start":{"line":643,"column":2},"end":{"line":645,"column":3}}]},"100":{"loc":{"start":{"line":647,"column":46},"end":{"line":647,"column":73}},"type":"binary-expr","locations":[{"start":{"line":647,"column":46},"end":{"line":647,"column":67}},{"start":{"line":647,"column":71},"end":{"line":647,"column":73}}]},"101":{"loc":{"start":{"line":654,"column":25},"end":{"line":654,"column":48}},"type":"binary-expr","locations":[{"start":{"line":654,"column":25},"end":{"line":654,"column":42}},{"start":{"line":654,"column":46},"end":{"line":654,"column":48}}]},"102":{"loc":{"start":{"line":655,"column":2},"end":{"line":657,"column":3}},"type":"if","locations":[{"start":{"line":655,"column":2},"end":{"line":657,"column":3}}]},"103":{"loc":{"start":{"line":659,"column":32},"end":{"line":659,"column":52}},"type":"binary-expr","locations":[{"start":{"line":659,"column":32},"end":{"line":659,"column":46}},{"start":{"line":659,"column":50},"end":{"line":659,"column":52}}]},"104":{"loc":{"start":{"line":660,"column":2},"end":{"line":662,"column":3}},"type":"if","locations":[{"start":{"line":660,"column":2},"end":{"line":662,"column":3}}]},"105":{"loc":{"start":{"line":664,"column":46},"end":{"line":664,"column":73}},"type":"binary-expr","locations":[{"start":{"line":664,"column":46},"end":{"line":664,"column":67}},{"start":{"line":664,"column":71},"end":{"line":664,"column":73}}]},"106":{"loc":{"start":{"line":665,"column":43},"end":{"line":665,"column":64}},"type":"binary-expr","locations":[{"start":{"line":665,"column":43},"end":{"line":665,"column":58}},{"start":{"line":665,"column":62},"end":{"line":665,"column":64}}]},"107":{"loc":{"start":{"line":666,"column":44},"end":{"line":666,"column":66}},"type":"binary-expr","locations":[{"start":{"line":666,"column":44},"end":{"line":666,"column":60}},{"start":{"line":666,"column":64},"end":{"line":666,"column":66}}]},"108":{"loc":{"start":{"line":728,"column":17},"end":{"line":728,"column":79}},"type":"binary-expr","locations":[{"start":{"line":728,"column":17},"end":{"line":728,"column":39}},{"start":{"line":728,"column":43},"end":{"line":728,"column":79}}]},"109":{"loc":{"start":{"line":729,"column":9},"end":{"line":729,"column":51}},"type":"cond-expr","locations":[{"start":{"line":729,"column":38},"end":{"line":729,"column":44}},{"start":{"line":729,"column":47},"end":{"line":729,"column":51}}]},"110":{"loc":{"start":{"line":734,"column":2},"end":{"line":734,"column":77}},"type":"if","locations":[{"start":{"line":734,"column":2},"end":{"line":734,"column":77}}]},"111":{"loc":{"start":{"line":734,"column":6},"end":{"line":734,"column":63}},"type":"binary-expr","locations":[{"start":{"line":734,"column":6},"end":{"line":734,"column":10}},{"start":{"line":734,"column":14},"end":{"line":734,"column":27}},{"start":{"line":734,"column":31},"end":{"line":734,"column":63}}]},"112":{"loc":{"start":{"line":735,"column":2},"end":{"line":735,"column":44}},"type":"if","locations":[{"start":{"line":735,"column":2},"end":{"line":735,"column":44}}]},"113":{"loc":{"start":{"line":742,"column":2},"end":{"line":749,"column":3}},"type":"if","locations":[{"start":{"line":742,"column":2},"end":{"line":749,"column":3}}]},"114":{"loc":{"start":{"line":743,"column":4},"end":{"line":747,"column":5}},"type":"if","locations":[{"start":{"line":743,"column":4},"end":{"line":747,"column":5}}]},"115":{"loc":{"start":{"line":743,"column":8},"end":{"line":743,"column":57}},"type":"binary-expr","locations":[{"start":{"line":743,"column":8},"end":{"line":743,"column":20}},{"start":{"line":743,"column":24},"end":{"line":743,"column":57}}]},"116":{"loc":{"start":{"line":761,"column":2},"end":{"line":765,"column":3}},"type":"if","locations":[{"start":{"line":761,"column":2},"end":{"line":765,"column":3}}]},"117":{"loc":{"start":{"line":761,"column":6},"end":{"line":761,"column":54}},"type":"binary-expr","locations":[{"start":{"line":761,"column":6},"end":{"line":761,"column":18}},{"start":{"line":761,"column":22},"end":{"line":761,"column":54}}]},"118":{"loc":{"start":{"line":767,"column":16},"end":{"line":767,"column":65}},"type":"binary-expr","locations":[{"start":{"line":767,"column":16},"end":{"line":767,"column":52}},{"start":{"line":767,"column":56},"end":{"line":767,"column":65}}]},"119":{"loc":{"start":{"line":767,"column":23},"end":{"line":767,"column":44}},"type":"binary-expr","locations":[{"start":{"line":767,"column":23},"end":{"line":767,"column":38}},{"start":{"line":767,"column":42},"end":{"line":767,"column":44}}]},"120":{"loc":{"start":{"line":767,"column":23},"end":{"line":767,"column":38}},"type":"cond-expr","locations":[{"start":{"line":767,"column":31},"end":{"line":767,"column":33}},{"start":{"line":767,"column":31},"end":{"line":767,"column":38}}]},"121":{"loc":{"start":{"line":767,"column":23},"end":{"line":767,"column":33}},"type":"binary-expr","locations":[{"start":{"line":767,"column":23},"end":{"line":767,"column":33}},{"start":{"line":767,"column":31},"end":{"line":767,"column":33}}]},"122":{"loc":{"start":{"line":785,"column":2},"end":{"line":792,"column":3}},"type":"if","locations":[{"start":{"line":785,"column":2},"end":{"line":792,"column":3}}]},"123":{"loc":{"start":{"line":786,"column":4},"end":{"line":788,"column":5}},"type":"if","locations":[{"start":{"line":786,"column":4},"end":{"line":788,"column":5}}]},"124":{"loc":{"start":{"line":786,"column":8},"end":{"line":786,"column":56}},"type":"binary-expr","locations":[{"start":{"line":786,"column":8},"end":{"line":786,"column":20}},{"start":{"line":786,"column":24},"end":{"line":786,"column":56}}]},"125":{"loc":{"start":{"line":800,"column":25},"end":{"line":800,"column":48}},"type":"binary-expr","locations":[{"start":{"line":800,"column":25},"end":{"line":800,"column":42}},{"start":{"line":800,"column":46},"end":{"line":800,"column":48}}]},"126":{"loc":{"start":{"line":801,"column":2},"end":{"line":803,"column":3}},"type":"if","locations":[{"start":{"line":801,"column":2},"end":{"line":803,"column":3}}]},"127":{"loc":{"start":{"line":805,"column":42},"end":{"line":805,"column":67}},"type":"binary-expr","locations":[{"start":{"line":805,"column":42},"end":{"line":805,"column":61}},{"start":{"line":805,"column":65},"end":{"line":805,"column":67}}]},"128":{"loc":{"start":{"line":806,"column":2},"end":{"line":808,"column":3}},"type":"if","locations":[{"start":{"line":806,"column":2},"end":{"line":808,"column":3}}]},"129":{"loc":{"start":{"line":810,"column":19},"end":{"line":810,"column":71}},"type":"binary-expr","locations":[{"start":{"line":810,"column":19},"end":{"line":810,"column":58}},{"start":{"line":810,"column":62},"end":{"line":810,"column":71}}]},"130":{"loc":{"start":{"line":810,"column":26},"end":{"line":810,"column":50}},"type":"binary-expr","locations":[{"start":{"line":810,"column":26},"end":{"line":810,"column":44}},{"start":{"line":810,"column":48},"end":{"line":810,"column":50}}]},"131":{"loc":{"start":{"line":817,"column":4},"end":{"line":822,"column":5}},"type":"if","locations":[{"start":{"line":817,"column":4},"end":{"l
[...]
":6},"end":{"line":291,"column":7}},"type":"if","locations":[{"start":{"line":289,"column":6},"end":{"line":291,"column":7}}]},"60":{"loc":{"start":{"line":289,"column":10},"end":{"line":289,"column":75}},"type":"binary-expr","locations":[{"start":{"line":289,"column":10},"end":{"line":289,"column":21}},{"start":{"line":289,"column":25},"end":{"line":289,"column":46}},{"start":{"line":289,"column":50},"end":{"line":289,"column":75}}]},"61":{"loc":{"start":{"line":293,"column":30},"end":{"line":293,"column":57}},"type":"binary-expr","locations":[{"start":{"line":293,"column":30},"end":{"line":293,"column":52}},{"start":{"line":293,"column":56},"end":{"line":293,"column":57}}]},"62":{"loc":{"start":{"line":294,"column":6},"end":{"line":297,"column":7}},"type":"if","locations":[{"start":{"line":294,"column":6},"end":{"line":297,"column":7}}]},"63":{"loc":{"start":{"line":296,"column":38},"end":{"line":296,"column":71}},"type":"binary-expr","locations":[{"start":{"line":296,"column":38},"end":{"line":296,"column":66}},{"start":{"line":296,"column":70},"end":{"line":296,"column":71}}]},"64":{"loc":{"start":{"line":307,"column":28},"end":{"line":307,"column":58}},"type":"cond-expr","locations":[{"start":{"line":307,"column":53},"end":{"line":307,"column":57}},{"start":{"line":307,"column":57},"end":{"line":307,"column":58}}]},"65":{"loc":{"start":{"line":307,"column":28},"end":{"line":307,"column":57}},"type":"binary-expr","locations":[{"start":{"line":307,"column":28},"end":{"line":307,"column":57}},{"start":{"line":307,"column":53},"end":{"line":307,"column":57}}]},"66":{"loc":{"start":{"line":315,"column":2},"end":{"line":317,"column":3}},"type":"if","locations":[{"start":{"line":315,"column":2},"end":{"line":317,"column":3}}]},"67":{"loc":{"start":{"line":322,"column":11},"end":{"line":322,"column":48}},"type":"cond-expr","locations":[{"start":{"line":322,"column":36},"end":{"line":322,"column":43}},{"start":{"line":322,"column":46},"end":{"line":322,"column":48}}]},"68":{"loc":{"start":{"line":330,"column":2},"end":{"line":332,"column":3}},"type":"if","locations":[{"start":{"line":330,"column":2},"end":{"line":332,"column":3}}]},"69":{"loc":{"start":{"line":330,"column":6},"end":{"line":330,"column":80}},"type":"binary-expr","locations":[{"start":{"line":330,"column":6},"end":{"line":330,"column":28}},{"start":{"line":330,"column":32},"end":{"line":330,"column":80}}]},"70":{"loc":{"start":{"line":335,"column":18},"end":{"line":335,"column":52}},"type":"binary-expr","locations":[{"start":{"line":335,"column":18},"end":{"line":335,"column":46}},{"start":{"line":335,"column":50},"end":{"line":335,"column":52}}]},"71":{"loc":{"start":{"line":336,"column":15},"end":{"line":336,"column":77}},"type":"binary-expr","locations":[{"start":{"line":336,"column":15},"end":{"line":336,"column":46}},{"start":{"line":336,"column":50},"end":{"line":336,"column":77}}]},"72":{"loc":{"start":{"line":340,"column":2},"end":{"line":344,"column":3}},"type":"if","locations":[{"start":{"line":340,"column":2},"end":{"line":344,"column":3}}]},"73":{"loc":{"start":{"line":340,"column":6},"end":{"line":340,"column":37}},"type":"binary-expr","locations":[{"start":{"line":340,"column":6},"end":{"line":340,"column":26}},{"start":{"line":340,"column":30},"end":{"line":340,"column":37}}]},"74":{"loc":{"start":{"line":353,"column":22},"end":{"line":353,"column":59}},"type":"cond-expr","locations":[{"start":{"line":353,"column":47},"end":{"line":353,"column":54}},{"start":{"line":353,"column":57},"end":{"line":353,"column":59}}]},"75":{"loc":{"start":{"line":377,"column":4},"end":{"line":377,"column":48}},"type":"if","locations":[{"start":{"line":377,"column":4},"end":{"line":377,"column":48}}]},"76":{"loc":{"start":{"line":378,"column":4},"end":{"line":378,"column":72}},"type":"if","locations":[{"start":{"line":378,"column":4},"end":{"line":378,"column":72}}]},"77":{"loc":{"start":{"line":378,"column":8},"end":{"line":378,"column":57}},"type":"binary-expr","locations":[{"start":{"line":378,"column":8},"end":{"line":378,"column":16}},{"start":{"line":378,"column":20},"end":{"line":378,"column":57}}]},"78":{"loc":{"start":{"line":388,"column":6},"end":{"line":391,"column":null}},"type":"cond-expr","locations":[{"start":{"line":389,"column":10},"end":{"line":389,"column":41}},{"start":{"line":390,"column":10},"end":{"line":391,"column":null}}]},"79":{"loc":{"start":{"line":391,"column":19},"end":{"line":391,"column":79}},"type":"binary-expr","locations":[{"start":{"line":391,"column":19},"end":{"line":391,"column":40}},{"start":{"line":391,"column":44},"end":{"line":391,"column":56}},{"start":{"line":391,"column":60},"end":{"line":391,"column":73}},{"start":{"line":391,"column":77},"end":{"line":391,"column":79}}]}},"s":{"0":11,"1":11,"2":11,"3":11,"4":11,"5":11,"6":11,"7":11,"8":11,"9":11,"10":11,"11":11,"12":11,"13":11,"14":11,"15":11,"16":11,"17":11,"18":5,"19":5,"20":11,"21":11,"22":11,"23":10,"24":10,"25":37,"26":36,"27":1,"28":1,"29":0,"30":1,"31":9,"32":1,"33":1,"34":1,"35":80,"36":13,"37":1,"38":12,"39":2,"40":10,"41":7,"42":2,"43":5,"44":5,"45":1,"46":4,"47":4,"48":4,"49":4,"50":6,"51":4,"52":0,"53":13,"54":13,"55":5,"56":8,"57":7,"58":1,"59":12,"60":12,"61":12,"62":1,"63":0,"64":0,"65":0,"66":0,"67":1,"68":0,"69":0,"70":0,"71":0,"72":1,"73":1,"74":0,"75":0,"76":0,"77":0,"78":0,"79":0,"80":0,"81":0,"82":0,"83":11,"84":11,"85":18,"86":18,"87":0,"88":18,"89":4,"90":4,"91":2,"92":2,"93":2,"94":4,"95":4,"96":0,"97":4,"98":4,"99":4,"100":4,"101":4,"102":0,"103":0,"104":0,"105":2,"106":2,"107":2,"108":2,"109":2,"110":2,"111":4,"112":4,"113":4,"114":8,"115":8,"116":2,"117":6,"118":6,"119":6,"120":6,"121":2,"122":2,"123":6,"124":4,"125":6,"126":4,"127":4,"128":0,"129":4,"130":4,"131":4,"132":4,"133":0,"134":25,"135":25,"136":20,"137":5,"138":5,"139":5,"140":5,"141":3,"142":3,"143":3,"144":2,"145":2,"146":2,"147":2,"148":1,"149":1,"150":1,"151":1,"152":1,"153":1,"154":1,"155":1,"156":1,"157":1,"158":1,"159":1,"160":1,"161":0,"162":1,"163":1,"164":16,"165":16,"166":16,"167":80,"168":80,"169":53,"170":27,"171":0,"172":27,"173":11,"174":11,"175":10,"176":10,"177":10,"178":11},"f":{"0":5,"1":10,"2":1,"3":80,"4":13,"5":7,"6":4,"7":13,"8":12,"9":1,"10":0,"11":11,"12":18,"13":4,"14":2,"15":2,"16":2,"17":6,"18":4,"19":6,"20":4,"21":25,"22":1,"23":1,"24":1,"25":0,"26":1,"27":16,"28":80,"29":11},"b":{"0":[11,11],"1":[0,5],"2":[5,5],"3":[2,3],"4":[0,10],"5":[10,10],"6":[0,10],"7":[10,10],"8":[0,10],"9":[10,10],"10":[0,10],"11":[10,10],"12":[36],"13":[37,1,1],"14":[0],"15":[0,1],"16":[1,0],"17":[80,0],"18":[80,0],"19":[80,0],"20":[1],"21":[2],"22":[2],"23":[1],"24":[4,2],"25":[2,2],"26":[4],"27":[0,0],"28":[13,5],"29":[5],"30":[7],"31":[8,7,6],"32":[12],"33":[0],"34":[0],"35":[0],"36":[0],"37":[1],"38":[1,1],"39":[0,0],"40":[0],"41":[0],"42":[0,0],"43":[0],"44":[0,0],"45":[18,0],"46":[0],"47":[4,0],"48":[0],"49":[4,0],"50":[4],"51":[4,0],"52":[4,2],"53":[0],"54":[0,0],"55":[4,0],"56":[0,0],"57":[0,0],"58":[8,0],"59":[2],"60":[8,8,6],"61":[6,6],"62":[6],"63":[6,6],"64":[6,0],"65":[6,6],"66":[0],"67":[4,0],"68":[20],"69":[25,20],"70":[5,2],"71":[5,5],"72":[3],"73":[5,2],"74":[1,0],"75":[53],"76":[0],"77":[27,3],"78":[1,9],"79":[9,0,0,0]}}
,"/Users/aaronsiew/SENG3011/news-sentiment-analyser/services/data-retrieval/src/services/charts.service.ts": {"path":"/Users/aaronsiew/SENG3011/news-sentiment-analyser/services/data-retrieval/src/services/charts.service.ts","statementMap":{"0":{"start":{"line":39,"column":0},"end":{"line":39,"column":16}},"1":{"start":{"line":51,"column":0},"end":{"line":51,"column":7}},"2":{"start":{"line":90,"column":0},"end":{"line":90,"column":7}},"3":{"start":{"line":118,"column":0},"end":{"line":118,"column":7}},"4":{"start":{"line":176,"column":0},"end":{"line":176,"column":7}},"5":{"start":{"line":219,"column":0},"end":{"line":219,"column":7}},"6":{"start":{"line":2,"column":0},"end":{"line":2,"column":56}},"7":{"start":{"line":3,"column":0},"end":{"line":3,"column":56}},"8":{"start":{"line":4,"column":0},"end":{"line":4,"column":null}},"9":{"start":{"line":34,"column":2},"end":{"line":34,"column":46}},"10":{"start":{"line":34,"column":28},"end":{"line":34,"column":46}},"11":{"start":{"line":35,"column":2},"end":{"line":35,"column":46}},"12":{"start":{"line":35,"column":28},"end":{"line":35,"column":46}},"13":{"start":{"line":36,"column":2},"end":{"line":36,"column":19}},"14":{"start":{"line":45,"column":2},"end":{"line":45,"column":28}},"15":{"start":{"line":45,"column":12},"end":{"line":45,"column":28}},"16":{"start":{"line":46,"column":17},"end":{"line":46,"column":41}},"17":{"start":{"line":47,"column":2},"end":{"line":47,"column":44}},"18":{"start":{"line":47,"column":28},"end":{"line":47,"column":44}},"19":{"start":{"line":48,"column":2},"end":{"line":48,"column":46}},"20":{"start":{"line":55,"column":18},"end":{"line":55,"column":57}},"21":{"start":{"line":56,"column":17},"end":{"line":56,"column":59}},"22":{"start":{"line":58,"column":51},"end":{"line":58,"column":53}},"23":{"start":{"line":59,"column":2},"end":{"line":70,"column":3}},"24":{"start":{"line":60,"column":20},"end":{"line":60,"column":33}},"25":{"start":{"line":61,"column":16},"end":{"line":61,"column":53}},"26":{"start":{"line":62,"column":20},"end":{"line":67,"column":6}},"27":{"start":{"line":68,"column":4},"end":{"line":68,"column":29}},"28":{"start":{"line":69,"column":4},"end":{"line":69,"column":67}},"29":{"start":{"line":72,"column":19},"end":{"line":84,"column":4}},"30":{"start":{"line":74,"column":6},"end":{"line":75,"column":41}},"31":{"start":{"line":74,"column":51},"end":{"line":74,"column":62}},"32":{"start":{"line":77,"column":4},"end":{"line":83,"column":6}},"33":{"start":{"line":86,"column":2},"end":{"line":86,"column":65}},"34":{"start":{"line":86,"column":26},"end":{"line":86,"column":63}},"35":{"start":{"line":87,"column":2},"end":{"line":87,"column":18}},"36":{"start":{"line":93,"column":18},"end":{"line":93,"column":47}},"37":{"start":{"line":94,"column":17},"end":{"line":94,"column":59}},"38":{"start":{"line":96,"column":56},"end":{"line":100,"column":4}},"39":{"start":{"line":102,"column":2},"end":{"line":105,"column":3}},"40":{"start":{"line":103,"column":18},"end":{"line":103,"column":76}},"41":{"start":{"line":104,"column":4},"end":{"line":104,"column":29}},"42":{"start":{"line":108,"column":4},"end":{"line":109,"column":24}},"43":{"start":{"line":108,"column":34},"end":{"line":108,"column":74}},"44":{"start":{"line":111,"column":2},"end":{"line":115,"column":4}},"45":{"start":{"line":122,"column":19},"end":{"line":122,"column":63}},"46":{"start":{"line":123,"column":17},"end":{"line":123,"column":62}},"47":{"start":{"line":123,"column":43},"end":{"line":123,"column":61}},"48":{"start":{"line":124,"column":17},"end":{"line":124,"column":67}},"49":{"start":{"line":124,"column":43},"end":{"line":124,"column":66}},"50":{"start":{"line":125,"column":17},"end":{"line":125,"column":76}},"51":{"start":{"line":125,"column":40},"end":{"line":125,"column":74}},"52":{"start":{"line":126,"column":18},"end":{"line":126,"column":35}},"53":{"start":{"line":128,"column":2},"end":{"line":173,"column":4}},"54":{"start":{"line":158,"column":44},"end":{"line":158,"column":68}},"55":{"start":{"line":179,"column":20},"end":{"line":179,"column":61}},"56":{"start":{"line":180,"column":18},"end":{"line":184,"column":4}},"57":{"start":{"line":185,"column":25},"end":{"line":185,"column":67}},"58":{"start":{"line":185,"column":51},"end":{"line":185,"column":66}},"59":{"start":{"line":186,"column":25},"end":{"line":186,"column":73}},"60":{"start":{"line":188,"column":17},"end":{"line":188,"column":59}},"61":{"start":{"line":188,"column":47},"end":{"line":188,"column":58}},"62":{"start":{"line":189,"column":17},"end":{"line":189,"column":59}},"63":{"start":{"line":189,"column":47},"end":{"line":189,"column":58}},"64":{"start":{"line":190,"column":17},"end":{"line":190,"column":59}},"65":{"start":{"line":190,"column":47},"end":{"line":190,"column":58}},"66":{"start":{"line":192,"column":2},"end":{"line":216,"column":4}},"67":{"start":{"line":224,"column":19},"end":{"line":231,"column":4}},"68":{"start":{"line":229,"column":6},"end":{"line":229,"column":40}},"69":{"start":{"line":233,"column":2},"end":{"line":233,"column":46}}},"fnMap":{"0":{"name":"toSentimentBucket","decl":{"start":{"line":33,"column":9},"end":{"line":33,"column":26}},"loc":{"start":{"line":33,"column":40},"end":{"line":37,"column":1}}},"1":{"name":"parseChartDimension","decl":{"start":{"line":39,"column":16},"end":{"line":39,"column":35}},"loc":{"start":{"line":43,"column":13},"end":{"line":49,"column":1}}},"2":{"name":"buildOutletRankings","decl":{"start":{"line":51,"column":22},"end":{"line":51,"column":41}},"loc":{"start":{"line":53,"column":19},"end":{"line":88,"column":1}}},"3":{"name":"(anonymous_4)","decl":{"start":{"line":72,"column":46},"end":{"line":72,"column":47}},"loc":{"start":{"line":72,"column":57},"end":{"line":84,"column":3}}},"4":{"name":"(anonymous_5)","decl":{"start":{"line":74,"column":35},"end":{"line":74,"column":36}},"loc":{"start":{"line":74,"column":51},"end":{"line":74,"column":62}}},"5":{"name":"(anonymous_6)","decl":{"start":{"line":86,"column":16},"end":{"line":86,"column":17}},"loc":{"start":{"line":86,"column":26},"end":{"line":86,"column":63}}},"6":{"name":"buildSentimentDistribution","decl":{"start":{"line":90,"column":22},"end":{"line":90,"column":48}},"loc":{"start":{"line":91,"column":17},"end":{"line":116,"column":1}}},"7":{"name":"(anonymous_8)","decl":{"start":{"line":108,"column":18},"end":{"line":108,"column":19}},"loc":{"start":{"line":108,"column":34},"end":{"line":108,"column":74}}},"8":{"name":"buildRankingsChartConfig","decl":{"start":{"line":118,"column":22},"end":{"line":118,"column":46}},"loc":{"start":{"line":120,"column":19},"end":{"line":174,"column":1}}},"9":{"name":"(anonymous_10)","decl":{"start":{"line":123,"column":30},"end":{"line":123,"column":31}},"loc":{"start":{"line":123,"column":43},"end":{"line":123,"column":61}}},"10":{"name":"(anonymous_11)","decl":{"start":{"line":124,"column":30},"end":{"line":124,"column":31}},"loc":{"start":{"line":124,"column":43},"end":{"line":124,"column":66}}},"11":{"name":"(anonymous_12)","decl":{"start":{"line":125,"column":28},"end":{"line":125,"column":29}},"loc":{"start":{"line":125,"column":40},"end":{"line":125,"column":74}}},"12":{"name":"(anonymous_13)","decl":{"start":{"line":158,"column":25},"end":{"line":158,"column":26}},"loc":{"start":{"line":158,"column":44},"end":{"line":158,"column":68}}},"13":{"name":"buildDistributionChartConfig","decl":{"start":{"line":176,"column":22},"end":{"line":176,"column":50}},"loc":{"start":{"line":177,"column":17},"end":{"line":217,"column":1}}},"14":{"name":"(anonymous_15)","decl":{"start":{"line":185,"column":40},"end":{"line":185,"column":41}},"loc":{"start":{"line":185,"column":51},"end":{"line":185,"column":66}}},"15":{"name":"(anonymous_16)","decl":{"start":{"line":188,"column":36},"end":{"line":188,"column":37}},"loc":{"start":{"line":188,"column":47},"end":{"line":188,"column":58}}},"16":{"name":"(anonymous_17)","decl":{"start":{"line":189,"column":36},"end":{"line":189,"column":37}},"loc":{"start":{"line":189,"column":47},"end":{"line":189,"column":58}}},"17":{"name":"(anonymous_18)","decl":{"start":{"line":190,"column":36},"end":{"line":190,"column":37}},"loc":{"start":{"line":190,"column":47},"end":{"line":190,"column":58}}},"18":{"name":"renderChartToPng","decl":{"start":{"line":219,"column":22},"end":{"line":219,"column":38}},"loc":{"start":{"line":222,"column":16},"end":{"line":234,"column":1}}},"19":{"name":"(anonymous_20)","decl":{"start":{"line":228,"column":19},"end":{"line":228,"column":20}},"loc":{"start":{"line":228,"column":31},"end":{"line":230,"column":5}}}},"branchMap":{"0":{"loc":{"start":{"line":34,"column":2},"end":{"line":34,"column":46}},"type":"if","locations":[{"start":{"line":34,"column":2},"end":{"line":34,"column":46}}]},"1":{"loc":{"start":{"line":35,"column":2},"end":{"line":35,"column":46}},"type":"if","locations":[{"start":{"line":35,"column":2},"end":{"line":35,"column":46}}]},"2":{"loc":{"start":{"line":45,"column":2},"end":{"line":45,"column":28}},"type":"if","locations":[{"start":{"line":45,"column":2},"end":{"line":45,"column":28}}]},"3":{"loc":{"start":{"line":47,"column":2},"end":{"line":47,"column":44}},"type":"if","locations":[{"start":{"line":47,"column":2},"end":{"line":47,"column":44}}]},"4":{"loc":{"start":{"line":61,"column":23},"end":{"line":61,"column":52}},"type":"binary-expr","locations":[{"start":{"line":61,"column":23},"end":{"line":61,"column":39}},{"start":{"line":61,"column":43},"end":{"line":61,"column":52}}]},"5":{"loc":{"start":{"line":62,"column":20},"end":{"line":67,"column":6}},"type":"binary-expr","locations":[{"start":{"line":62,"column":20},"end":{"line":62,"column":37}},{"start":{"line":62,"column":20},"end":{"line":67,"column":6}}]},"6":{"loc":{"start":{"line":63,"column":23},"end":{"line":63,"column":52}},"type":"binary-expr","locations":[{"start":{"line":63,"column":23},"end":{"line":63,"column":39}},{"start":{"line":63,"column":43},"end":{"line":63,"column":52}}]},"7":{"loc":{"start":{"line":64,"column":25},"end":{"line":64,"column":76}},"type":"binary-expr","locations":[{"start":{"line":64,"column":25},"end":{"line":64,"column":43}},{"start":{"line":64,"column":47},"end":{"line":64,"column":63}},{"start":{"line":64,"column":67},"end":{"line":64,"column":76}}]},"8":{"loc":{"start":{"line":69,"column":38},"end":{"line":69,"column":64}},"type":"binary-expr","locations":[{"start":{"line":69,"column":38},"end":{"line":69,"column":59}},{"start":{"line":69,"column":63},"end":{"line":69,"column":64}}]},"9":{"loc":{"start":{"line":75,"column":7},"end":{"line":75,"column":40}},"type":"binary-expr","locations":[{"start":{"line":75,"column":7},"end":{"line":75,"column":35}},{"start":{"line":75,"column":39},"end":{"line":75,"column":40}}]},"10":{"loc":{"start":{"line":108,"column":47},"end":{"line":108,"column":73}},"type":"binary-expr","locations":[{"start":{"line":108,"column":47},"end":{"line":108,"column":68}},{"start":{"line":108,"column":72},"end":{"line":108,"column":73}}]},"11":{"loc":{"start":{"line":109,"column":5},"end":{"line":109,"column":23}},"type":"binary-expr","locations":[{"start":{"line":109,"column":5},"end":{"line":109,"column":18}},{"start":{"line":109,"column":22},"end":{"line":109,"column":23}}]},"12":{"loc":{"start":{"line":125,"column":40},"end":{"line":125,"column":74}},"type":"cond-expr","locations":[{"start":{"line":125,"column":53},"end":{"line":125,"column":62}},{"start":{"line":125,"column":65},"end":{"line":125,"column":74}}]},"13":{"loc":{"start":{"line":150,"column":20},"end":{"line":160,"column":30}},"type":"cond-expr","locations":[{"start":{"line":151,"column":12},"end":{"line":159,"column":null}},{"start":{"line":160,"column":12},"end":{"line":160,"column":30}}]},"14":{"loc":{"start":{"line":186,"column":25},"end":{"line":186,"column":73}},"type":"cond-expr","locations":[{"start":{"line":186,"column":49},"end":{"line":186,"column":63}},{"start":{"line":186,"column":66},"end":{"line":186,"column":73}}]}},"s":{"0":7,"1":7,"2":7,"3":7,"4":7,"5":7,"6":7,"7":7,"8":7,"9":5,"10":3,"11":2,"12":0,"13":2,"14":9,"15":5,"16":4,"17":4,"18":1,"19":3,"20":5,"21":5,"22":5,"23":5,"24":4,"25":4,"26":4,"27":4,"28":4,"29":5,"30":4,"31":4,"32":4,"33":5,"34":0,"35":5,"36":2,"37":2,"38":2,"39":2,"40":1,"41":1,"42":2,"43":1,"44":2,"45":4,"46":4,"47":3,"48":4,"49":3,"50":4,"51":3,"52":4,"53":4,"54":2,"55":1,"56":1,"57":1,"58":3,"59":1,"60":1,"61":3,"62":1,"63":3,"64":1,"65":3,"66":1,"67":3,"68":3,"69":3},"f":{"0":5,"1":9,"2":5,"3":4,"4":4,"5":0,"6":2,"7":1,"8":4,"9":3,"10":3,"11":3,"12":2,"13":1,"14":3,"15":3,"16":3,"17":3,"18":3,"19":3},"b":{"0":[3],"1":[0],"2":[5],"3":[1],"4":[4,0],"5":[4,4],"6":[4,0],"7":[4,0,0],"8":[4,2],"9":[4,0],"10":[1,0],"11":[2,1],"12":[3,0],"13":[3,1],"14":[0,1]}}
}
