TN:
SF:src/main.ts
FN:23,(anonymous_1)
FN:28,(anonymous_2)
FN:51,(anonymous_3)
FNF:3
FNH:1
FNDA:1,(anonymous_1)
FNDA:0,(anonymous_2)
FNDA:0,(anonymous_3)
DA:1,1
DA:2,1
DA:3,1
DA:4,1
DA:5,1
DA:6,1
DA:7,1
DA:8,1
DA:10,1
DA:12,1
DA:13,1
DA:14,1
DA:16,1
DA:17,1
DA:20,1
DA:23,1
DA:24,1
DA:28,1
DA:29,0
DA:32,1
DA:35,1
DA:36,1
DA:43,1
DA:46,1
DA:50,1
DA:52,0
LF:26
LH:24
BRDA:13,0,0,1
BRDA:13,0,1,1
BRDA:13,0,2,1
BRDA:50,1,0,0
BRDA:50,1,1,1
BRDA:50,2,0,1
BRDA:50,2,1,1
BRF:7
BRH:6
end_of_record
TN:
SF:src/config/load-environment.ts
FN:4,(anonymous_1)
FNF:1
FNH:1
FNDA:1,(anonymous_1)
DA:1,1
DA:2,1
DA:4,1
DA:5,1
DA:11,1
DA:12,2
LF:6
LH:6
BRF:0
BRH:0
end_of_record
TN:
SF:src/controllers/charts.controller.ts
FN:9,getKeyword
FN:13,getSourceId
FN:18,validateKeyword
FN:26,(anonymous_3)
FN:37,(anonymous_4)
FN:47,(anonymous_5)
FN:64,(anonymous_6)
FNF:7
FNH:7
FNDA:6,getKeyword
FNDA:2,getSourceId
FNDA:6,validateKeyword
FNDA:2,(anonymous_3)
FNDA:1,(anonymous_4)
FNDA:2,(anonymous_5)
FNDA:1,(anonymous_6)
DA:2,1
DA:10,6
DA:14,2
DA:15,2
DA:19,6
DA:20,2
DA:22,4
DA:23,4
DA:26,1
DA:27,2
DA:28,2
DA:29,1
DA:32,1
DA:33,1
DA:34,1
DA:37,1
DA:38,1
DA:39,1
DA:40,1
DA:43,0
DA:44,0
DA:47,1
DA:48,2
DA:49,2
DA:50,1
DA:53,1
DA:54,1
DA:55,1
DA:56,1
DA:57,1
DA:59,1
DA:60,1
DA:61,1
DA:64,1
DA:65,1
DA:66,1
DA:67,1
DA:70,0
DA:71,0
DA:72,0
DA:73,0
DA:75,0
DA:76,0
DA:77,0
LF:44
LH:35
BRDA:10,0,0,6
BRDA:10,0,1,4
BRDA:14,1,0,2
BRDA:14,1,1,2
BRDA:15,2,0,2
BRDA:15,2,1,2
BRDA:19,3,0,2
BRDA:28,4,0,1
BRDA:39,5,0,1
BRDA:49,6,0,1
BRDA:54,7,0,1
BRDA:54,7,1,1
BRDA:55,8,0,1
BRDA:55,8,1,1
BRDA:66,9,0,1
BRDA:70,10,0,0
BRDA:70,10,1,0
BRDA:71,11,0,0
BRDA:71,11,1,0
BRF:19
BRH:15
end_of_record
TN:
SF:src/controllers/retrieval.controller.ts
FN:48,escapeRegExp
FN:52,titleContainsKeyword
FN:67,parseYear
FN:80,parseSourceLimit
FN:114,buildMonthlyMentionsBySourceChartPayload
FN:156,(anonymous_6)
FN:159,(anonymous_7)
FN:167,(anonymous_8)
FN:184,(anonymous_9)
FN:189,(anonymous_10)
FN:236,(anonymous_11)
FN:244,(anonymous_12)
FN:248,(anonymous_13)
FN:252,(anonymous_14)
FN:258,(anonymous_15)
FN:261,(anonymous_16)
FN:263,(anonymous_17)
FN:286,(anonymous_18)
FN:293,(anonymous_19)
FN:303,(anonymous_20)
FN:310,(anonymous_21)
FN:317,(anonymous_22)
FN:323,(anonymous_23)
FN:338,(anonymous_24)
FN:355,(anonymous_25)
FN:360,(anonymous_26)
FN:371,(anonymous_27)
FN:401,(anonymous_28)
FN:402,(anonymous_29)
FN:411,(anonymous_30)
FN:423,(anonymous_31)
FN:439,(anonymous_32)
FN:449,(anonymous_33)
FN:457,(anonymous_34)
FN:476,(anonymous_35)
FN:495,(anonymous_36)
FN:510,(anonymous_37)
FN:515,(anonymous_38)
FN:527,(anonymous_39)
FN:531,(anonymous_40)
FN:559,(anonymous_41)
FN:560,(anonymous_42)
FN:561,(anonymous_43)
FN:564,(anonymous_44)
FN:587,(anonymous_45)
FN:602,(anonymous_46)
FN:607,(anonymous_47)
FN:615,(anonymous_48)
FN:619,(anonymous_49)
FN:623,(anonymous_50)
FN:628,(anonymous_51)
FN:636,(anonymous_52)
FN:653,(anonymous_53)
FN:727,getApiKeyFromRequest
FN:732,validateApiKey
FN:740,(anonymous_56)
FN:760,(anonymous_57)
FN:783,(anonymous_58)
FN:799,(anonymous_59)
FN:816,(anonymous_60)
FN:827,(anonymous_61)
FN:852,(anonymous_62)
FN:853,(anonymous_63)
FNF:63
FNH:53
FNDA:10,escapeRegExp
FNDA:15,titleContainsKeyword
FNDA:4,parseYear
FNDA:3,parseSourceLimit
FNDA:3,buildMonthlyMentionsBySourceChartPayload
FNDA:2,(anonymous_6)
FNDA:5,(anonymous_7)
FNDA:5,(anonymous_8)
FNDA:1,(anonymous_9)
FNDA:2,(anonymous_10)
FNDA:1,(anonymous_11)
FNDA:1,(anonymous_12)
FNDA:1,(anonymous_13)
FNDA:1,(anonymous_14)
FNDA:0,(anonymous_15)
FNDA:0,(anonymous_16)
FNDA:1,(anonymous_17)
FNDA:1,(anonymous_18)
FNDA:1,(anonymous_19)
FNDA:2,(anonymous_20)
FNDA:6,(anonymous_21)
FNDA:1,(anonymous_22)
FNDA:1,(anonymous_23)
FNDA:3,(anonymous_24)
FNDA:1,(anonymous_25)
FNDA:1,(anonymous_26)
FNDA:0,(anonymous_27)
FNDA:0,(anonymous_28)
FNDA:0,(anonymous_29)
FNDA:1,(anonymous_30)
FNDA:1,(anonymous_31)
FNDA:2,(anonymous_32)
FNDA:3,(anonymous_33)
FNDA:3,(anonymous_34)
FNDA:2,(anonymous_35)
FNDA:1,(anonymous_36)
FNDA:0,(anonymous_37)
FNDA:1,(anonymous_38)
FNDA:0,(anonymous_39)
FNDA:1,(anonymous_40)
FNDA:0,(anonymous_41)
FNDA:1,(anonymous_42)
FNDA:1,(anonymous_43)
FNDA:1,(anonymous_44)
FNDA:1,(anonymous_45)
FNDA:0,(anonymous_46)
FNDA:1,(anonymous_47)
FNDA:0,(anonymous_48)
FNDA:1,(anonymous_49)
FNDA:1,(anonymous_50)
FNDA:1,(anonymous_51)
FNDA:3,(anonymous_52)
FNDA:1,(anonymous_53)
FNDA:3,getApiKeyFromRequest
FNDA:3,validateApiKey
FNDA:2,(anonymous_56)
FNDA:1,(anonymous_57)
FNDA:1,(anonymous_58)
FNDA:1,(anonymous_59)
FNDA:9,(anonymous_60)
FNDA:8,(anonymous_61)
FNDA:7,(anonymous_62)
FNDA:8,(anonymous_63)
DA:1,1
DA:4,1
DA:18,1
DA:20,1
DA:35,1
DA:49,10
DA:53,15
DA:54,15
DA:55,15
DA:56,0
DA:59,15
DA:60,5
DA:63,10
DA:64,10
DA:68,4
DA:69,4
DA:70,0
DA:73,4
DA:74,4
DA:75,1
DA:77,3
DA:81,3
DA:82,3
DA:83,0
DA:86,3
DA:87,3
DA:88,0
DA:90,3
DA:119,3
DA:121,3
DA:130,3
DA:131,15
DA:132,15
DA:133,8
DA:136,7
DA:137,7
DA:138,0
DA:141,7
DA:142,7
DA:143,7
DA:144,7
DA:150,7
DA:151,7
DA:152,7
DA:155,3
DA:156,2
DA:159,5
DA:167,5
DA:169,3
DA:184,1
DA:185,1
DA:189,1
DA:190,2
DA:191,2
DA:192,1
DA:195,1
DA:196,1
DA:197,1
DA:198,1
DA:200,1
DA:207,1
DA:211,1
DA:212,1
DA:213,1
DA:214,1
DA:215,1
DA:216,1
DA:225,1
DA:226,1
DA:227,1
DA:228,1
DA:229,1
DA:233,1
DA:234,1
DA:236,1
DA:238,1
DA:244,1
DA:248,1
DA:252,1
DA:258,1
DA:260,1
DA:261,0
DA:263,1
DA:273,1
DA:286,1
DA:287,1
DA:288,1
DA:289,0
DA:292,1
DA:293,1
DA:300,1
DA:303,1
DA:304,2
DA:305,2
DA:306,0
DA:309,2
DA:310,6
DA:311,2
DA:312,1
DA:314,1
DA:317,1
DA:318,1
DA:319,1
DA:320,0
DA:322,1
DA:323,1
DA:324,1
DA:325,0
DA:327,1
DA:328,1
DA:329,1
DA:338,1
DA:339,3
DA:340,3
DA:341,1
DA:343,2
DA:344,2
DA:345,2
DA:346,0
DA:349,2
DA:353,2
DA:354,2
DA:355,2
DA:356,1
DA:357,1
DA:360,2
DA:361,2
DA:371,1
DA:372,0
DA:373,0
DA:374,0
DA:376,0
DA:377,0
DA:378,0
DA:379,0
DA:382,0
DA:386,0
DA:388,0
DA:389,0
DA:390,0
DA:391,0
DA:392,0
DA:394,0
DA:395,0
DA:396,0
DA:397,0
DA:400,0
DA:401,0
DA:402,0
DA:408,0
DA:411,1
DA:412,1
DA:413,1
DA:414,0
DA:416,1
DA:418,1
DA:419,1
DA:420,1
DA:423,1
DA:424,1
DA:425,1
DA:426,0
DA:428,1
DA:430,1
DA:431,1
DA:432,0
DA:435,1
DA:436,1
DA:438,1
DA:439,2
DA:449,1
DA:454,3
DA:455,3
DA:457,3
DA:459,3
DA:460,3
DA:461,3
DA:462,3
DA:465,3
DA:476,1
DA:477,2
DA:478,2
DA:479,2
DA:480,0
DA:482,2
DA:483,1
DA:486,1
DA:487,1
DA:488,0
DA:491,1
DA:492,1
DA:495,1
DA:496,1
DA:497,1
DA:498,0
DA:501,1
DA:502,1
DA:503,0
DA:506,1
DA:507,1
DA:510,0
DA:514,1
DA:515,1
DA:516,1
DA:518,1
DA:519,1
DA:520,1
DA:523,1
DA:527,0
DA:531,1
DA:532,1
DA:533,1
DA:534,0
DA:537,1
DA:538,1
DA:539,0
DA:542,1
DA:543,1
DA:547,1
DA:549,1
DA:550,1
DA:551,1
DA:552,1
DA:553,1
DA:554,1
DA:555,1
DA:556,1
DA:559,1
DA:560,1
DA:561,1
DA:562,1
DA:564,1
DA:566,1
DA:587,1
DA:588,1
DA:589,1
DA:590,0
DA:593,1
DA:594,1
DA:595,0
DA:598,1
DA:599,1
DA:602,0
DA:606,1
DA:607,1
DA:608,1
DA:610,1
DA:611,1
DA:612,1
DA:615,1
DA:617,1
DA:619,1
DA:623,1
DA:628,1
DA:636,1
DA:637,3
DA:638,3
DA:639,0
DA:642,3
DA:643,3
DA:644,1
DA:647,2
DA:648,2
DA:650,2
DA:653,1
DA:654,1
DA:655,1
DA:656,0
DA:659,1
DA:660,1
DA:661,0
DA:664,1
DA:665,1
DA:666,1
DA:668,1
DA:670,1
DA:706,1
DA:707,1
DA:708,1
DA:709,1
DA:712,1
DA:725,1
DA:728,3
DA:729,3
DA:733,3
DA:734,3
DA:735,2
DA:736,2
DA:737,2
DA:740,1
DA:741,2
DA:742,2
DA:743,1
DA:744,1
DA:748,0
DA:751,1
DA:760,1
DA:761,1
DA:762,0
DA:767,1
DA:768,1
DA:769,1
DA:770,1
DA:771,1
DA:780,1
DA:783,1
DA:784,1
DA:785,1
DA:786,0
DA:787,0
DA:789,0
DA:794,1
DA:795,1
DA:796,1
DA:799,1
DA:800,1
DA:801,1
DA:802,0
DA:805,1
DA:806,1
DA:807,0
DA:810,1
DA:811,1
DA:813,1
DA:814,1
DA:816,1
DA:817,9
DA:819,0
DA:820,0
DA:821,0
DA:824,9
DA:827,1
DA:828,8
DA:829,8
DA:830,0
DA:831,0
DA:833,8
DA:834,8
DA:837,1
DA:838,1
DA:839,8
DA:842,1
DA:843,1
DA:844,1
DA:845,0
DA:847,1
DA:848,1
DA:851,1
DA:852,7
DA:853,8
DA:855,1
LF:351
LH:288
BRDA:53,0,0,15
BRDA:53,0,1,0
BRDA:54,1,0,15
BRDA:54,1,1,0
BRDA:55,2,0,0
BRDA:59,3,0,5
BRDA:68,4,0,4
BRDA:68,4,1,0
BRDA:69,5,0,0
BRDA:74,6,0,1
BRDA:74,7,0,4
BRDA:74,7,1,3
BRDA:74,7,2,3
BRDA:81,8,0,3
BRDA:81,8,1,0
BRDA:82,9,0,0
BRDA:87,10,0,0
BRDA:131,11,0,15
BRDA:131,11,1,0
BRDA:132,12,0,8
BRDA:136,13,0,7
BRDA:136,13,1,0
BRDA:137,14,0,0
BRDA:137,15,0,7
BRDA:137,15,1,7
BRDA:141,16,0,7
BRDA:141,16,1,0
BRDA:141,17,0,7
BRDA:141,17,1,0
BRDA:142,18,0,7
BRDA:142,18,1,0
BRDA:142,18,2,0
BRDA:144,19,0,7
BRDA:144,19,1,5
BRDA:190,20,0,2
BRDA:190,20,1,1
BRDA:191,21,0,1
BRDA:195,22,0,1
BRDA:195,22,1,1
BRDA:195,23,0,1
BRDA:195,23,1,1
BRDA:196,24,0,1
BRDA:196,24,1,1
BRDA:197,25,0,1
BRDA:197,25,1,1
BRDA:197,26,0,1
BRDA:197,26,1,1
BRDA:198,27,0,1
BRDA:198,27,1,1
BRDA:198,28,0,1
BRDA:198,28,1,1
BRDA:216,29,0,1
BRDA:216,29,1,1
BRDA:279,30,0,1
BRDA:279,30,1,1
BRDA:281,31,0,1
BRDA:281,31,1,1
BRDA:282,32,0,1
BRDA:282,32,1,1
BRDA:287,33,0,1
BRDA:287,33,1,0
BRDA:288,34,0,0
BRDA:305,35,0,0
BRDA:311,36,0,1
BRDA:319,37,0,0
BRDA:324,38,0,0
BRDA:339,39,0,3
BRDA:339,39,1,1
BRDA:340,40,0,1
BRDA:343,41,0,2
BRDA:343,41,1,2
BRDA:343,42,0,2
BRDA:343,42,1,2
BRDA:344,43,0,2
BRDA:344,43,1,2
BRDA:345,44,0,0
BRDA:360,45,0,2
BRDA:360,45,1,1
BRDA:372,46,0,0
BRDA:372,46,1,0
BRDA:373,47,0,0
BRDA:376,48,0,0
BRDA:376,48,1,0
BRDA:376,49,0,0
BRDA:376,49,1,0
BRDA:377,50,0,0
BRDA:377,50,1,0
BRDA:378,51,0,0
BRDA:390,52,0,0
BRDA:390,52,1,0
BRDA:391,53,0,0
BRDA:394,54,0,0
BRDA:394,54,1,0
BRDA:412,55,0,1
BRDA:412,55,1,0
BRDA:413,56,0,0
BRDA:416,57,0,1
BRDA:416,57,1,0
BRDA:424,58,0,1
BRDA:424,58,1,0
BRDA:425,59,0,0
BRDA:425,60,0,1
BRDA:425,60,1,1
BRDA:430,61,0,1
BRDA:430,61,1,1
BRDA:431,62,0,0
BRDA:457,63,0,3
BRDA:457,63,1,0
BRDA:468,64,0,3
BRDA:468,64,1,0
BRDA:468,65,0,0
BRDA:468,65,1,3
BRDA:468,66,0,3
BRDA:468,66,1,3
BRDA:477,67,0,2
BRDA:477,67,1,0
BRDA:478,68,0,2
BRDA:478,68,1,1
BRDA:479,69,0,0
BRDA:482,70,0,1
BRDA:486,71,0,1
BRDA:486,71,1,0
BRDA:487,72,0,0
BRDA:496,73,0,1
BRDA:496,73,1,0
BRDA:497,74,0,0
BRDA:501,75,0,1
BRDA:501,75,1,0
BRDA:502,76,0,0
BRDA:506,77,0,1
BRDA:506,77,1,1
BRDA:507,78,0,0
BRDA:507,78,1,1
BRDA:516,79,0,0
BRDA:516,79,1,1
BRDA:532,80,0,1
BRDA:532,80,1,0
BRDA:533,81,0,0
BRDA:537,82,0,1
BRDA:537,82,1,0
BRDA:538,83,0,0
BRDA:542,84,0,1
BRDA:542,84,1,1
BRDA:542,85,0,1
BRDA:542,85,1,1
BRDA:551,86,0,1
BRDA:551,86,1,0
BRDA:552,87,0,0
BRDA:553,88,0,1
BRDA:553,88,1,1
BRDA:588,89,0,1
BRDA:588,89,1,0
BRDA:589,90,0,0
BRDA:593,91,0,1
BRDA:593,91,1,0
BRDA:594,92,0,0
BRDA:598,93,0,1
BRDA:598,93,1,1
BRDA:599,94,0,0
BRDA:599,94,1,1
BRDA:608,95,0,0
BRDA:608,95,1,1
BRDA:637,96,0,3
BRDA:637,96,1,0
BRDA:638,97,0,0
BRDA:642,98,0,3
BRDA:642,98,1,0
BRDA:643,99,0,1
BRDA:647,100,0,2
BRDA:647,100,1,0
BRDA:654,101,0,1
BRDA:654,101,1,0
BRDA:655,102,0,0
BRDA:659,103,0,1
BRDA:659,103,1,0
BRDA:660,104,0,0
BRDA:664,105,0,1
BRDA:664,105,1,0
BRDA:665,106,0,1
BRDA:665,106,1,1
BRDA:666,107,0,1
BRDA:666,107,1,1
BRDA:728,108,0,3
BRDA:728,108,1,0
BRDA:729,109,0,3
BRDA:729,109,1,0
BRDA:734,110,0,1
BRDA:734,111,0,3
BRDA:734,111,1,3
BRDA:734,111,2,3
BRDA:735,112,0,0
BRDA:742,113,0,1
BRDA:743,114,0,1
BRDA:743,115,0,1
BRDA:743,115,1,1
BRDA:761,116,0,0
BRDA:761,117,0,1
BRDA:761,117,1,0
BRDA:767,118,0,1
BRDA:767,118,1,0
BRDA:767,119,0,1
BRDA:767,119,1,0
BRDA:767,120,0,0
BRDA:767,120,1,1
BRDA:767,121,0,1
BRDA:767,121,1,1
BRDA:785,122,0,0
BRDA:786,123,0,0
BRDA:786,124,0,0
BRDA:786,124,1,0
BRDA:800,125,0,1
BRDA:800,125,1,0
BRDA:801,126,0,0
BRDA:805,127,0,1
BRDA:805,127,1,1
BRDA:806,128,0,0
BRDA:810,129,0,1
BRDA:810,129,1,1
BRDA:810,130,0,1
BRDA:810,130,1,1
BRDA:817,131,0,0
BRDA:829,132,0,0
BRDA:843,133,0,1
BRDA:843,133,1,0
BRDA:844,134,0,0
BRDA:844,135,0,1
BRDA:844,135,1,1
BRDA:844,135,2,1
BRDA:848,136,0,1
BRDA:848,136,1,1
BRDA:852,137,0,0
BRDA:852,137,1,7
BRDA:852,138,0,7
BRDA:852,138,1,0
BRF:234
BRH:137
end_of_record
TN:
SF:src/routes/retrieval.routes.ts
FNF:0
FNH:0
DA:1,1
DA:2,1
DA:23,1
DA:30,1
DA:33,1
DA:36,1
DA:37,1
DA:38,1
DA:39,1
DA:40,1
DA:41,1
DA:44,1
DA:47,1
DA:48,1
DA:49,1
DA:50,1
DA:51,1
DA:52,1
DA:53,1
DA:54,1
DA:55,1
DA:56,1
DA:57,1
DA:60,1
DA:62,1
DA:63,1
DA:64,1
LF:27
LH:27
BRF:0
BRH:0
end_of_record
TN:
SF:src/services/articles.service.ts
FN:12,getStorageMode
FN:36,parsePrecomputedCompound
FN:60,scoresFromCompound
FN:72,buildMatchHaystack
FN:82,labelForCompound
FN:88,parseLimit
FN:97,resolveLocalFallbackPath
FN:119,parseTimeframe
FN:130,timeframeStartDate
FN:136,filterArticlesByDateRange
FN:164,(anonymous_11)
FN:179,filterArticlesByTimeframe
FN:181,(anonymous_13)
FN:190,deriveSourceUrl
FN:198,aggregateSources
FN:227,(anonymous_16)
FN:230,getTrendingKeywords
FN:307,(anonymous_18)
FN:308,(anonymous_19)
FN:310,(anonymous_20)
FN:313,loadLocalFallback
FN:328,loadCleanArticles
FN:363,streamToString
FN:364,(anonymous_24)
FN:366,(anonymous_25)
FN:367,(anonymous_26)
FN:368,(anonymous_27)
FN:372,searchArticles
FN:375,(anonymous_29)
FN:383,computeSentimentForArticles
FNF:30
FNH:28
FNDA:5,getStorageMode
FNDA:10,parsePrecomputedCompound
FNDA:1,scoresFromCompound
FNDA:80,buildMatchHaystack
FNDA:13,labelForCompound
FNDA:7,parseLimit
FNDA:4,resolveLocalFallbackPath
FNDA:13,parseTimeframe
FNDA:12,timeframeStartDate
FNDA:1,filterArticlesByDateRange
FNDA:0,(anonymous_11)
FNDA:11,filterArticlesByTimeframe
FNDA:18,(anonymous_13)
FNDA:4,deriveSourceUrl
FNDA:2,aggregateSources
FNDA:2,(anonymous_16)
FNDA:2,getTrendingKeywords
FNDA:6,(anonymous_18)
FNDA:4,(anonymous_19)
FNDA:6,(anonymous_20)
FNDA:4,loadLocalFallback
FNDA:25,loadCleanArticles
FNDA:1,streamToString
FNDA:1,(anonymous_24)
FNDA:1,(anonymous_25)
FNDA:0,(anonymous_26)
FNDA:1,(anonymous_27)
FNDA:16,searchArticles
FNDA:80,(anonymous_29)
FNDA:11,computeSentimentForArticles
DA:2,11
DA:3,11
DA:4,11
DA:7,11
DA:9,11
DA:10,11
DA:13,5
DA:14,5
DA:27,11
DA:33,11
DA:34,11
DA:37,10
DA:44,10
DA:45,37
DA:46,36
DA:49,1
DA:50,1
DA:51,0
DA:54,1
DA:57,9
DA:61,1
DA:62,1
DA:64,1
DA:73,80
DA:83,13
DA:84,12
DA:85,10
DA:89,7
DA:90,2
DA:92,5
DA:93,5
DA:94,4
DA:98,4
DA:99,4
DA:110,4
DA:111,6
DA:112,4
DA:116,0
DA:120,13
DA:121,13
DA:122,5
DA:124,8
DA:125,7
DA:127,1
DA:131,12
DA:132,12
DA:133,12
DA:144,1
DA:145,0
DA:146,0
DA:147,0
DA:149,0
DA:152,1
DA:153,0
DA:154,0
DA:155,0
DA:157,0
DA:160,1
DA:161,1
DA:164,0
DA:165,0
DA:166,0
DA:167,0
DA:169,0
DA:170,0
DA:172,0
DA:173,0
DA:175,0
DA:180,11
DA:181,11
DA:182,18
DA:183,18
DA:184,0
DA:186,18
DA:191,4
DA:192,4
DA:194,2
DA:199,2
DA:201,2
DA:202,4
DA:203,4
DA:204,0
DA:207,4
DA:208,4
DA:210,4
DA:211,4
DA:218,4
DA:221,0
DA:222,0
DA:223,0
DA:227,2
DA:231,2
DA:276,2
DA:277,2
DA:279,2
DA:280,4
DA:281,4
DA:287,4
DA:288,8
DA:289,8
DA:290,2
DA:293,6
DA:294,6
DA:295,6
DA:296,6
DA:304,2
DA:306,2
DA:307,6
DA:308,4
DA:310,6
DA:314,4
DA:315,4
DA:316,0
DA:319,4
DA:320,4
DA:321,4
DA:322,4
DA:324,0
DA:329,25
DA:330,25
DA:331,20
DA:334,5
DA:335,5
DA:336,5
DA:340,5
DA:341,3
DA:342,3
DA:343,3
DA:346,2
DA:347,2
DA:348,2
DA:349,2
DA:351,1
DA:352,1
DA:353,1
DA:354,1
DA:355,1
DA:357,1
DA:358,1
DA:359,1
DA:364,1
DA:365,1
DA:366,1
DA:367,1
DA:368,1
DA:372,11
DA:373,16
DA:374,16
DA:375,16
DA:376,80
DA:377,80
DA:378,27
DA:379,27
DA:383,11
DA:384,11
DA:385,11
DA:386,10
DA:388,10
DA:393,10
DA:395,11
DA:399,11
DA:400,11
DA:401,11
DA:402,11
DA:403,11
DA:404,11
DA:405,11
DA:406,11
DA:407,11
DA:408,11
LF:170
LH:144
BRDA:10,0,0,11
BRDA:10,0,1,11
BRDA:13,1,0,0
BRDA:13,1,1,5
BRDA:13,2,0,5
BRDA:13,2,1,5
BRDA:14,3,0,2
BRDA:14,3,1,3
BRDA:38,4,0,0
BRDA:38,4,1,10
BRDA:38,5,0,10
BRDA:38,5,1,10
BRDA:39,6,0,0
BRDA:39,6,1,10
BRDA:39,7,0,10
BRDA:39,7,1,10
BRDA:40,8,0,0
BRDA:40,8,1,10
BRDA:40,9,0,10
BRDA:40,9,1,10
BRDA:41,10,0,0
BRDA:41,10,1,10
BRDA:41,11,0,10
BRDA:41,11,1,10
BRDA:45,12,0,36
BRDA:45,13,0,37
BRDA:45,13,1,1
BRDA:45,13,2,1
BRDA:50,14,0,0
BRDA:66,15,0,0
BRDA:66,15,1,1
BRDA:67,16,0,1
BRDA:67,16,1,0
BRDA:74,17,0,80
BRDA:74,17,1,0
BRDA:75,18,0,80
BRDA:75,18,1,0
BRDA:76,19,0,80
BRDA:76,19,1,0
BRDA:83,20,0,1
BRDA:84,21,0,2
BRDA:89,22,0,2
BRDA:93,23,0,1
BRDA:98,24,0,4
BRDA:98,24,1,2
BRDA:100,25,0,2
BRDA:100,25,1,2
BRDA:111,26,0,4
BRDA:116,27,0,0
BRDA:116,27,1,0
BRDA:120,28,0,13
BRDA:120,28,1,5
BRDA:121,29,0,5
BRDA:124,30,0,7
BRDA:124,31,0,8
BRDA:124,31,1,7
BRDA:124,31,2,6
BRDA:130,32,0,12
BRDA:144,33,0,0
BRDA:146,34,0,0
BRDA:152,35,0,0
BRDA:154,36,0,0
BRDA:160,37,0,1
BRDA:160,38,0,1
BRDA:160,38,1,1
BRDA:165,39,0,0
BRDA:165,39,1,0
BRDA:166,40,0,0
BRDA:169,41,0,0
BRDA:169,42,0,0
BRDA:169,42,1,0
BRDA:172,43,0,0
BRDA:172,44,0,0
BRDA:172,44,1,0
BRDA:182,45,0,18
BRDA:182,45,1,0
BRDA:183,46,0,0
BRDA:202,47,0,4
BRDA:202,47,1,0
BRDA:203,48,0,0
BRDA:207,49,0,4
BRDA:207,49,1,0
BRDA:210,50,0,4
BRDA:213,51,0,4
BRDA:213,51,1,0
BRDA:214,52,0,4
BRDA:214,52,1,2
BRDA:222,53,0,0
BRDA:222,54,0,0
BRDA:222,54,1,0
BRDA:281,55,0,4
BRDA:281,55,1,0
BRDA:283,56,0,0
BRDA:283,56,1,0
BRDA:283,57,0,0
BRDA:283,57,1,0
BRDA:288,58,0,8
BRDA:288,58,1,0
BRDA:289,59,0,2
BRDA:289,60,0,8
BRDA:289,60,1,8
BRDA:289,60,2,6
BRDA:293,61,0,6
BRDA:293,61,1,6
BRDA:294,62,0,6
BRDA:296,63,0,6
BRDA:296,63,1,6
BRDA:307,64,0,6
BRDA:307,64,1,0
BRDA:307,65,0,6
BRDA:307,65,1,6
BRDA:315,66,0,0
BRDA:322,67,0,4
BRDA:322,67,1,0
BRDA:330,68,0,20
BRDA:330,69,0,25
BRDA:330,69,1,20
BRDA:335,70,0,5
BRDA:335,70,1,2
BRDA:336,71,0,5
BRDA:336,71,1,5
BRDA:340,72,0,3
BRDA:340,73,0,5
BRDA:340,73,1,2
BRDA:353,74,0,1
BRDA:353,74,1,0
BRDA:377,75,0,53
BRDA:378,76,0,0
BRDA:378,77,0,27
BRDA:378,77,1,3
BRDA:388,78,0,1
BRDA:388,78,1,9
BRDA:391,79,0,9
BRDA:391,79,1,0
BRDA:391,79,2,0
BRDA:391,79,3,0
BRF:136
BRH:87
end_of_record
TN:
SF:src/services/charts.service.ts
FN:33,toSentimentBucket
FN:39,parseChartDimension
FN:51,buildOutletRankings
FN:72,(anonymous_4)
FN:74,(anonymous_5)
FN:86,(anonymous_6)
FN:90,buildSentimentDistribution
FN:108,(anonymous_8)
FN:118,buildRankingsChartConfig
FN:123,(anonymous_10)
FN:124,(anonymous_11)
FN:125,(anonymous_12)
FN:158,(anonymous_13)
FN:176,buildDistributionChartConfig
FN:185,(anonymous_15)
FN:188,(anonymous_16)
FN:189,(anonymous_17)
FN:190,(anonymous_18)
FN:219,renderChartToPng
FN:228,(anonymous_20)
FNF:20
FNH:19
FNDA:5,toSentimentBucket
FNDA:9,parseChartDimension
FNDA:5,buildOutletRankings
FNDA:4,(anonymous_4)
FNDA:4,(anonymous_5)
FNDA:0,(anonymous_6)
FNDA:2,buildSentimentDistribution
FNDA:1,(anonymous_8)
FNDA:4,buildRankingsChartConfig
FNDA:3,(anonymous_10)
FNDA:3,(anonymous_11)
FNDA:3,(anonymous_12)
FNDA:2,(anonymous_13)
FNDA:1,buildDistributionChartConfig
FNDA:3,(anonymous_15)
FNDA:3,(anonymous_16)
FNDA:3,(anonymous_17)
FNDA:3,(anonymous_18)
FNDA:3,renderChartToPng
FNDA:3,(anonymous_20)
DA:2,7
DA:3,7
DA:4,7
DA:34,5
DA:35,2
DA:36,2
DA:39,7
DA:45,9
DA:46,4
DA:47,4
DA:48,3
DA:51,7
DA:55,5
DA:56,5
DA:58,5
DA:59,5
DA:60,4
DA:61,4
DA:62,4
DA:68,4
DA:69,4
DA:72,5
DA:74,4
DA:77,4
DA:86,5
DA:87,5
DA:90,7
DA:93,2
DA:94,2
DA:96,2
DA:102,2
DA:103,1
DA:104,1
DA:108,2
DA:111,2
DA:118,7
DA:122,4
DA:123,4
DA:124,4
DA:125,4
DA:126,4
DA:128,4
DA:158,2
DA:176,7
DA:179,1
DA:180,1
DA:185,3
DA:186,1
DA:188,3
DA:189,3
DA:190,3
DA:192,1
DA:219,7
DA:224,3
DA:229,3
DA:233,3
LF:56
LH:56
BRDA:34,0,0,3
BRDA:35,1,0,0
BRDA:45,2,0,5
BRDA:47,3,0,1
BRDA:61,4,0,4
BRDA:61,4,1,0
BRDA:62,5,0,4
BRDA:62,5,1,4
BRDA:63,6,0,4
BRDA:63,6,1,0
BRDA:64,7,0,4
BRDA:64,7,1,0
BRDA:64,7,2,0
BRDA:69,8,0,4
BRDA:69,8,1,2
BRDA:75,9,0,4
BRDA:75,9,1,0
BRDA:108,10,0,1
BRDA:108,10,1,0
BRDA:109,11,0,2
BRDA:109,11,1,1
BRDA:125,12,0,3
BRDA:125,12,1,0
BRDA:150,13,0,3
BRDA:150,13,1,1
BRDA:186,14,0,0
BRDA:186,14,1,1
BRF:27
BRH:18
end_of_record
