<?xml version="1.0" encoding="UTF-8"?>
<coverage generated="1773922307358" clover="3.2.0">
  <project timestamp="1773922307358" name="All files">
    <metrics statements="348" coveredstatements="305" conditionals="678" coveredconditionals="473" methods="72" coveredmethods="62" elements="1098" coveredelements="840" complexity="0" loc="348" ncloc="348" packages="5" files="11" classes="11"/>
    <package name="src">
      <metrics statements="15" coveredstatements="13" conditionals="7" coveredconditionals="4" methods="2" coveredmethods="0"/>
      <file name="main.ts" path="C:\Users\User\news-sentiment-analyser\services\data-collection\src\main.ts">
        <metrics statements="15" coveredstatements="13" conditionals="7" coveredconditionals="4" methods="2" coveredmethods="0"/>
        <line num="1" count="1" type="stmt"/>
        <line num="2" count="1" type="stmt"/>
        <line num="3" count="1" type="stmt"/>
        <line num="4" count="1" type="stmt"/>
        <line num="7" count="1" type="stmt"/>
        <line num="9" count="1" type="stmt"/>
        <line num="10" count="1" type="cond" truecount="1" falsecount="2"/>
        <line num="11" count="1" type="stmt"/>
        <line num="13" count="1" type="stmt"/>
        <line num="16" count="1" type="stmt"/>
        <line num="17" count="0" type="stmt"/>
        <line num="20" count="1" type="stmt"/>
        <line num="24" count="1" type="stmt"/>
        <line num="29" count="1" type="cond" truecount="3" falsecount="1"/>
        <line num="31" count="0" type="stmt"/>
      </file>
    </package>
    <package name="src.config">
      <metrics statements="19" coveredstatements="19" conditionals="265" coveredconditionals="199" methods="3" coveredmethods="3"/>
      <file name="load-environment.ts" path="C:\Users\User\news-sentiment-analyser\services\data-collection\src\config\load-environment.ts">
        <metrics statements="7" coveredstatements="7" conditionals="10" coveredconditionals="6" methods="1" coveredmethods="1"/>
        <line num="1" count="2" type="stmt"/>
        <line num="2" count="2" type="stmt"/>
        <line num="4" count="2" type="stmt"/>
        <line num="5" count="2" type="cond" truecount="3" falsecount="1"/>
        <line num="6" count="2" type="stmt"/>
        <line num="15" count="2" type="stmt"/>
        <line num="16" count="8" type="stmt"/>
      </file>
      <file name="news-sources.ts" path="C:\Users\User\news-sentiment-analyser\services\data-collection\src\config\news-sources.ts">
        <metrics statements="12" coveredstatements="12" conditionals="255" coveredconditionals="193" methods="2" coveredmethods="2"/>
        <line num="3" count="2" type="stmt"/>
        <line num="496" count="2" type="stmt"/>
        <line num="497" count="99" type="cond" truecount="1" falsecount="0"/>
        <line num="498" count="2" type="stmt"/>
        <line num="501" count="97" type="stmt"/>
        <line num="502" count="97" type="stmt"/>
        <line num="509" count="2" type="stmt"/>
        <line num="510" count="74" type="cond" truecount="1" falsecount="0"/>
        <line num="511" count="62" type="stmt"/>
        <line num="514" count="12" type="cond" truecount="1" falsecount="1"/>
        <line num="515" count="12" type="cond" truecount="2" falsecount="0"/>
        <line num="516" count="12" type="cond" truecount="2" falsecount="0"/>
      </file>
    </package>
    <package name="src.controllers">
      <metrics statements="28" coveredstatements="17" conditionals="29" coveredconditionals="12" methods="7" coveredmethods="4"/>
      <file name="collection.controller.ts" path="C:\Users\User\news-sentiment-analyser\services\data-collection\src\controllers\collection.controller.ts">
        <metrics statements="28" coveredstatements="17" conditionals="29" coveredconditionals="12" methods="7" coveredmethods="4"/>
        <line num="2" count="1" type="stmt"/>
        <line num="3" count="1" type="stmt"/>
        <line num="8" count="1" type="stmt"/>
        <line num="10" count="1" type="stmt"/>
        <line num="11" count="1" type="stmt"/>
        <line num="12" count="59" type="stmt"/>
        <line num="24" count="1" type="stmt"/>
        <line num="25" count="1" type="cond" truecount="3" falsecount="1"/>
        <line num="26" count="1" type="cond" truecount="1" falsecount="1"/>
        <line num="27" count="2" type="stmt"/>
        <line num="30" count="1" type="cond" truecount="1" falsecount="1"/>
        <line num="31" count="1" type="cond" truecount="1" falsecount="1"/>
        <line num="33" count="1" type="stmt"/>
        <line num="41" count="1" type="stmt"/>
        <line num="43" count="1" type="stmt"/>
        <line num="54" count="1" type="stmt"/>
        <line num="55" count="0" type="cond" truecount="0" falsecount="2"/>
        <line num="57" count="0" type="cond" truecount="0" falsecount="2"/>
        <line num="58" count="0" type="stmt"/>
        <line num="59" count="0" type="cond" truecount="0" falsecount="2"/>
        <line num="60" count="0" type="stmt"/>
        <line num="62" count="0" type="cond" truecount="0" falsecount="4"/>
        <line num="64" count="0" type="stmt"/>
        <line num="70" count="1" type="stmt"/>
        <line num="71" count="0" type="stmt"/>
        <line num="72" count="0" type="cond" truecount="0" falsecount="1"/>
        <line num="73" count="0" type="stmt"/>
        <line num="76" count="0" type="stmt"/>
      </file>
    </package>
    <package name="src.routes">
      <metrics statements="7" coveredstatements="7" conditionals="0" coveredconditionals="0" methods="0" coveredmethods="0"/>
      <file name="collection.routes.ts" path="C:\Users\User\news-sentiment-analyser\services\data-collection\src\routes\collection.routes.ts">
        <metrics statements="7" coveredstatements="7" conditionals="0" coveredconditionals="0" methods="0" coveredmethods="0"/>
        <line num="1" count="1" type="stmt"/>
        <line num="2" count="1" type="stmt"/>
        <line num="9" count="1" type="stmt"/>
        <line num="11" count="1" type="stmt"/>
        <line num="12" count="1" type="stmt"/>
        <line num="13" count="1" type="stmt"/>
        <line num="14" count="1" type="stmt"/>
      </file>
    </package>
    <package name="src.services">
      <metrics statements="279" coveredstatements="249" conditionals="377" coveredconditionals="258" methods="60" coveredmethods="55"/>
      <file name="clean-store.service.ts" path="C:\Users\User\news-sentiment-analyser\services\data-collection\src\services\clean-store.service.ts">
        <metrics statements="19" coveredstatements="14" conditionals="2" coveredconditionals="0" methods="5" coveredmethods="4"/>
        <line num="1" count="1" type="stmt"/>
        <line num="2" count="1" type="stmt"/>
        <line num="5" count="2" type="stmt"/>
        <line num="6" count="1" type="stmt"/>
        <line num="8" count="1" type="stmt"/>
        <line num="9" count="1" type="stmt"/>
        <line num="11" count="1" type="stmt"/>
        <line num="12" count="1" type="stmt"/>
        <line num="14" count="0" type="stmt"/>
        <line num="18" count="1" type="stmt"/>
        <line num="19" count="0" type="stmt"/>
        <line num="20" count="0" type="stmt"/>
        <line num="21" count="0" type="stmt"/>
        <line num="22" count="0" type="cond" truecount="0" falsecount="2"/>
        <line num="25" count="1" type="stmt"/>
        <line num="26" count="1" type="stmt"/>
        <line num="27" count="1" type="stmt"/>
        <line num="29" count="1" type="stmt"/>
        <line num="34" count="1" type="stmt"/>
      </file>
      <file name="data-store.service.ts" path="C:\Users\User\news-sentiment-analyser\services\data-collection\src\services\data-store.service.ts">
        <metrics statements="35" coveredstatements="33" conditionals="2" coveredconditionals="1" methods="8" coveredmethods="8"/>
        <line num="1" count="2" type="stmt"/>
        <line num="2" count="2" type="stmt"/>
        <line num="5" count="12" type="stmt"/>
        <line num="6" count="2" type="stmt"/>
        <line num="8" count="2" type="stmt"/>
        <line num="9" count="8" type="stmt"/>
        <line num="11" count="8" type="stmt"/>
        <line num="12" count="8" type="stmt"/>
        <line num="14" count="0" type="stmt"/>
        <line num="18" count="2" type="stmt"/>
        <line num="19" count="6" type="stmt"/>
        <line num="20" count="6" type="stmt"/>
        <line num="21" count="6" type="stmt"/>
        <line num="23" count="6" type="cond" truecount="1" falsecount="1"/>
        <line num="26" count="2" type="stmt"/>
        <line num="27" count="4" type="stmt"/>
        <line num="28" count="4" type="stmt"/>
        <line num="30" count="4" type="stmt"/>
        <line num="31" count="4463" type="stmt"/>
        <line num="34" count="4" type="stmt"/>
        <line num="35" count="6" type="stmt"/>
        <line num="38" count="4" type="stmt"/>
        <line num="39" count="4485" type="stmt"/>
        <line num="42" count="4" type="stmt"/>
        <line num="48" count="4" type="stmt"/>
        <line num="54" count="9" type="stmt"/>
        <line num="56" count="2" type="stmt"/>
        <line num="58" count="2" type="stmt"/>
        <line num="59" count="2" type="stmt"/>
        <line num="60" count="2" type="stmt"/>
        <line num="63" count="2" type="stmt"/>
        <line num="64" count="1" type="stmt"/>
        <line num="65" count="1" type="stmt"/>
        <line num="66" count="1" type="stmt"/>
        <line num="68" count="0" type="stmt"/>
      </file>
      <file name="ingestion-pipeline.service.ts" path="C:\Users\User\news-sentiment-analyser\services\data-collection\src\services\ingestion-pipeline.service.ts">
        <metrics statements="17" coveredstatements="17" conditionals="17" coveredconditionals="12" methods="3" coveredmethods="3"/>
        <line num="1" count="1" type="stmt"/>
        <line num="7" count="1" type="stmt"/>
        <line num="8" count="1" type="stmt"/>
        <line num="9" count="1" type="stmt"/>
        <line num="10" count="1" type="stmt"/>
        <line num="22" count="1" type="cond" truecount="5" falsecount="1"/>
        <line num="23" count="1" type="cond" truecount="4" falsecount="2"/>
        <line num="25" count="1" type="stmt"/>
        <line num="28" count="1" type="stmt"/>
        <line num="29" count="1" type="stmt"/>
        <line num="37" count="1" type="stmt"/>
        <line num="38" count="1" type="stmt"/>
        <line num="39" count="1" type="stmt"/>
        <line num="40" count="1" type="stmt"/>
        <line num="43" count="1" type="stmt"/>
        <line num="53" count="1" type="stmt"/>
        <line num="66" count="1" type="stmt"/>
      </file>
      <file name="preprocess.service.ts" path="C:\Users\User\news-sentiment-analyser\services\data-collection\src\services\preprocess.service.ts">
        <metrics statements="24" coveredstatements="24" conditionals="7" coveredconditionals="6" methods="8" coveredmethods="8"/>
        <line num="3" count="1" type="stmt"/>
        <line num="30" count="4470" type="stmt"/>
        <line num="31" count="4470" type="stmt"/>
        <line num="33" count="1" type="stmt"/>
        <line num="34" count="2235" type="cond" truecount="3" falsecount="1"/>
        <line num="35" count="2235" type="stmt"/>
        <line num="36" count="1383770" type="cond" truecount="2" falsecount="0"/>
        <line num="39" count="2235" type="stmt"/>
        <line num="42" count="1" type="stmt"/>
        <line num="43" count="2235" type="cond" truecount="1" falsecount="0"/>
        <line num="44" count="725" type="stmt"/>
        <line num="47" count="1510" type="stmt"/>
        <line num="50" count="1" type="stmt"/>
        <line num="51" count="2235" type="stmt"/>
        <line num="52" count="2235" type="stmt"/>
        <line num="53" count="2235" type="stmt"/>
        <line num="55" count="2235" type="stmt"/>
        <line num="70" count="1" type="stmt"/>
        <line num="71" count="2" type="stmt"/>
        <line num="73" count="2" type="stmt"/>
        <line num="74" count="2233" type="stmt"/>
        <line num="75" count="2233" type="stmt"/>
        <line num="78" count="2" type="stmt"/>
        <line num="79" count="2230" type="stmt"/>
      </file>
      <file name="s3-sync.service.ts" path="C:\Users\User\news-sentiment-analyser\services\data-collection\src\services\s3-sync.service.ts">
        <metrics statements="22" coveredstatements="15" conditionals="31" coveredconditionals="16" methods="7" coveredmethods="4"/>
        <line num="1" count="1" type="stmt"/>
        <line num="2" count="1" type="stmt"/>
        <line num="3" count="1" type="stmt"/>
        <line num="4" count="1" type="stmt"/>
        <line num="7" count="4" type="cond" truecount="4" falsecount="0"/>
        <line num="8" count="1" type="cond" truecount="0" falsecount="11"/>
        <line num="9" count="4" type="cond" truecount="4" falsecount="2"/>
        <line num="11" count="1" type="stmt"/>
        <line num="13" count="1" type="stmt"/>
        <line num="14" count="4" type="stmt"/>
        <line num="16" count="1" type="stmt"/>
        <line num="21" count="4" type="stmt"/>
        <line num="22" count="4" type="stmt"/>
        <line num="24" count="4" type="cond" truecount="4" falsecount="0"/>
        <line num="25" count="4" type="stmt"/>
        <line num="34" count="0" type="stmt"/>
        <line num="35" count="0" type="stmt"/>
        <line num="37" count="0" type="stmt"/>
        <line num="38" count="0" type="stmt"/>
        <line num="47" count="0" type="stmt"/>
        <line num="54" count="0" type="cond" truecount="0" falsecount="2"/>
        <line num="55" count="0" type="stmt"/>
      </file>
      <file name="source-clients.ts" path="C:\Users\User\news-sentiment-analyser\services\data-collection\src\services\source-clients.ts">
        <metrics statements="162" coveredstatements="146" conditionals="318" coveredconditionals="223" methods="29" coveredmethods="28"/>
        <line num="1" count="2" type="stmt"/>
        <line num="2" count="2" type="stmt"/>
        <line num="3" count="2" type="stmt"/>
        <line num="4" count="2" type="stmt"/>
        <line num="5" count="2" type="stmt"/>
        <line num="111" count="2" type="stmt"/>
        <line num="113" count="2" type="stmt"/>
        <line num="273" count="2" type="stmt"/>
        <line num="274" count="4" type="cond" truecount="2" falsecount="1"/>
        <line num="275" count="0" type="stmt"/>
        <line num="280" count="4" type="stmt"/>
        <line num="283" count="2" type="stmt"/>
        <line num="288" count="9" type="stmt"/>
        <line num="289" count="9" type="stmt"/>
        <line num="295" count="9" type="cond" truecount="2" falsecount="0"/>
        <line num="296" count="9" type="stmt"/>
        <line num="297" count="9" type="cond" truecount="0" falsecount="1"/>
        <line num="300" count="9" type="cond" truecount="1" falsecount="0"/>
        <line num="306" count="1" type="stmt"/>
        <line num="307" count="1" type="stmt"/>
        <line num="308" count="1" type="stmt"/>
        <line num="311" count="8" type="stmt"/>
        <line num="312" count="8" type="stmt"/>
        <line num="313" count="16" type="stmt"/>
        <line num="316" count="8" type="stmt"/>
        <line num="317" count="8" type="stmt"/>
        <line num="319" count="8" type="cond" truecount="0" falsecount="1"/>
        <line num="320" count="0" type="stmt"/>
        <line num="321" count="0" type="stmt"/>
        <line num="324" count="8" type="stmt"/>
        <line num="328" count="9" type="stmt"/>
        <line num="332" count="2" type="cond" truecount="1" falsecount="0"/>
        <line num="333" count="5" type="stmt"/>
        <line num="334" count="5" type="stmt"/>
        <line num="337" count="2" type="stmt"/>
        <line num="343" count="26" type="stmt"/>
        <line num="345" count="2" type="stmt"/>
        <line num="346" count="6" type="cond" truecount="1" falsecount="0"/>
        <line num="347" count="2" type="cond" truecount="2" falsecount="0"/>
        <line num="350" count="2" type="stmt"/>
        <line num="355" count="3" type="cond" truecount="4" falsecount="0"/>
        <line num="356" count="3" type="cond" truecount="4" falsecount="0"/>
        <line num="357" count="3" type="cond" truecount="2" falsecount="0"/>
        <line num="359" count="2" type="stmt"/>
        <line num="360" count="2" type="stmt"/>
        <line num="364" count="3" type="cond" truecount="2" falsecount="0"/>
        <line num="366" count="2" type="stmt"/>
        <line num="371" count="3" type="stmt"/>
        <line num="374" count="2" type="stmt"/>
        <line num="380" count="2" type="stmt"/>
        <line num="381" count="2" type="cond" truecount="3" falsecount="1"/>
        <line num="382" count="2" type="stmt"/>
        <line num="383" count="2" type="stmt"/>
        <line num="384" count="2" type="stmt"/>
        <line num="386" count="2" type="cond" truecount="3" falsecount="0"/>
        <line num="387" count="1" type="stmt"/>
        <line num="390" count="2" type="cond" truecount="4" falsecount="1"/>
        <line num="391" count="2" type="stmt"/>
        <line num="394" count="2" type="stmt"/>
        <line num="397" count="2" type="stmt"/>
        <line num="403" count="2" type="stmt"/>
        <line num="407" count="2" type="cond" truecount="6" falsecount="2"/>
        <line num="422" count="2" type="stmt"/>
        <line num="427" count="1" type="stmt"/>
        <line num="428" count="1" type="cond" truecount="0" falsecount="1"/>
        <line num="429" count="0" type="stmt"/>
        <line num="432" count="1" type="stmt"/>
        <line num="433" count="1" type="stmt"/>
        <line num="435" count="1" type="cond" truecount="4" falsecount="1"/>
        <line num="436" count="1" type="stmt"/>
        <line num="439" count="1" type="stmt"/>
        <line num="440" count="1" type="cond" truecount="1" falsecount="0"/>
        <line num="441" count="1" type="stmt"/>
        <line num="442" count="1" type="stmt"/>
        <line num="445" count="1" type="stmt"/>
        <line num="449" count="1" type="cond" truecount="6" falsecount="2"/>
        <line num="450" count="1" type="stmt"/>
        <line num="464" count="2" type="stmt"/>
        <line num="468" count="1" type="cond" truecount="3" falsecount="1"/>
        <line num="469" count="1" type="cond" truecount="3" falsecount="1"/>
        <line num="471" count="1" type="stmt"/>
        <line num="472" count="1" type="cond" truecount="3" falsecount="1"/>
        <line num="486" count="2" type="stmt"/>
        <line num="490" count="1" type="cond" truecount="3" falsecount="1"/>
        <line num="491" count="1" type="cond" truecount="1" falsecount="0"/>
        <line num="492" count="1" type="stmt"/>
        <line num="495" count="1" type="stmt"/>
        <line num="496" count="1" type="cond" truecount="3" falsecount="1"/>
        <line num="510" count="2" type="stmt"/>
        <line num="515" count="3" type="cond" truecount="3" falsecount="1"/>
        <line num="519" count="3" type="cond" truecount="0" falsecount="1"/>
        <line num="520" count="0" type="stmt"/>
        <line num="523" count="3" type="stmt"/>
        <line num="525" count="3" type="stmt"/>
        <line num="526" count="3" type="stmt"/>
        <line num="527" count="3" type="stmt"/>
        <line num="528" count="3" type="stmt"/>
        <line num="530" count="0" type="stmt"/>
        <line num="534" count="3" type="cond" truecount="0" falsecount="1"/>
        <line num="535" count="0" type="stmt"/>
        <line num="542" count="3" type="stmt"/>
        <line num="547" count="3" type="cond" truecount="3" falsecount="1"/>
        <line num="549" count="3" type="cond" truecount="8" falsecount="0"/>
        <line num="550" count="26" type="cond" truecount="1" falsecount="1"/>
        <line num="551" count="26" type="cond" truecount="2" falsecount="1"/>
        <line num="553" count="26" type="cond" truecount="1" falsecount="1"/>
        <line num="558" count="26" type="cond" truecount="1" falsecount="1"/>
        <line num="560" count="26" type="stmt"/>
        <line num="572" count="3" type="cond" truecount="3" falsecount="1"/>
        <line num="573" count="0" type="cond" truecount="0" falsecount="8"/>
        <line num="574" count="0" type="stmt"/>
        <line num="579" count="0" type="stmt"/>
        <line num="580" count="0" type="cond" truecount="0" falsecount="6"/>
        <line num="582" count="0" type="stmt"/>
        <line num="594" count="3" type="stmt"/>
        <line num="595" count="3" type="cond" truecount="1" falsecount="1"/>
        <line num="597" count="26" type="stmt"/>
        <line num="601" count="3" type="stmt"/>
        <line num="604" count="2" type="stmt"/>
        <line num="610" count="8" type="cond" truecount="5" falsecount="1"/>
        <line num="612" count="2" type="stmt"/>
        <line num="614" count="1" type="stmt"/>
        <line num="616" count="1" type="stmt"/>
        <line num="618" count="1" type="stmt"/>
        <line num="620" count="3" type="stmt"/>
        <line num="622" count="0" type="stmt"/>
        <line num="626" count="2" type="stmt"/>
        <line num="632" count="9" type="cond" truecount="2" falsecount="0"/>
        <line num="634" count="9" type="cond" truecount="2" falsecount="0"/>
        <line num="638" count="9" type="stmt"/>
        <line num="639" count="9" type="stmt"/>
        <line num="641" count="9" type="cond" truecount="4" falsecount="0"/>
        <line num="642" count="7" type="cond" truecount="4" falsecount="0"/>
        <line num="643" count="1" type="stmt"/>
        <line num="644" count="1" type="stmt"/>
        <line num="645" count="2" type="stmt"/>
        <line num="646" count="2" type="cond" truecount="1" falsecount="0"/>
        <line num="647" count="1" type="stmt"/>
        <line num="649" count="1" type="stmt"/>
        <line num="650" count="1" type="stmt"/>
        <line num="653" count="1" type="cond" truecount="1" falsecount="1"/>
        <line num="657" count="1" type="cond" truecount="1" falsecount="0"/>
        <line num="658" count="1" type="stmt"/>
        <line num="670" count="6" type="stmt"/>
        <line num="671" count="6" type="cond" truecount="1" falsecount="0"/>
        <line num="672" count="5" type="stmt"/>
        <line num="685" count="0" type="cond" truecount="0" falsecount="2"/>
        <line num="686" count="0" type="stmt"/>
        <line num="687" count="0" type="stmt"/>
        <line num="699" count="3" type="stmt"/>
        <line num="700" count="3" type="stmt"/>
        <line num="712" count="2" type="stmt"/>
        <line num="715" count="4" type="stmt"/>
        <line num="716" count="4" type="cond" truecount="4" falsecount="2"/>
        <line num="717" count="241" type="cond" truecount="3" falsecount="1"/>
        <line num="720" count="4" type="stmt"/>
        <line num="721" count="4" type="stmt"/>
        <line num="723" count="4" type="stmt"/>
        <line num="724" count="9" type="cond" truecount="4" falsecount="0"/>
        <line num="725" count="9" type="stmt"/>
        <line num="726" count="9" type="stmt"/>
        <line num="729" count="4" type="stmt"/>
      </file>
    </package>
  </project>
</coverage>
