{"C:\\Users\\User\\news-sentiment-analyser\\services\\data-collection\\src\\main.ts": {"path":"C:\\Users\\User\\news-sentiment-analyser\\services\\data-collection\\src\\main.ts","statementMap":{"0":{"start":{"line":1,"column":0},"end":{"line":1,"column":30}},"1":{"start":{"line":2,"column":0},"end":{"line":2,"column":41}},"2":{"start":{"line":3,"column":0},"end":{"line":3,"column":60}},"3":{"start":{"line":4,"column":0},"end":{"line":4,"column":62}},"4":{"start":{"line":7,"column":0},"end":{"line":7,"column":18}},"5":{"start":{"line":9,"column":13},"end":{"line":9,"column":29}},"6":{"start":{"line":10,"column":13},"end":{"line":10,"column":73}},"7":{"start":{"line":11,"column":21},"end":{"line":11,"column":61}},"8":{"start":{"line":13,"column":0},"end":{"line":13,"column":24}},"9":{"start":{"line":16,"column":0},"end":{"line":18,"column":3}},"10":{"start":{"line":17,"column":2},"end":{"line":17,"column":57}},"11":{"start":{"line":20,"column":0},"end":{"line":20,"column":34}},"12":{"start":{"line":24,"column":13},"end":{"line":24,"column":39}},"13":{"start":{"line":29,"column":13},"end":{"line":33,"column":9}},"14":{"start":{"line":31,"column":6},"end":{"line":31,"column":77}}},"fnMap":{"0":{"name":"(anonymous_1)","decl":{"start":{"line":16,"column":19},"end":{"line":16,"column":20}},"loc":{"start":{"line":16,"column":32},"end":{"line":18,"column":1}}},"1":{"name":"(anonymous_2)","decl":{"start":{"line":30,"column":21},"end":{"line":30,"column":24}},"loc":{"start":{"line":30,"column":26},"end":{"line":32,"column":5}}}},"branchMap":{"0":{"loc":{"start":{"line":10,"column":13},"end":{"line":10,"column":73}},"type":"binary-expr","locations":[{"start":{"line":10,"column":13},"end":{"line":10,"column":45}},{"start":{"line":10,"column":49},"end":{"line":10,"column":65}},{"start":{"line":10,"column":69},"end":{"line":10,"column":73}}]},"1":{"loc":{"start":{"line":29,"column":22},"end":{"line":33,"column":8}},"type":"cond-expr","locations":[{"start":{"line":30,"column":4},"end":{"line":32,"column":6}},{"start":{"line":33,"column":4},"end":{"line":33,"column":8}}]},"2":{"loc":{"start":{"line":29,"column":23},"end":{"line":29,"column":69}},"type":"binary-expr","locations":[{"start":{"line":29,"column":23},"end":{"line":29,"column":53}},{"start":{"line":29,"column":57},"end":{"line":29,"column":69}}]}},"s":{"0":1,"1":1,"2":1,"3":1,"4":1,"5":1,"6":1,"7":1,"8":1,"9":1,"10":0,"11":1,"12":1,"13":1,"14":0},"f":{"0":0,"1":0},"b":{"0":[1,0,0],"1":[0,1],"2":[1,1]}}
,"C:\\Users\\User\\news-sentiment-analyser\\services\\data-collection\\src\\config\\load-environment.ts": {"path":"C:\\Users\\User\\news-sentiment-analyser\\services\\data-collection\\src\\config\\load-environment.ts","statementMap":{"0":{"start":{"line":1,"column":0},"end":{"line":1,"column":28}},"1":{"start":{"line":2,"column":0},"end":{"line":2,"column":24}},"2":{"start":{"line":4,"column":31},"end":{"line":18,"column":1}},"3":{"start":{"line":5,"column":18},"end":{"line":5,"column":46}},"4":{"start":{"line":6,"column":21},"end":{"line":13,"column":4}},"5":{"start":{"line":15,"column":2},"end":{"line":17,"column":3}},"6":{"start":{"line":16,"column":4},"end":{"line":16,"column":67}},"7":{"start":{"line":4,"column":13},"end":{"line":4,"column":31}}},"fnMap":{"0":{"name":"(anonymous_1)","decl":{"start":{"line":4,"column":31},"end":{"line":4,"column":34}},"loc":{"start":{"line":4,"column":36},"end":{"line":18,"column":1}}}},"branchMap":{"0":{"loc":{"start":{"line":5,"column":18},"end":{"line":5,"column":46}},"type":"cond-expr","locations":[{"start":{"line":5,"column":38},"end":{"line":5,"column":40}},{"start":{"line":5,"column":38},"end":{"line":5,"column":46}}]},"1":{"loc":{"start":{"line":5,"column":18},"end":{"line":5,"column":40}},"type":"binary-expr","locations":[{"start":{"line":5,"column":18},"end":{"line":5,"column":40}},{"start":{"line":5,"column":38},"end":{"line":5,"column":40}}]},"2":{"loc":{"start":{"line":8,"column":8},"end":{"line":8,"column":71}},"type":"cond-expr","locations":[{"start":{"line":8,"column":18},"end":{"line":8,"column":66}},{"start":{"line":8,"column":69},"end":{"line":8,"column":71}}]},"3":{"loc":{"start":{"line":10,"column":8},"end":{"line":10,"column":77}},"type":"cond-expr","locations":[{"start":{"line":10,"column":18},"end":{"line":10,"column":72}},{"start":{"line":10,"column":75},"end":{"line":10,"column":77}}]},"4":{"loc":{"start":{"line":12,"column":8},"end":{"line":12,"column":79}},"type":"cond-expr","locations":[{"start":{"line":12,"column":18},"end":{"line":12,"column":74}},{"start":{"line":12,"column":77},"end":{"line":12,"column":79}}]}},"s":{"0":2,"1":2,"2":2,"3":2,"4":2,"5":2,"6":8,"7":2},"f":{"0":2},"b":{"0":[0,2],"1":[2,2],"2":[2,0],"3":[2,0],"4":[2,0]}}
,"C:\\Users\\User\\news-sentiment-analyser\\services\\data-collection\\src\\config\\news-sources.ts": {"path":"C:\\Users\\User\\news-sentiment-analyser\\services\\data-collection\\src\\config\\news-sources.ts","statementMap":{"0":{"start":{"line":3,"column":13},"end":{"line":494,"column":2}},"1":{"start":{"line":496,"column":35},"end":{"line":507,"column":1}},"2":{"start":{"line":497,"column":2},"end":{"line":499,"column":3}},"3":{"start":{"line":498,"column":4},"end":{"line":498,"column":16}},"4":{"start":{"line":501,"column":21},"end":{"line":501,"column":47}},"5":{"start":{"line":502,"column":2},"end":{"line":506,"column":4}},"6":{"start":{"line":496,"column":13},"end":{"line":496,"column":35}},"7":{"start":{"line":509,"column":34},"end":{"line":517,"column":1}},"8":{"start":{"line":510,"column":2},"end":{"line":512,"column":3}},"9":{"start":{"line":511,"column":4},"end":{"line":511,"column":47}},"10":{"start":{"line":514,"column":16},"end":{"line":514,"column":74}},"11":{"start":{"line":515,"column":16},"end":{"line":515,"column":74}},"12":{"start":{"line":516,"column":2},"end":{"line":516,"column":24}},"13":{"start":{"line":509,"column":13},"end":{"line":509,"column":34}}},"fnMap":{"0":{"name":"(anonymous_0)","decl":{"start":{"line":496,"column":35},"end":{"line":496,"column":36}},"loc":{"start":{"line":496,"column":74},"end":{"line":507,"column":1}}},"1":{"name":"(anonymous_1)","decl":{"start":{"line":509,"column":34},"end":{"line":509,"column":35}},"loc":{"start":{"line":509,"column":72},"end":{"line":517,"column":1}}}},"branchMap":{"0":{"loc":{"start":{"line":9,"column":12},"end":{"line":9,"column":67}},"type":"cond-expr","locations":[{"start":{"line":9,"column":40},"end":{"line":9,"column":44}},{"start":{"line":9,"column":44},"end":{"line":9,"column":67}}]},"1":{"loc":{"start":{"line":9,"column":12},"end":{"line":9,"column":44}},"type":"binary-expr","locations":[{"start":{"line":9,"column":12},"end":{"line":9,"column":44}},{"start":{"line":9,"column":40},"end":{"line":9,"column":44}}]},"2":{"loc":{"start":{"line":17,"column":12},"end":{"line":17,"column":67}},"type":"cond-expr","locations":[{"start":{"line":17,"column":40},"end":{"line":17,"column":44}},{"start":{"line":17,"column":44},"end":{"line":17,"column":67}}]},"3":{"loc":{"start":{"line":17,"column":12},"end":{"line":17,"column":44}},"type":"binary-expr","locations":[{"start":{"line":17,"column":12},"end":{"line":17,"column":44}},{"start":{"line":17,"column":40},"end":{"line":17,"column":44}}]},"4":{"loc":{"start":{"line":20,"column":6},"end":{"line":21,"column":59}},"type":"cond-expr","locations":[{"start":{"line":20,"column":34},"end":{"line":20,"column":null}},{"start":{"line":21,"column":6},"end":{"line":21,"column":59}}]},"5":{"loc":{"start":{"line":20,"column":6},"end":{"line":20,"column":null}},"type":"binary-expr","locations":[{"start":{"line":20,"column":6},"end":{"line":20,"column":null}},{"start":{"line":20,"column":34},"end":{"line":20,"column":null}}]},"6":{"loc":{"start":{"line":29,"column":12},"end":{"line":29,"column":67}},"type":"cond-expr","locations":[{"start":{"line":29,"column":40},"end":{"line":29,"column":44}},{"start":{"line":29,"column":44},"end":{"line":29,"column":67}}]},"7":{"loc":{"start":{"line":29,"column":12},"end":{"line":29,"column":44}},"type":"binary-expr","locations":[{"start":{"line":29,"column":12},"end":{"line":29,"column":44}},{"start":{"line":29,"column":40},"end":{"line":29,"column":44}}]},"8":{"loc":{"start":{"line":32,"column":6},"end":{"line":33,"column":64}},"type":"cond-expr","locations":[{"start":{"line":32,"column":42},"end":{"line":32,"column":null}},{"start":{"line":33,"column":6},"end":{"line":33,"column":64}}]},"9":{"loc":{"start":{"line":32,"column":6},"end":{"line":32,"column":null}},"type":"binary-expr","locations":[{"start":{"line":32,"column":6},"end":{"line":32,"column":null}},{"start":{"line":32,"column":42},"end":{"line":32,"column":null}}]},"10":{"loc":{"start":{"line":42,"column":12},"end":{"line":42,"column":83}},"type":"cond-expr","locations":[{"start":{"line":42,"column":40},"end":{"line":42,"column":44}},{"start":{"line":42,"column":44},"end":{"line":42,"column":83}}]},"11":{"loc":{"start":{"line":42,"column":12},"end":{"line":42,"column":44}},"type":"binary-expr","locations":[{"start":{"line":42,"column":12},"end":{"line":42,"column":44}},{"start":{"line":42,"column":40},"end":{"line":42,"column":44}}]},"12":{"loc":{"start":{"line":50,"column":12},"end":{"line":50,"column":86}},"type":"cond-expr","locations":[{"start":{"line":50,"column":39},"end":{"line":50,"column":43}},{"start":{"line":50,"column":43},"end":{"line":50,"column":86}}]},"13":{"loc":{"start":{"line":50,"column":12},"end":{"line":50,"column":43}},"type":"binary-expr","locations":[{"start":{"line":50,"column":12},"end":{"line":50,"column":43}},{"start":{"line":50,"column":39},"end":{"line":50,"column":43}}]},"14":{"loc":{"start":{"line":63,"column":12},"end":{"line":63,"column":92}},"type":"cond-expr","locations":[{"start":{"line":63,"column":40},"end":{"line":63,"column":44}},{"start":{"line":63,"column":44},"end":{"line":63,"column":92}}]},"15":{"loc":{"start":{"line":63,"column":12},"end":{"line":63,"column":44}},"type":"binary-expr","locations":[{"start":{"line":63,"column":12},"end":{"line":63,"column":44}},{"start":{"line":63,"column":40},"end":{"line":63,"column":44}}]},"16":{"loc":{"start":{"line":71,"column":12},"end":{"line":71,"column":95}},"type":"cond-expr","locations":[{"start":{"line":71,"column":40},"end":{"line":71,"column":44}},{"start":{"line":71,"column":44},"end":{"line":71,"column":95}}]},"17":{"loc":{"start":{"line":71,"column":12},"end":{"line":71,"column":44}},"type":"binary-expr","locations":[{"start":{"line":71,"column":12},"end":{"line":71,"column":44}},{"start":{"line":71,"column":40},"end":{"line":71,"column":44}}]},"18":{"loc":{"start":{"line":79,"column":12},"end":{"line":79,"column":87}},"type":"cond-expr","locations":[{"start":{"line":79,"column":40},"end":{"line":79,"column":44}},{"start":{"line":79,"column":44},"end":{"line":79,"column":87}}]},"19":{"loc":{"start":{"line":79,"column":12},"end":{"line":79,"column":44}},"type":"binary-expr","locations":[{"start":{"line":79,"column":12},"end":{"line":79,"column":44}},{"start":{"line":79,"column":40},"end":{"line":79,"column":44}}]},"20":{"loc":{"start":{"line":87,"column":12},"end":{"line":87,"column":85}},"type":"cond-expr","locations":[{"start":{"line":87,"column":40},"end":{"line":87,"column":44}},{"start":{"line":87,"column":44},"end":{"line":87,"column":85}}]},"21":{"loc":{"start":{"line":87,"column":12},"end":{"line":87,"column":44}},"type":"binary-expr","locations":[{"start":{"line":87,"column":12},"end":{"line":87,"column":44}},{"start":{"line":87,"column":40},"end":{"line":87,"column":44}}]},"22":{"loc":{"start":{"line":96,"column":6},"end":{"line":97,"column":138}},"type":"cond-expr","locations":[{"start":{"line":96,"column":43},"end":{"line":96,"column":null}},{"start":{"line":97,"column":6},"end":{"line":97,"column":138}}]},"23":{"loc":{"start":{"line":96,"column":6},"end":{"line":96,"column":null}},"type":"binary-expr","locations":[{"start":{"line":96,"column":6},"end":{"line":96,"column":null}},{"start":{"line":96,"column":43},"end":{"line":96,"column":null}}]},"24":{"loc":{"start":{"line":105,"column":12},"end":{"line":105,"column":84}},"type":"cond-expr","locations":[{"start":{"line":105,"column":39},"end":{"line":105,"column":43}},{"start":{"line":105,"column":43},"end":{"line":105,"column":84}}]},"25":{"loc":{"start":{"line":105,"column":12},"end":{"line":105,"column":43}},"type":"binary-expr","locations":[{"start":{"line":105,"column":12},"end":{"line":105,"column":43}},{"start":{"line":105,"column":39},"end":{"line":105,"column":43}}]},"26":{"loc":{"start":{"line":113,"column":12},"end":{"line":113,"column":89}},"type":"cond-expr","locations":[{"start":{"line":113,"column":46},"end":{"line":113,"column":50}},{"start":{"line":113,"column":50},"end":{"line":113,"column":89}}]},"27":{"loc":{"start":{"line":113,"column":12},"end":{"line":113,"column":50}},"type":"binary-expr","locations":[{"start":{"line":113,"column":12},"end":{"line":113,"column":50}},{"start":{"line":113,"column":46},"end":{"line":113,"column":50}}]},"28":{"loc":{"start":{"line":122,"column":6},"end":{"line":122,"column":70}},"type":"cond-expr","locations":[{"start":{"line":122,"column":36},"end":{"line":122,"column":40}},{"start":{"line":122,"column":40},"end":{"line":122,"column":70}}]},"29":{"loc":{"start":{"line":122,"column":6},"end":{"line":122,"column":40}},"type":"binary-expr","locations":[{"start":{"line":122,"column":6},"end":{"line":122,"column":40}},{"start":{"line":122,"column":36},"end":{"line":122,"column":40}}]},"30":{"loc":{"start":{"line":130,"column":12},"end":{"line":130,"column":83}},"type":"cond-expr","locations":[{"start":{"line":130,"column":43},"end":{"line":130,"column":47}},{"start":{"line":130,"column":47},"end":{"line":130,"column":83}}]},"31":{"loc":{"start":{"line":130,"column":12},"end":{"line":130,"column":47}},"type":"binary-expr","locations":[{"start":{"line":130,"column":12},"end":{"line":130,"column":47}},{"start":{"line":130,"column":43},"end":{"line":130,"column":47}}]},"32":{"loc":{"start":{"line":138,"column":12},"end":{"line":138,"column":81}},"type":"cond-expr","locations":[{"start":{"line":138,"column":40},"end":{"line":138,"column":44}},{"start":{"line":138,"column":44},"end":{"line":138,"column":81}}]},"33":{"loc":{"start":{"line":138,"column":12},"end":{"line":138,"column":44}},"type":"binary-expr","locations":[{"start":{"line":138,"column":12},"end":{"line":138,"column":44}},{"start":{"line":138,"column":40},"end":{"line":138,"column":44}}]},"34":{"loc":{"start":{"line":146,"column":12},"end":{"line":146,"column":87}},"type":"cond-expr","locations":[{"start":{"line":146,"column":43},"end":{"line":146,"column":47}},{"start":{"line":146,"column":47},"end":{"line":146,"column":87}}]},"35":{"loc":{"start":{"line":146,"column":12},"end":{"line":146,"column":47}},"type":"binary-expr","locations":[{"start":{"line":146,"column":12},"end":{"line":146,"column":47}},{"start":{"line":146,"column":43},"end":{"line":146,"column":47}}]},"36":{"loc":{"start":{"line":154,"column":12},"end":{"line":154,"column":75}},"type":"cond-expr","locations":[{"start":{"line":154,"column":41},"end":{"line":154,"column":45}},{"start":{"line":154,"column":45},"end":{"line":154,"column":75}}]},"37":{"loc":{"start":{"line":154,"column":12},"end":{"line":154,"column":45}},"type":"binary-expr","locations":[{"start":{"line":154,"column":12},"end":{"line":154,"column":45}},{"start":{"line":154,"column":41},"end":{"line":154,"column":45}}]},"38":{"loc":{"start":{"line":162,"column":12},"end":{"line":162,"column":88}},"type":"cond-expr","locations":[{"start":{"line":162,"column":46},"end":{"line":162,"column":50}},{"start":{"line":162,"column":50},"end":{"line":162,"column":88}}]},"39":{"loc":{"start":{"line":162,"column":12},"end":{"line":162,"column":50}},"type":"binary-expr","locations":[{"start":{"line":162,"column":12},"end":{"line":162,"column":50}},{"start":{"line":162,"column":46},"end":{"line":162,"column":50}}]},"40":{"loc":{"start":{"line":170,"column":12},"end":{"line":170,"column":92}},"type":"cond-expr","locations":[{"start":{"line":170,"column":46},"end":{"line":170,"column":50}},{"start":{"line":170,"column":50},"end":{"line":170,"column":92}}]},"41":{"loc":{"start":{"line":170,"column":12},"end":{"line":170,"column":50}},"type":"binary-expr","locations":[{"start":{"line":170,"column":12},"end":{"line":170,"column":50}},{"start":{"line":170,"column":46},"end":{"line":170,"column":50}}]},"42":{"loc":{"start":{"line":178,"column":12},"end":{"line":178,"column":97}},"type":"cond-expr","locations":[{"start":{"line":178,"column":46},"end":{"line":178,"column":50}},{"start":{"line":178,"column":50},"end":{"line":178,"column":97}}]},"43":{"loc":{"start":{"line":178,"column":12},"end":{"line":178,"column":50}},"type":"binary-expr","locations":[{"start":{"line":178,"column":12},"end":{"line":178,"column":50}},{"start":{"line":178,"column":46},"end":{"line":178,"column":50}}]},"44":{"loc":{"start":{"line":186,"column":12},"end":{"line":186,"column":84}},"type":"cond-expr","locations":[{"start":{"line":186,"column":39},"end":{"line":186,"column":43}},{"start":{"line":186,"column":43},"end":{"line":186,"column":84}}]},"45":{"loc":{"start":{"line":186,"column":12},"end":{"line":186,"column":43}},"type":"binary-expr","locations":[{"start":{"line":186,"column":12},"end":{"line":186,"column":43}},{"start":{"line":186,"column":39},"end":{"line":186,"column":43}}]},"46":{"loc":{"start":{"line":194,"column":12},"end":{"line":194,"column":75}},"type":"cond-expr","locations":[{"start":{"line":194,"column":38},"end":{"line":194,"column":42}},{"start":{"line":194,"column":42},"end":{"line":194,"column":75}}]},"47":{"loc":{"start":{"line":194,"column":12},"end":{"line":194,"column":42}},"type":"binary-expr","locations":[{"start":{"line":194,"column":12},"end":{"line":194,"column":42}},{"start":{"line":194,"column":38},"end":{"line":194,"column":42}}]},"48":{"loc":{"start":{"line":202,"column":12},"end":{"line":202,"column":79}},"type":"cond-expr","locations":[{"start":{"line":202,"column":47},"end":{"line":202,"column":51}},{"start":{"line":202,"column":51},"end":{"line":202,"column":79}}]},"49":{"loc":{"start":{"line":202,"column":12},"end":{"line":202,"column":51}},"type":"binary-expr","locations":[{"start":{"line":202,"column":12},"end":{"line":202,"column":51}},{"start":{"line":202,"column":47},"end":{"line":202,"column":51}}]},"50":{"loc":{"start":{"line":210,"column":12},"end":{"line":210,"column":108}},"type":"cond-expr","locations":[{"start":{"line":210,"column":43},"end":{"line":210,"column":47}},{"start":{"line":210,"column":47},"end":{"line":210,"column":108}}]},"51":{"loc":{"start":{"line":210,"column":12},"end":{"line":210,"column":47}},"type":"binary-expr","locations":[{"start":{"line":210,"column":12},"end":{"line":210,"column":47}},{"start":{"line":210,"column":43},"end":{"line":210,"column":47}}]},"52":{"loc":{"start":{"line":218,"column":12},"end":{"line":218,"column":101}},"type":"cond-expr","locations":[{"start":{"line":218,"column":45},"end":{"line":218,"column":49}},{"start":{"line":218,"column":49},"end":{"line":218,"column":101}}]},"53":{"loc":{"start":{"line":218,"column":12},"end":{"line":218,"column":49}},"type":"binary-expr","locations":[{"start":{"line":218,"column":12},"end":{"line":218,"column":49}},{"start":{"line":218,"column":45},"end":{"line":218,"column":49}}]},"54":{"loc":{"start":{"line":226,"column":12},"end":{"line":226,"column":78}},"type":"cond-expr","locations":[{"start":{"line":226,"column":42},"end":{"line":226,"column":46}},{"start":{"line":226,"column":46},"end":{"line":226,"column":78}}]},"55":{"loc":{"start":{"line":226,"column":12},"end":{"line":226,"column":46}},"type":"binary-expr","locations":[{"start":{"line":226,"column":12},"end":{"line":226,"column":46}},{"start":{"line":226,"column":42},"end":{"line":226,"column":46}}]},"56":{"loc":{"start":{"line":234,"column":12},"end":{"line":234,"column":108}},"type":"cond-expr","locations":[{"start":{"line":234,"column":53},"end":{"line":234,"column":57}},{"start":{"line":234,"column":57},"end":{"line":234,"column":108}}]},"57":{"loc":{"start":{"line":234,"column":12},"end":{"line":234,"column":57}},"type":"binary-expr","locations":[{"start":{"line":234,"column":12},"end":{"line":234,"column":57}},{"start":{"line":234,"column":53},"end":{"line":234,"column":57}}]},"58":{"loc":{"start":{"line":242,"column":12},"end":{"line":242,"column":97}},"type":"cond-expr","locations":[{"start":{"line":242,"column":50},"end":{"line":242,"column":54}},{"start":{"line":242,"column":54},"end":{"line":242,"column":97}}]},"59":{"loc":{"start":{"line":242,"column":12},"end":{"line":242,"column":54}},"type":"binary-expr","locations":[{"start":{"line":242,"column":12},"end":{"line":242,"column":54}},{"start":{"line":242,"column":50},"end":{"line":242,"column":54}}]},"60":{"loc":{"start":{"line":250,"column":12},"end":{"line":250,"column":92}},"type":"cond-expr","locations":[{"start":{"line":250,"column":47},"end":{"line":250,"column":51}},{"start":{"line":250,"column":51},"end":{"line":250,"column":92}}]},"61":{"loc":{"start":{"line":250,"column":12},"end":{"line":250,"column":51}},"type":"binary-expr","locations":[{"start":{"line":250,"column":12},"end":{"line":250,"column":51}},{"start":{"line":250,"column":47},"end":{"line":250,"column":51}}]},"62":{"loc":{"start":{"line":258,"column":12},"end":{"line":258,"column":75}},"type":"cond-expr","locations":[{"start":{"line":258,"column":42},"end":{"line":258,"column":46}},{"start":{"line":258,"column":46},"end":{"line":258,"column":75}}]},"63":{"loc":{"start":{"line":258,"column":12},"end":{"line":258,"column":46}},"type":"binary-expr","locations":[{"start":{"line":258,"column":12},"end":{"line":258,"column":46}},{"start":{"line":258,"column":42},"end":{"line":258,"column":46}}]},"64":{"loc":{"start":{"line":266,"column":12},"end":{"line":266,"column":77}},"type":"cond-expr","locations":[{"start":{"line":266,"column":43},"end":{"line":266,"column":47}},{"start":{"line":266,"column":47},"end":{"line":266,"column":77}}]},"65":{"loc":{"start":{"line":266,"column":12},"end":{"line":266,"column":47}},"type":"binary-expr","locations":[{"start":{"line":266,"column":12},"end":{"line":266,"column":47}},{"start":{"line":266,"column":43},"end":{"line":266,"column":47}}]},"66":{"loc":{"start":{"line":274,"column":12},"end":{"line":274,"column":85}},"type":"cond-expr","locations":[{"start":{"line":274,"column":44},"end":{"line":274,"column":48}},{"start":{"line":274,"column":48},"end":{"line":274,"column":85}}]},"67":{"loc":{"start":{"line":274,"column":12},"end":{"line":274,"column":48}},"type":"binary-expr","locations":[{"start":{"line":274,"column":12},"end":{"line":274,"column":48}},{"start":{"line":274,"column":44},"end":{"line":274,"column":48}}]},"68":{"loc":{"start":{"line":282,"column":12},"end":{"line":282,"column":83}},"type":"cond-expr","locations":[{"start":{"line":282,"column":45},"end":{"line":282,"column":49}},{"start":{"line":282,"column":49},"end":{"line":282,"column":83}}]},"69":{"loc":{"start":{"line":282,"column":12},"end":{"line":282,"column":49}},"type":"binary-expr","locations":[{"start":{"line":282,"column":12},"end":{"line":282,"column":49}},{"start":{"line":282,"column":45},"end":{"line":282,"column":49}}]},"70":{"loc":{"start":{"line":290,"column":12},"end":{"line":290,"column":78}},"type":"cond-expr","locations":[{"start":{"line":290,"column":42},"end":{"line":290,"column":46}},{"start":{"line":290,"column":46},"end":{"line":290,"column":78}}]},"71":{"loc":{"start":{"line":290,"column":12},"end":{"line":290,"column":46}},"type":"binary-expr","locations":[{"start":{"line":290,"column":12},"end":{"line":290,"column":46}},{"start":{"line":290,"column":42},"end":{"line":290,"column":46}}]},"72":{"loc":{"start":{"line":298,"column":12},"end":{"line":298,"column":88}},"type":"cond-expr","locations":[{"start":{"line":298,"column":45},"end":{"line":298,"column":49}},{"start":{"line":298,"column":49},"end":{"line":298,"column":88}}]},"73":{"loc":{"start":{"line":298,"column":12},"end":{"line":298,"column":49}},"type":"binary-expr","locations":[{"start":{"line":298,"column":12},"end":{"line":298,"column":49}},{"start":{"line":298,"column":45},"end":{"line":298,"column":49}}]},"74":{"loc":{"start":{"line":306,"column":12},"end":{"line":306,"column":95}},"type":"cond-expr","locations":[{"start":{"line":306,"column":42},"end":{"line":306,"column":46}},{"start":{"line":306,"column":46},"end":{"line":306,"column":95}}]},"75":{"loc":{"start":{"line":306,"column":12},"end":{"line":306,"column":46}},"type":"binary-expr","locations":[{"start":{"line":306,"column":12},"end":{"line":306,"column":46}},{"start":{"line":306,"column":42},"end":{"line":306,"column":46}}]},"76":{"loc":{"start":{"line":314,"column":12},"end":{"line":314,"column":99}},"type":"cond-expr","locations":[{"start":{"line":314,"column":44},"end":{"line":314,"column":48}},{"start":{"line":314,"column":48},"end":{"line":314,"column":99}}]},"77":{"loc":{"start":{"line":314,"column":12},"end":{"line":314,"column":48}},"type":"binary-expr","locations":[{"start":{"line":314,"column":12},"end":{"line":314,"column":48}},{"start":{"line":314,"column":44},"end":{"line":314,"column":48}}]},"78":{"loc":{"start":{"line":322,"column":12},"end":{"line":322,"column":94}},"type":"cond-expr","locations":[{"start":{"line":322,"column":42},"end":{"line":322,"column":46}},{"start":{"line":322,"column":46},"end":{"line":322,"column":94}}]},"79":{"loc":{"start":{"line":322,"column":12},"end":{"line":322,"column":46}},"type":"binary-expr","locations":[{"start":{"line":322,"column":12},"end":{"line":322,"column":46}},{"start":{"line":322,"column":42},"end":{"line":322,"column":46}}]},"80":{"loc":{"start":{"line":330,"column":12},"end":{"line":330,"column":90}},"type":"cond-expr","locations":[{"start":{"line":330,"column":42},"end":{"line":330,"column":46}},{"start":{"line":330,"column":46},"end":{"line":330,"column":90}}]},"81":{"loc":{"start":{"line":330,"column":12},"end":{"line":330,"column":46}},"type":"binary-expr","locations":[{"start":{"line":330,"column":12},"end":{"line":330,"column":46}},{"start":{"line":330,"column":42},"end":{"line":330,"column":46}}]},"82":{"loc":{"start":{"line":338,"column":12},"end":{"line":338,"column":97}},"type":"cond-expr","locations":[{"start":{"line":338,"column":48},"end":{"line":338,"column":52}},{"start":{"line":338,"column":52},"end":{"line":338,"column":97}}]},"83":{"loc":{"start":{"line":338,"column":12},"end":{"line":338,"column":52}},"type":"binary-expr","locations":[{"start":{"line":338,"column":12},"end":{"line":338,"column":52}},{"start":{"line":338,"column":48},"end":{"line":338,"column":52}}]},"84":{"loc":{"start":{"line":346,"column":12},"end":{"line":346,"column":64}},"type":"cond-expr","locations":[{"start":{"line":346,"column":35},"end":{"line":346,"column":39}},{"start":{"line":346,"column":39},"end":{"line":346,"column":64}}]},"85":{"loc":{"start":{"line":346,"column":12},"end":{"line":346,"column":39}},"type":"binary-expr","locations":[{"start":{"line":346,"column":12},"end":{"line":346,"column":39}},{"start":{"line":346,"column":35},"end":{"line":346,"column":39}}]},"86":{"loc":{"start":{"line":354,"column":12},"end":{"line":354,"column":88}},"type":"cond-expr","locations":[{"start":{"line":354,"column":41},"end":{"line":354,"column":45}},{"start":{"line":354,"column":45},"end":{"line":354,"column":88}}]},"87":{"loc":{"start":{"line":354,"column":12},"end":{"line":354,"column":45}},"type":"binary-expr","locations":[{"start":{"line":354,"column":12},"end":{"line":354,"column":45}},{"start":{"line":354,"column":41},"end":{"line":354,"column":45}}]},"88":{"loc":{"start":{"line":362,"column":12},"end":{"line":362,"column":83}},"type":"cond-expr","locations":[{"start":{"line":362,"column":43},"end":{"line":362,"column":47}},{"start":{"line":362,"column":47},"end":{"line":362,"column":83}}]},"89":{"loc":{"start":{"line":362,"column":12},"end":{"line":362,"column":47}},"type":"binary-expr","locations":[{"start":{"line":362,"column":12},"end":{"line":362,"column":47}},{"start":{"line":362,"column":43},"end":{"line":362,"column":47}}]},"90":{"loc":{"start":{"line":370,"column":12},"end":{"line":370,"column":93}},"type":"cond-expr","locations":[{"start":{"line":370,"column":34},"end":{"line":370,"column":38}},{"start":{"line":370,"column":38},"end":{"line":370,"column":93}}]},"91":{"loc":{"start":{"line":370,"column":12},"end":{"line":370,"column":38}},"type":"binary-expr","locations":[{"start":{"line":370,"column":12},"end":{"line":370,"column":38}},{"start":{"line":370,"column":34},"end":{"line":370,"column":38}}]},"92":{"loc":{"start":{"line":378,"column":12},"end":{"line":378,"column":70}},"type":"cond-expr","locations":[{"start":{"line":378,"column":34},"end":{"line":378,"column":38}},{"start":{"line":378,"column":38},"end":{"line":378,"column":70}}]},"93":{"loc":{"start":{"line":378,"column":12},"end":{"line":378,"column":38}},"type":"binary-expr","locations":[{"start":{"line":378,"column":12},"end":{"line":378,"column":38}},{"start":{"line":378,"column":34},"end":{"line":378,"column":38}}]},"94":{"loc":{"start":{"line":386,"column":12},"end":{"line":386,"column":78}},"type":"cond-expr","locations":[{"start":{"line":386,"column":34},"end":{"line":386,"column":38}},{"start":{"line":386,"column":38},"end":{"line":386,"column":78}}]},"95":{"loc":{"start":{"line":386,"column":12},"end":{"line":386,"column":38}},"type":"binary-expr","locations":[{"start":{"line":386,"column":12},"end":{"line":386,"column":38}},{"start":{"line":386,"column":34},"end":{"line":386,"column":38}}]},"96":{"loc":{"start":{"line":394,"column":12},"end":{"line":394,"column":100}},"type":"cond-expr","locations":[{"start":{"line":394,"column":41},"end":{"line":394,"column":45}},{"start":{"line":394,"column":45},"end":{"line":394,"column":100}}]},"97":{"loc":{"start":{"line":394,"column":12},"end":{"line":394,"column":45}},"type":"binary-expr","locations":[{"start":{"line":394,"column":12},"end":{"line":394,"column":45}},{"start":{"line":394,"column":41},"end":{"line":394,"column":45}}]},"98":{"loc":{"start":{"line":402,"column":12},"end":{"line":402,"column":79}},"type":"cond-expr","locations":[{"start":{"line":402,"column":39},"end":{"line":402,"column":43}},{"start":{"line":402,"column":43},"end":{"line":402,"column":79}}]},"99":{"loc":{"start":{"line":402,"column":12},"end":{"line":402,"column":43}},"type":"binary-expr","locations":[{"start":{"line":402,"column":12},"end":{"line":402,"column":43}},{"start":{"line":402,"column":39},"end":{"line":402,"column":43}}]},"100":{"loc":{"start":{"line":410,"column":12},"end":{"line":410,"column":95}},"type":"cond-expr","locations":[{"start":{"line":410,"column":39},"end":{"line":410,"column":43}},{"start":{"line":410,"column":43},"end":{"line":410,"column":95}}]},"101":{"loc":{"start":{"line":410,"column":12},"end":{"line":410,"column":43}},"type":"binary-expr","locations":[{"start":{"line":410,"column":12},"end":{"line":410,"column":43}},{"start":{"line":410,"column":39},"end":{"line":410,"column":43}}]},"102":{"loc":{"start":{"line":418,"column":12},"end":{"line":418,"column":108}},"type":"cond-expr","locations":[{"start":{"line":418,"column":38},"end":{"line":418,"column":42}},{"start":{"line":418,"column":42},"end":{"line":418,"column":108}}]},"103":{"loc":{"start":{"line":418,"column":12},"end":{"line":418,"column":42}},"type":"binary-expr","locations":[{"start":{"line":418,"column":12},"end":{"line":418,"column":42}},{"start":{"line":418,"column":38},"end":{"line":418,"column":42}}]},"104":{"loc":{"start":{"line":426,"column":12},"end":{"line":426,"column":93}},"type":"cond-expr","locations":[{"start":{"line":426,"column":36},"end":{"line":426,"column":40}},{"start":{"line":426,"column":40},"end":{"line":426,"column":93}}]},"105":{"loc":{"start":{"line":426,"column":12},"end":{"line":426,"column":40}},"type":"binary-expr","locations":[{"start":{"line":426,"column":12},"end":{"line":426,"column":40}},{"start":{"line":426,"column":36},"end":{"line":426,"column":40}}]},"106":{"loc":{"start":{"line":434,"column":12},"end":{"line":434,"column":73}},"type":"cond-expr","locations":[{"start":{"line":434,"column":34},"end":{"line":434,"column":38}},{"start":{"line":434,"column":38},"end":{"line":434,"column":73}}]},"107":{"loc":{"start":{"line":434,"column":12},"end":{"line":434,"column":38}},"type":"binary-expr","locations":[{"start":{"line":434,"column":12},"end":{"line":434,"column":38}},{"start":{"line":434,"column":34},"end":{"line":434,"column":38}}]},"108":{"loc":{"start":{"line":442,"column":12},"end":{"line":442,"column":77}},"type":"cond-expr","locations":[{"start":{"line":442,"column":40},"end":{"line":442,"column":44}},{"start":{"line":442,"column":44},"end":{"line":442,"column":77}}]},"109":{"loc":{"start":{"line":442,"column":12},"end":{"line":442,"column":44}},"type":"binary-expr","locations":[{"start":{"line":442,"column":12},"end":{"line":442,"column":44}},{"start":{"line":442,"column":40},"end":{"line":442,"column":44}}]},"110":{"loc":{"start":{"line":450,"column":12},"end":{"line":450,"column":74}},"type":"cond-expr","locations":[{"start":{"line":450,"column":40},"end":{"line":450,"column":44}},{"start":{"line":450,"column":44},"end":{"line":450,"column":74}}]},"111":{"loc":{"start":{"line":450,"column":12},"end":{"line":450,"column":44}},"type":"binary-expr","locations":[{"start":{"line":450,"column":12},"end":{"line":450,"column":44}},{"start":{"line":450,"column":40},"end":{"line":450,"column":44}}]},"112":{"loc":{"start":{"line":458,"column":12},"end":{"line":458,"column":82}},"type":"cond-expr","locations":[{"start":{"line":458,"column":41},"end":{"line":458,"column":45}},{"start":{"line":458,"column":45},"end":{"line":458,"column":82}}]},"113":{"loc":{"start":{"line":458,"column":12},"end":{"line":458,"column":45}},"type":"binary-expr","locations":[{"start":{"line":458,"column":12},"end":{"line":458,"column":45}},{"start":{"line":458,"column":41},"end":{"line":458,"column":45}}]},"114":{"loc":{"start":{"line":467,"column":6},"end":{"line":468,"column":76}},"type":"cond-expr","locations":[{"start":{"line":467,"column":29},"end":{"line":467,"column":null}},{"start":{"line":468,"column":6},"end":{"line":468,"column":76}}]},"115":{"loc":{"start":{"line":467,"column":6},"end":{"line":467,"column":null}},"type":"binary-expr","locations":[{"start":{"line":467,"column":6},"end":{"line":467,"column":null}},{"start":{"line":467,"column":29},"end":{"line":467,"column":null}}]},"116":{"loc":{"start":{"line":476,"column":12},"end":{"line":476,"column":84}},"type":"cond-expr","locations":[{"start":{"line":476,"column":41},"end":{"line":476,"column":45}},{"start":{"line":476,"column":45},"end":{"line":476,"column":84}}]},"117":{"loc":{"start":{"line":476,"column":12},"end":{"line":476,"column":45}},"type":"binary-expr","locations":[{"start":{"line":476,"column":12},"end":{"line":476,"column":45}},{"start":{"line":476,"column":41},"end":{"line":476,"column":45}}]},"118":{"loc":{"start":{"line":484,"column":12},"end":{"line":484,"column":66}},"type":"cond-expr","locations":[{"start":{"line":484,"column":35},"end":{"line":484,"column":39}},{"start":{"line":484,"column":39},"end":{"line":484,"column":66}}]},"119":{"loc":{"start":{"line":484,"column":12},"end":{"line":484,"column":39}},"type":"binary-expr","locations":[{"start":{"line":484,"column":12},"end":{"line":484,"column":39}},{"start":{"line":484,"column":35},"end":{"line":484,"column":39}}]},"120":{"loc":{"start":{"line":492,"column":12},"end":{"line":492,"column":64}},"type":"cond-expr","locations":[{"start":{"line":492,"column":36},"end":{"line":492,"column":40}},{"start":{"line":492,"column":40},"end":{"line":492,"column":64}}]},"121":{"loc":{"start":{"line":492,"column":12},"end":{"line":492,"column":40}},"type":"binary-expr","locations":[{"start":{"line":492,"column":12},"end":{"line":492,"column":40}},{"start":{"line":492,"column":36},"end":{"line":492,"column":40}}]},"122":{"loc":{"start":{"line":497,"column":2},"end":{"line":499,"column":3}},"type":"if","locations":[{"start":{"line":497,"column":2},"end":{"line":499,"column":3}}]},"123":{"loc":{"start":{"line":503,"column":4},"end":{"line":505,"column":38}},"type":"binary-expr","locations":[{"start":{"line":503,"column":4},"end":{"line":503,"column":27}},{"start":{"line":504,"column":4},"end":{"line":504,"column":34}},{"start":{"line":505,"column":4},"end":{"line":505,"column":38}}]},"124":{"loc":{"start":{"line":510,"column":2},"end":{"line":512,"column":3}},"type":"if","locations":[{"start":{"line":510,"column":2},"end":{"line":512,"column":3}}]},"125":{"loc":{"start":{"line":514,"column":16},"end":{"line":514,"column":74}},"type":"cond-expr","locations":[{"start":{"line":514,"column":32},"end":{"line":514,"column":67}},{"start":{"line":514,"column":70},"end":{"line":514,"column":74}}]},"126":{"loc":{"start":{"line":515,"column":16},"end":{"line":515,"column":74}},"type":"cond-expr","locations":[{"start":{"line":515,"column":32},"end":{"line":515,"column":67}},{"start":{"line":515,"column":70},"end":{"line":515,"column":74}}]},"127":{"loc":{"start":{"line":516,"column":9},"end":{"line":516,"column":23}},"type":"binary-expr","locations":[{"start":{"line":516,"column":9},"end":{"line":516,"column":14}},{"start":{"line":516,"column":18},"end":{"line":516,"column":23}}]}},"s":{"0":2,"1":2,"2":99,"3":2,"4":97,"5":97,"6":2,"7":2,"8":74,"9":62,"10":12,"11":12,"12":12,"13":2},"f":{"0":99,"1":74},"b":{"0":[0,2],"1":[2,2],"2":[0,2],"3":[2,2],"4":[0,2],"5":[2,2],"6":[0,2],"7":[2,2],"8":[0,2],"9":[2,2],"10":[0,2],"11":[2,2],"12":[0,2],"13":[2,2],"14":[0,2],"15":[2,2],"16":[0,2],"17":[2,2],"18":[0,2],"19":[2,2],"20":[0,2],"21":[2,2],"22":[0,2],"23":[2,2],"24":[0,2],"25":[2,2],"26":[0,2],"27":[2,2],"28":[0,2],"29":[2,2],"30":[0,2],"31":[2,2],"32":[0,2],"33":[2,2],"34":[0,2],"35":[2,2],"36":[0,2],"37":[2,2],"38":[0,2],"39":[2,2],"40":[0,2],"41":[2,2],"42":[0,2],"43":[2,2],"44":[0,2],"45":[2,2],"46":[0,2],"47":[2,2],"48":[0,2],"49":[2,2],"50":[0,2],"51":[2,2],"52":[0,2],"53":[2,2],"54":[0,2],"55":[2,2],"56":[0,2],"57":[2,2],"58":[0,2],"59":[2,2],"60":[0,2],"61":[2,2],"62":[0,2],"63":[2,2],"64":[0,2],"65":[2,2],"66":[0,2],"67":[2,2],"68":[0,2],"69":[2,2],"70":[0,2],"71":[2,2],"72":[0,2],"73":[2,2],"74":[0,2],"75":[2,2],"76":[0,2],"77":[2,2],"78":[0,2],"79":[2,2],"80":[0,2],"81":[2,2],"82":[0,2],"83":[2,2],"84":[0,2],"85":[2,2],"86":[0,2],"87":[2,2],"88":[0,2],"89":[2,2],"90":[0,2],"91":[2,2],"92":[0,2],"93":[2,2],"94":[0,2],"95":[2,2],"96":[0,2],"97":[2,2],"98":[0,2],"99":[2,2],"100":[0,2],"101":[2,2],"102":[0,2],"103":[2,2],"104":[0,2],"105":[2,2],"106":[0,2],"107":[2,2],"108":[0,2],"109":[2,2],"110":[0,2],"111":[2,2],"112":[0,2],"113":[2,2],"114":[0,2],"115":[2,2],"116":[0,2],"117":[2,2],"118":[0,2],"119":[2,2],"120":[0,2],"121":[2,2],"122":[2],"123":[97,97,84],"124":[62],"125":[12,0],"126":[7,5],"127":[12,4]}}
,"C:\\Users\\User\\news-sentiment-analyser\\services\\data-collection\\src\\controllers\\collection.controller.ts": {"path":"C:\\Users\\User\\news-sentiment-analyser\\services\\data-collection\\src\\controllers\\collection.controller.ts","statementMap":{"0":{"start":{"line":2,"column":0},"end":{"line":2,"column":74}},"1":{"start":{"line":3,"column":0},"end":{"line":3,"column":null}},"2":{"start":{"line":8,"column":0},"end":{"line":8,"column":72}},"3":{"start":{"line":10,"column":27},"end":{"line":22,"column":1}},"4":{"start":{"line":11,"column":2},"end":{"line":21,"column":5}},"5":{"start":{"line":12,"column":43},"end":{"line":20,"column":6}},"6":{"start":{"line":10,"column":13},"end":{"line":10,"column":27}},"7":{"start":{"line":24,"column":31},"end":{"line":52,"column":1}},"8":{"start":{"line":25,"column":15},"end":{"line":25,"column":71}},"9":{"start":{"line":26,"column":20},"end":{"line":28,"column":15}},"10":{"start":{"line":27,"column":63},"end":{"line":27,"column":88}},"11":{"start":{"line":30,"column":4},"end":{"line":30,"column":67}},"12":{"start":{"line":31,"column":18},"end":{"line":31,"column":77}},"13":{"start":{"line":33,"column":40},"end":{"line":39,"column":4}},"14":{"start":{"line":41,"column":24},"end":{"line":41,"column":57}},"15":{"start":{"line":43,"column":2},"end":{"line":51,"column":5}},"16":{"start":{"line":24,"column":13},"end":{"line":24,"column":31}},"17":{"start":{"line":54,"column":30},"end":{"line":68,"column":1}},"18":{"start":{"line":55,"column":19},"end":{"line":55,"column":90}},"19":{"start":{"line":57,"column":4},"end":{"line":57,"column":90}},"20":{"start":{"line":58,"column":22},"end":{"line":58,"column":45}},"21":{"start":{"line":59,"column":27},"end":{"line":61,"column":17}},"22":{"start":{"line":60,"column":38},"end":{"line":60,"column":67}},"23":{"start":{"line":62,"column":19},"end":{"line":62,"column":91}},"24":{"start":{"line":64,"column":2},"end":{"line":67,"column":5}},"25":{"start":{"line":54,"column":13},"end":{"line":54,"column":30}},"26":{"start":{"line":70,"column":34},"end":{"line":77,"column":1}},"27":{"start":{"line":71,"column":17},"end":{"line":71,"column":42}},"28":{"start":{"line":72,"column":2},"end":{"line":74,"column":3}},"29":{"start":{"line":73,"column":4},"end":{"line":73,"column":78}},"30":{"start":{"line":76,"column":2},"end":{"line":76,"column":19}},"31":{"start":{"line":70,"column":13},"end":{"line":70,"column":34}}},"fnMap":{"0":{"name":"(anonymous_0)","decl":{"start":{"line":10,"column":27},"end":{"line":10,"column":32}},"loc":{"start":{"line":10,"column":65},"end":{"line":22,"column":1}}},"1":{"name":"(anonymous_1)","decl":{"start":{"line":12,"column":30},"end":{"line":12,"column":31}},"loc":{"start":{"line":12,"column":43},"end":{"line":20,"column":6}}},"2":{"name":"(anonymous_2)","decl":{"start":{"line":24,"column":31},"end":{"line":24,"column":36}},"loc":{"start":{"line":24,"column":69},"end":{"line":52,"column":1}}},"3":{"name":"(anonymous_3)","decl":{"start":{"line":27,"column":26},"end":{"line":27,"column":27}},"loc":{"start":{"line":27,"column":63},"end":{"line":27,"column":88}}},"4":{"name":"(anonymous_4)","decl":{"start":{"line":54,"column":30},"end":{"line":54,"column":35}},"loc":{"start":{"line":54,"column":68},"end":{"line":68,"column":1}}},"5":{"name":"(anonymous_5)","decl":{"start":{"line":60,"column":25},"end":{"line":60,"column":26}},"loc":{"start":{"line":60,"column":38},"end":{"line":60,"column":67}}},"6":{"name":"(anonymous_6)","decl":{"start":{"line":70,"column":34},"end":{"line":70,"column":39}},"loc":{"start":{"line":70,"column":72},"end":{"line":77,"column":1}}}},"branchMap":{"0":{"loc":{"start":{"line":25,"column":15},"end":{"line":25,"column":71}},"type":"cond-expr","locations":[{"start":{"line":25,"column":58},"end":{"line":25,"column":66}},{"start":{"line":25,"column":69},"end":{"line":25,"column":71}}]},"1":{"loc":{"start":{"line":25,"column":15},"end":{"line":25,"column":55}},"type":"binary-expr","locations":[{"start":{"line":25,"column":15},"end":{"line":25,"column":23}},{"start":{"line":25,"column":27},"end":{"line":25,"column":55}}]},"2":{"loc":{"start":{"line":26,"column":20},"end":{"line":28,"column":15}},"type":"cond-expr","locations":[{"start":{"line":27,"column":6},"end":{"line":27,"column":89}},{"start":{"line":28,"column":6},"end":{"line":28,"column":15}}]},"3":{"loc":{"start":{"line":30,"column":4},"end":{"line":30,"column":67}},"type":"cond-expr","locations":[{"start":{"line":30,"column":41},"end":{"line":30,"column":55}},{"start":{"line":30,"column":58},"end":{"line":30,"column":67}}]},"4":{"loc":{"start":{"line":31,"column":18},"end":{"line":31,"column":77}},"type":"cond-expr","locations":[{"start":{"line":31,"column":53},"end":{"line":31,"column":65}},{"start":{"line":31,"column":68},"end":{"line":31,"column":77}}]},"5":{"loc":{"start":{"line":37,"column":15},"end":{"line":37,"column":40}},"type":"cond-expr","locations":[{"start":{"line":37,"column":15},"end":{"line":37,"column":33}},{"start":{"line":37,"column":37},"end":{"line":37,"column":40}}]},"6":{"loc":{"start":{"line":37,"column":15},"end":{"line":37,"column":37}},"type":"binary-expr","locations":[{"start":{"line":37,"column":15},"end":{"line":37,"column":37}},{"start":{"line":37,"column":15},"end":{"line":37,"column":37}}]},"7":{"loc":{"start":{"line":45,"column":22},"end":{"line":45,"column":37}},"type":"cond-expr","locations":[{"start":{"line":45,"column":22},"end":{"line":45,"column":29}},{"start":{"line":45,"column":33},"end":{"line":45,"column":37}}]},"8":{"loc":{"start":{"line":45,"column":22},"end":{"line":45,"column":33}},"type":"binary-expr","locations":[{"start":{"line":45,"column":22},"end":{"line":45,"column":33}},{"start":{"line":45,"column":22},"end":{"line":45,"column":33}}]},"9":{"loc":{"start":{"line":55,"column":19},"end":{"line":55,"column":90}},"type":"cond-expr","locations":[{"start":{"line":55,"column":60},"end":{"line":55,"column":78}},{"start":{"line":55,"column":81},"end":{"line":55,"column":90}}]},"10":{"loc":{"start":{"line":57,"column":4},"end":{"line":57,"column":90}},"type":"cond-expr","locations":[{"start":{"line":57,"column":42},"end":{"line":57,"column":78}},{"start":{"line":57,"column":81},"end":{"line":57,"column":90}}]},"11":{"loc":{"start":{"line":59,"column":27},"end":{"line":61,"column":17}},"type":"cond-expr","locations":[{"start":{"line":60,"column":6},"end":{"line":60,"column":68}},{"start":{"line":61,"column":6},"end":{"line":61,"column":17}}]},"12":{"loc":{"start":{"line":62,"column":19},"end":{"line":62,"column":91}},"type":"cond-expr","locations":[{"start":{"line":62,"column":40},"end":{"line":62,"column":72}},{"start":{"line":62,"column":75},"end":{"line":62,"column":91}}]},"13":{"loc":{"start":{"line":62,"column":19},"end":{"line":62,"column":37}},"type":"binary-expr","locations":[{"start":{"line":62,"column":19},"end":{"line":62,"column":24}},{"start":{"line":62,"column":28},"end":{"line":62,"column":37}}]},"14":{"loc":{"start":{"line":72,"column":2},"end":{"line":74,"column":3}},"type":"if","locations":[{"start":{"line":72,"column":2},"end":{"line":74,"column":3}}]}},"s":{"0":1,"1":1,"2":1,"3":1,"4":1,"5":59,"6":1,"7":1,"8":1,"9":1,"10":2,"11":1,"12":1,"13":1,"14":1,"15":1,"16":1,"17":1,"18":0,"19":0,"20":0,"21":0,"22":0,"23":0,"24":0,"25":1,"26":1,"27":0,"28":0,"29":0,"30":0,"31":1},"f":{"0":1,"1":59,"2":1,"3":2,"4":0,"5":0,"6":0},"b":{"0":[1,0],"1":[1,1],"2":[1,0],"3":[1,0],"4":[1,0],"5":[1,0],"6":[1,1],"7":[1,0],"8":[1,1],"9":[0,0],"10":[0,0],"11":[0,0],"12":[0,0],"13":[0,0],"14":[0]}}
,"C:\\Users\\User\\news-sentiment-analyser\\services\\data-collection\\src\\routes\\collection.routes.ts": {"path":"C:\\Users\\User\\news-sentiment-analyser\\services\\data-collection\\src\\routes\\collection.routes.ts","statementMap":{"0":{"start":{"line":1,"column":0},"end":{"line":1,"column":33}},"1":{"start":{"line":2,"column":0},"end":{"line":2,"column":null}},"2":{"start":{"line":9,"column":13},"end":{"line":9,"column":41}},"3":{"start":{"line":11,"column":0},"end":{"line":11,"column":46}},"4":{"start":{"line":12,"column":0},"end":{"line":12,"column":54}},"5":{"start":{"line":13,"column":0},"end":{"line":13,"column":62}},"6":{"start":{"line":14,"column":0},"end":{"line":14,"column":51}}},"fnMap":{},"branchMap":{},"s":{"0":1,"1":1,"2":1,"3":1,"4":1,"5":1,"6":1},"f":{},"b":{}}
,"C:\\Users\\User\\news-sentiment-analyser\\services\\data-collection\\src\\services\\clean-store.service.ts": {"path":"C:\\Users\\User\\news-sentiment-analyser\\services\\data-collection\\src\\services\\clean-store.service.ts","statementMap":{"0":{"start":{"line":1,"column":0},"end":{"line":1,"column":36}},"1":{"start":{"line":2,"column":0},"end":{"line":2,"column":24}},"2":{"start":{"line":5,"column":25},"end":{"line":5,"column":77}},"3":{"start":{"line":5,"column":31},"end":{"line":5,"column":77}},"4":{"start":{"line":6,"column":28},"end":{"line":6,"column":80}},"5":{"start":{"line":8,"column":22},"end":{"line":16,"column":1}},"6":{"start":{"line":9,"column":2},"end":{"line":9,"column":58}},"7":{"start":{"line":11,"column":2},"end":{"line":15,"column":3}},"8":{"start":{"line":12,"column":4},"end":{"line":12,"column":41}},"9":{"start":{"line":14,"column":4},"end":{"line":14,"column":61}},"10":{"start":{"line":18,"column":33},"end":{"line":23,"column":1}},"11":{"start":{"line":19,"column":2},"end":{"line":19,"column":24}},"12":{"start":{"line":20,"column":19},"end":{"line":20,"column":66}},"13":{"start":{"line":21,"column":26},"end":{"line":21,"column":46}},"14":{"start":{"line":22,"column":2},"end":{"line":22,"column":65}},"15":{"start":{"line":18,"column":13},"end":{"line":18,"column":33}},"16":{"start":{"line":25,"column":34},"end":{"line":32,"column":1}},"17":{"start":{"line":26,"column":2},"end":{"line":26,"column":24}},"18":{"start":{"line":27,"column":2},"end":{"line":27,"column":93}},"19":{"start":{"line":29,"column":2},"end":{"line":31,"column":4}},"20":{"start":{"line":25,"column":13},"end":{"line":25,"column":34}},"21":{"start":{"line":34,"column":36},"end":{"line":34,"column":61}},"22":{"start":{"line":34,"column":42},"end":{"line":34,"column":61}},"23":{"start":{"line":34,"column":13},"end":{"line":34,"column":36}}},"fnMap":{"0":{"name":"(anonymous_1)","decl":{"start":{"line":5,"column":25},"end":{"line":5,"column":28}},"loc":{"start":{"line":5,"column":31},"end":{"line":5,"column":77}}},"1":{"name":"(anonymous_2)","decl":{"start":{"line":8,"column":22},"end":{"line":8,"column":27}},"loc":{"start":{"line":8,"column":33},"end":{"line":16,"column":1}}},"2":{"name":"(anonymous_3)","decl":{"start":{"line":18,"column":33},"end":{"line":18,"column":38}},"loc":{"start":{"line":18,"column":69},"end":{"line":23,"column":1}}},"3":{"name":"(anonymous_4)","decl":{"start":{"line":25,"column":34},"end":{"line":25,"column":39}},"loc":{"start":{"line":25,"column":69},"end":{"line":32,"column":1}}},"4":{"name":"(anonymous_5)","decl":{"start":{"line":34,"column":36},"end":{"line":34,"column":39}},"loc":{"start":{"line":34,"column":42},"end":{"line":34,"column":61}}}},"branchMap":{"0":{"loc":{"start":{"line":22,"column":9},"end":{"line":22,"column":64}},"type":"cond-expr","locations":[{"start":{"line":22,"column":34},"end":{"line":22,"column":59}},{"start":{"line":22,"column":62},"end":{"line":22,"column":64}}]}},"s":{"0":1,"1":1,"2":1,"3":2,"4":1,"5":1,"6":1,"7":1,"8":1,"9":0,"10":1,"11":0,"12":0,"13":0,"14":0,"15":1,"16":1,"17":1,"18":1,"19":1,"20":1,"21":1,"22":1,"23":1},"f":{"0":2,"1":1,"2":0,"3":1,"4":1},"b":{"0":[0,0]}}
,"C:\\Users\\User\\news-sentiment-analyser\\services\\data-collection\\src\\services\\data-store.service.ts": {"path":"C:\\Users\\User\\news-sentiment-analyser\\services\\data-collection\\src\\services\\data-store.service.ts","statementMap":{"0":{"start":{"line":1,"column":0},"end":{"line":1,"column":36}},"1":{"start":{"line":2,"column":0},"end":{"line":2,"column":24}},"2":{"start":{"line":5,"column":25},"end":{"line":5,"column":77}},"3":{"start":{"line":5,"column":31},"end":{"line":5,"column":77}},"4":{"start":{"line":6,"column":26},"end":{"line":6,"column":76}},"5":{"start":{"line":8,"column":22},"end":{"line":16,"column":1}},"6":{"start":{"line":9,"column":2},"end":{"line":9,"column":58}},"7":{"start":{"line":11,"column":2},"end":{"line":15,"column":3}},"8":{"start":{"line":12,"column":4},"end":{"line":12,"column":39}},"9":{"start":{"line":14,"column":4},"end":{"line":14,"column":59}},"10":{"start":{"line":18,"column":31},"end":{"line":24,"column":1}},"11":{"start":{"line":19,"column":2},"end":{"line":19,"column":24}},"12":{"start":{"line":20,"column":23},"end":{"line":20,"column":68}},"13":{"start":{"line":21,"column":26},"end":{"line":21,"column":50}},"14":{"start":{"line":23,"column":2},"end":{"line":23,"column":63}},"15":{"start":{"line":18,"column":13},"end":{"line":18,"column":31}},"16":{"start":{"line":26,"column":33},"end":{"line":52,"column":1}},"17":{"start":{"line":27,"column":27},"end":{"line":27,"column":50}},"18":{"start":{"line":28,"column":20},"end":{"line":28,"column":49}},"19":{"start":{"line":30,"column":2},"end":{"line":32,"column":3}},"20":{"start":{"line":31,"column":4},"end":{"line":31,"column":39}},"21":{"start":{"line":34,"column":2},"end":{"line":36,"column":3}},"22":{"start":{"line":35,"column":4},"end":{"line":35,"column":39}},"23":{"start":{"line":38,"column":25},"end":{"line":40,"column":4}},"24":{"start":{"line":39,"column":4},"end":{"line":39,"column":61}},"25":{"start":{"line":42,"column":2},"end":{"line":46,"column":4}},"26":{"start":{"line":48,"column":2},"end":{"line":51,"column":4}},"27":{"start":{"line":26,"column":13},"end":{"line":26,"column":33}},"28":{"start":{"line":54,"column":34},"end":{"line":54,"column":57}},"29":{"start":{"line":54,"column":40},"end":{"line":54,"column":57}},"30":{"start":{"line":54,"column":13},"end":{"line":54,"column":34}},"31":{"start":{"line":56,"column":28},"end":{"line":56,"column":80}},"32":{"start":{"line":58,"column":34},"end":{"line":61,"column":1}},"33":{"start":{"line":59,"column":2},"end":{"line":59,"column":24}},"34":{"start":{"line":60,"column":2},"end":{"line":60,"column":92}},"35":{"start":{"line":58,"column":13},"end":{"line":58,"column":34}},"36":{"start":{"line":63,"column":33},"end":{"line":70,"column":1}},"37":{"start":{"line":64,"column":2},"end":{"line":69,"column":3}},"38":{"start":{"line":65,"column":17},"end":{"line":65,"column":64}},"39":{"start":{"line":66,"column":4},"end":{"line":66,"column":28}},"40":{"start":{"line":68,"column":4},"end":{"line":68,"column":16}},"41":{"start":{"line":63,"column":13},"end":{"line":63,"column":33}}},"fnMap":{"0":{"name":"(anonymous_1)","decl":{"start":{"line":5,"column":25},"end":{"line":5,"column":28}},"loc":{"start":{"line":5,"column":31},"end":{"line":5,"column":77}}},"1":{"name":"(anonymous_2)","decl":{"start":{"line":8,"column":22},"end":{"line":8,"column":27}},"loc":{"start":{"line":8,"column":33},"end":{"line":16,"column":1}}},"2":{"name":"(anonymous_3)","decl":{"start":{"line":18,"column":31},"end":{"line":18,"column":36}},"loc":{"start":{"line":18,"column":65},"end":{"line":24,"column":1}}},"3":{"name":"(anonymous_4)","decl":{"start":{"line":26,"column":33},"end":{"line":26,"column":38}},"loc":{"start":{"line":26,"column":66},"end":{"line":52,"column":1}}},"4":{"name":"(anonymous_5)","decl":{"start":{"line":38,"column":61},"end":{"line":38,"column":62}},"loc":{"start":{"line":38,"column":77},"end":{"line":40,"column":3}}},"5":{"name":"(anonymous_6)","decl":{"start":{"line":54,"column":34},"end":{"line":54,"column":37}},"loc":{"start":{"line":54,"column":40},"end":{"line":54,"column":57}}},"6":{"name":"(anonymous_7)","decl":{"start":{"line":58,"column":34},"end":{"line":58,"column":39}},"loc":{"start":{"line":58,"column":61},"end":{"line":61,"column":1}}},"7":{"name":"(anonymous_8)","decl":{"start":{"line":63,"column":33},"end":{"line":63,"column":38}},"loc":{"start":{"line":63,"column":69},"end":{"line":70,"column":1}}}},"branchMap":{"0":{"loc":{"start":{"line":23,"column":9},"end":{"line":23,"column":62}},"type":"cond-expr","locations":[{"start":{"line":23,"column":34},"end":{"line":23,"column":57}},{"start":{"line":23,"column":60},"end":{"line":23,"column":62}}]}},"s":{"0":2,"1":2,"2":2,"3":12,"4":2,"5":2,"6":8,"7":8,"8":8,"9":0,"10":2,"11":6,"12":6,"13":6,"14":6,"15":2,"16":2,"17":4,"18":4,"19":4,"20":4463,"21":4,"22":6,"23":4,"24":4485,"25":4,"26":4,"27":2,"28":2,"29":9,"30":2,"31":2,"32":2,"33":2,"34":2,"35":2,"36":2,"37":1,"38":1,"39":1,"40":0,"41":2},"f":{"0":12,"1":8,"2":6,"3":4,"4":4485,"5":9,"6":2,"7":1},"b":{"0":[6,0]}}
,"C:\\Users\\User\\news-sentiment-analyser\\services\\data-collection\\src\\services\\ingestion-pipeline.service.ts": {"path":"C:\\Users\\User\\news-sentiment-analyser\\services\\data-collection\\src\\services\\ingestion-pipeline.service.ts","statementMap":{"0":{"start":{"line":1,"column":0},"end":{"line":1,"column":null}},"1":{"start":{"line":7,"column":0},"end":{"line":7,"column":62}},"2":{"start":{"line":8,"column":0},"end":{"line":8,"column":81}},"3":{"start":{"line":9,"column":0},"end":{"line":9,"column":58}},"4":{"start":{"line":10,"column":0},"end":{"line":10,"column":51}},"5":{"start":{"line":22,"column":22},"end":{"line":22,"column":93}},"6":{"start":{"line":22,"column":28},"end":{"line":22,"column":93}},"7":{"start":{"line":23,"column":24},"end":{"line":23,"column":101}},"8":{"start":{"line":23,"column":30},"end":{"line":23,"column":101}},"9":{"start":{"line":25,"column":36},"end":{"line":79,"column":1}},"10":{"start":{"line":28,"column":20},"end":{"line":28,"column":44}},"11":{"start":{"line":29,"column":40},"end":{"line":35,"column":4}},"12":{"start":{"line":37,"column":27},"end":{"line":37,"column":60}},"13":{"start":{"line":38,"column":22},"end":{"line":38,"column":45}},"14":{"start":{"line":39,"column":24},"end":{"line":39,"column":55}},"15":{"start":{"line":40,"column":29},"end":{"line":40,"column":68}},"16":{"start":{"line":43,"column":2},"end":{"line":51,"column":5}},"17":{"start":{"line":53,"column":35},"end":{"line":64,"column":4}},"18":{"start":{"line":66,"column":2},"end":{"line":78,"column":4}},"19":{"start":{"line":25,"column":13},"end":{"line":25,"column":36}}},"fnMap":{"0":{"name":"(anonymous_0)","decl":{"start":{"line":22,"column":22},"end":{"line":22,"column":25}},"loc":{"start":{"line":22,"column":27},"end":{"line":22,"column":93}}},"1":{"name":"(anonymous_1)","decl":{"start":{"line":23,"column":24},"end":{"line":23,"column":27}},"loc":{"start":{"line":23,"column":29},"end":{"line":23,"column":101}}},"2":{"name":"(anonymous_2)","decl":{"start":{"line":25,"column":36},"end":{"line":25,"column":41}},"loc":{"start":{"line":27,"column":31},"end":{"line":79,"column":1}}}},"branchMap":{"0":{"loc":{"start":{"line":22,"column":28},"end":{"line":22,"column":92}},"type":"binary-expr","locations":[{"start":{"line":22,"column":28},"end":{"line":22,"column":65}},{"start":{"line":22,"column":69},"end":{"line":22,"column":92}}]},"1":{"loc":{"start":{"line":22,"column":28},"end":{"line":22,"column":65}},"type":"cond-expr","locations":[{"start":{"line":22,"column":57},"end":{"line":22,"column":59}},{"start":{"line":22,"column":57},"end":{"line":22,"column":65}}]},"2":{"loc":{"start":{"line":22,"column":28},"end":{"line":22,"column":59}},"type":"binary-expr","locations":[{"start":{"line":22,"column":28},"end":{"line":22,"column":59}},{"start":{"line":22,"column":57},"end":{"line":22,"column":59}}]},"3":{"loc":{"start":{"line":23,"column":30},"end":{"line":23,"column":100}},"type":"binary-expr","locations":[{"start":{"line":23,"column":30},"end":{"line":23,"column":69}},{"start":{"line":23,"column":73},"end":{"line":23,"column":100}}]},"4":{"loc":{"start":{"line":23,"column":30},"end":{"line":23,"column":69}},"type":"cond-expr","locations":[{"start":{"line":23,"column":61},"end":{"line":23,"column":63}},{"start":{"line":23,"column":61},"end":{"line":23,"column":69}}]},"5":{"loc":{"start":{"line":23,"column":30},"end":{"line":23,"column":63}},"type":"binary-expr","locations":[{"start":{"line":23,"column":30},"end":{"line":23,"column":63}},{"start":{"line":23,"column":61},"end":{"line":23,"column":63}}]},"6":{"loc":{"start":{"line":26,"column":2},"end":{"line":26,"column":32}},"type":"default-arg","locations":[{"start":{"line":26,"column":30},"end":{"line":26,"column":32}}]},"7":{"loc":{"start":{"line":33,"column":15},"end":{"line":33,"column":39}},"type":"cond-expr","locations":[{"start":{"line":33,"column":32},"end":{"line":33,"column":36}},{"start":{"line":33,"column":36},"end":{"line":33,"column":39}}]},"8":{"loc":{"start":{"line":33,"column":15},"end":{"line":33,"column":36}},"type":"binary-expr","locations":[{"start":{"line":33,"column":15},"end":{"line":33,"column":36}},{"start":{"line":33,"column":32},"end":{"line":33,"column":36}}]}},"s":{"0":1,"1":1,"2":1,"3":1,"4":1,"5":1,"6":1,"7":1,"8":1,"9":1,"10":1,"11":1,"12":1,"13":1,"14":1,"15":1,"16":1,"17":1,"18":1,"19":1},"f":{"0":1,"1":1,"2":1},"b":{"0":[1,1],"1":[1,0],"2":[1,1],"3":[1,0],"4":[0,1],"5":[1,1],"6":[0],"7":[1,0],"8":[1,1]}}
,"C:\\Users\\User\\news-sentiment-analyser\\services\\data-collection\\src\\services\\preprocess.service.ts": {"path":"C:\\Users\\User\\news-sentiment-analyser\\services\\data-collection\\src\\services\\preprocess.service.ts","statementMap":{"0":{"start":{"line":3,"column":19},"end":{"line":28,"column":2}},"1":{"start":{"line":30,"column":18},"end":{"line":30,"column":67}},"2":{"start":{"line":30,"column":37},"end":{"line":30,"column":67}},"3":{"start":{"line":31,"column":28},"end":{"line":31,"column":80}},"4":{"start":{"line":31,"column":47},"end":{"line":31,"column":80}},"5":{"start":{"line":33,"column":29},"end":{"line":40,"column":1}},"6":{"start":{"line":34,"column":18},"end":{"line":34,"column":63}},"7":{"start":{"line":35,"column":23},"end":{"line":36,"column":null}},"8":{"start":{"line":36,"column":30},"end":{"line":36,"column":72}},"9":{"start":{"line":39,"column":2},"end":{"line":39,"column":41}},"10":{"start":{"line":42,"column":21},"end":{"line":48,"column":1}},"11":{"start":{"line":43,"column":2},"end":{"line":45,"column":3}},"12":{"start":{"line":44,"column":4},"end":{"line":44,"column":17}},"13":{"start":{"line":47,"column":2},"end":{"line":47,"column":47}},"14":{"start":{"line":50,"column":30},"end":{"line":68,"column":1}},"15":{"start":{"line":51,"column":16},"end":{"line":51,"column":64}},"16":{"start":{"line":52,"column":15},"end":{"line":52,"column":62}},"17":{"start":{"line":53,"column":24},"end":{"line":53,"column":50}},"18":{"start":{"line":55,"column":2},"end":{"line":67,"column":4}},"19":{"start":{"line":50,"column":13},"end":{"line":50,"column":30}},"20":{"start":{"line":70,"column":34},"end":{"line":81,"column":1}},"21":{"start":{"line":71,"column":20},"end":{"line":71,"column":51}},"22":{"start":{"line":73,"column":2},"end":{"line":76,"column":3}},"23":{"start":{"line":74,"column":25},"end":{"line":74,"column":48}},"24":{"start":{"line":75,"column":4},"end":{"line":75,"column":49}},"25":{"start":{"line":78,"column":2},"end":{"line":80,"column":5}},"26":{"start":{"line":79,"column":4},"end":{"line":79,"column":61}},"27":{"start":{"line":70,"column":13},"end":{"line":70,"column":34}}},"fnMap":{"0":{"name":"(anonymous_0)","decl":{"start":{"line":30,"column":18},"end":{"line":30,"column":19}},"loc":{"start":{"line":30,"column":37},"end":{"line":30,"column":67}}},"1":{"name":"(anonymous_1)","decl":{"start":{"line":31,"column":28},"end":{"line":31,"column":29}},"loc":{"start":{"line":31,"column":47},"end":{"line":31,"column":80}}},"2":{"name":"(anonymous_2)","decl":{"start":{"line":33,"column":29},"end":{"line":33,"column":30}},"loc":{"start":{"line":33,"column":47},"end":{"line":40,"column":1}}},"3":{"name":"(anonymous_3)","decl":{"start":{"line":36,"column":19},"end":{"line":36,"column":20}},"loc":{"start":{"line":36,"column":30},"end":{"line":36,"column":72}}},"4":{"name":"(anonymous_4)","decl":{"start":{"line":42,"column":21},"end":{"line":42,"column":22}},"loc":{"start":{"line":42,"column":39},"end":{"line":48,"column":1}}},"5":{"name":"(anonymous_5)","decl":{"start":{"line":50,"column":30},"end":{"line":50,"column":31}},"loc":{"start":{"line":50,"column":68},"end":{"line":68,"column":1}}},"6":{"name":"(anonymous_6)","decl":{"start":{"line":70,"column":34},"end":{"line":70,"column":35}},"loc":{"start":{"line":70,"column":77},"end":{"line":81,"column":1}}},"7":{"name":"(anonymous_7)","decl":{"start":{"line":78,"column":45},"end":{"line":78,"column":46}},"loc":{"start":{"line":78,"column":61},"end":{"line":80,"column":3}}}},"branchMap":{"0":{"loc":{"start":{"line":34,"column":18},"end":{"line":34,"column":63}},"type":"cond-expr","locations":[{"start":{"line":34,"column":57},"end":{"line":34,"column":61}},{"start":{"line":34,"column":61},"end":{"line":34,"column":63}}]},"1":{"loc":{"start":{"line":34,"column":18},"end":{"line":34,"column":61}},"type":"binary-expr","locations":[{"start":{"line":34,"column":18},"end":{"line":34,"column":61}},{"start":{"line":34,"column":57},"end":{"line":34,"column":61}}]},"2":{"loc":{"start":{"line":36,"column":30},"end":{"line":36,"column":72}},"type":"binary-expr","locations":[{"start":{"line":36,"column":30},"end":{"line":36,"column":46}},{"start":{"line":36,"column":50},"end":{"line":36,"column":72}}]},"3":{"loc":{"start":{"line":43,"column":2},"end":{"line":45,"column":3}},"type":"if","locations":[{"start":{"line":43,"column":2},"end":{"line":45,"column":3}}]}},"s":{"0":1,"1":1,"2":4470,"3":1,"4":4470,"5":1,"6":2235,"7":2235,"8":1383770,"9":2235,"10":1,"11":2235,"12":725,"13":1510,"14":1,"15":2235,"16":2235,"17":2235,"18":2235,"19":1,"20":1,"21":2,"22":2,"23":2233,"24":2233,"25":2,"26":2230,"27":1},"f":{"0":4470,"1":4470,"2":2235,"3":1383770,"4":2235,"5":2235,"6":2,"7":2230},"b":{"0":[2235,0],"1":[2235,2235],"2":[1383770,1103655],"3":[725]}}
,"C:\\Users\\User\\news-sentiment-analyser\\services\\data-collection\\src\\services\\s3-sync.service.ts": {"path":"C:\\Users\\User\\news-sentiment-analyser\\services\\data-collection\\src\\services\\s3-sync.service.ts","statementMap":{"0":{"start":{"line":1,"column":0},"end":{"line":1,"column":64}},"1":{"start":{"line":2,"column":0},"end":{"line":2,"column":36}},"2":{"start":{"line":3,"column":0},"end":{"line":3,"column":24}},"3":{"start":{"line":4,"column":0},"end":{"line":4,"column":61}},"4":{"start":{"line":7,"column":26},"end":{"line":7,"column":69}},"5":{"start":{"line":7,"column":32},"end":{"line":7,"column":69}},"6":{"start":{"line":8,"column":18},"end":{"line":8,"column":117}},"7":{"start":{"line":8,"column":24},"end":{"line":8,"column":117}},"8":{"start":{"line":9,"column":23},"end":{"line":9,"column":102}},"9":{"start":{"line":9,"column":29},"end":{"line":9,"column":102}},"10":{"start":{"line":11,"column":21},"end":{"line":11,"column":64}},"11":{"start":{"line":11,"column":27},"end":{"line":11,"column":64}},"12":{"start":{"line":13,"column":22},"end":{"line":13,"column":78}},"13":{"start":{"line":13,"column":55},"end":{"line":13,"column":78}},"14":{"start":{"line":14,"column":26},"end":{"line":14,"column":82}},"15":{"start":{"line":14,"column":48},"end":{"line":14,"column":82}},"16":{"start":{"line":16,"column":30},"end":{"line":63,"column":1}},"17":{"start":{"line":21,"column":17},"end":{"line":21,"column":36}},"18":{"start":{"line":22,"column":22},"end":{"line":22,"column":38}},"19":{"start":{"line":24,"column":2},"end":{"line":32,"column":3}},"20":{"start":{"line":25,"column":4},"end":{"line":31,"column":6}},"21":{"start":{"line":34,"column":23},"end":{"line":34,"column":58}},"22":{"start":{"line":35,"column":17},"end":{"line":35,"column":31}},"23":{"start":{"line":37,"column":2},"end":{"line":62,"column":3}},"24":{"start":{"line":38,"column":4},"end":{"line":45,"column":6}},"25":{"start":{"line":47,"column":4},"end":{"line":52,"column":6}},"26":{"start":{"line":54,"column":20},"end":{"line":54,"column":74}},"27":{"start":{"line":55,"column":4},"end":{"line":61,"column":6}},"28":{"start":{"line":16,"column":13},"end":{"line":16,"column":30}}},"fnMap":{"0":{"name":"(anonymous_1)","decl":{"start":{"line":7,"column":26},"end":{"line":7,"column":29}},"loc":{"start":{"line":7,"column":31},"end":{"line":7,"column":69}}},"1":{"name":"(anonymous_2)","decl":{"start":{"line":8,"column":18},"end":{"line":8,"column":21}},"loc":{"start":{"line":8,"column":23},"end":{"line":8,"column":117}}},"2":{"name":"(anonymous_3)","decl":{"start":{"line":9,"column":23},"end":{"line":9,"column":26}},"loc":{"start":{"line":9,"column":28},"end":{"line":9,"column":102}}},"3":{"name":"(anonymous_4)","decl":{"start":{"line":11,"column":21},"end":{"line":11,"column":24}},"loc":{"start":{"line":11,"column":27},"end":{"line":11,"column":64}}},"4":{"name":"(anonymous_5)","decl":{"start":{"line":13,"column":22},"end":{"line":13,"column":23}},"loc":{"start":{"line":13,"column":55},"end":{"line":13,"column":78}}},"5":{"name":"(anonymous_6)","decl":{"start":{"line":14,"column":26},"end":{"line":14,"column":27}},"loc":{"start":{"line":14,"column":48},"end":{"line":14,"column":82}}},"6":{"name":"(anonymous_7)","decl":{"start":{"line":16,"column":30},"end":{"line":16,"column":35}},"loc":{"start":{"line":20,"column":30},"end":{"line":63,"column":1}}}},"branchMap":{"0":{"loc":{"start":{"line":7,"column":32},"end":{"line":7,"column":68}},"type":"cond-expr","locations":[{"start":{"line":7,"column":60},"end":{"line":7,"column":62}},{"start":{"line":7,"column":60},"end":{"line":7,"column":68}}]},"1":{"loc":{"start":{"line":7,"column":32},"end":{"line":7,"column":62}},"type":"binary-expr","locations":[{"start":{"line":7,"column":32},"end":{"line":7,"column":62}},{"start":{"line":7,"column":60},"end":{"line":7,"column":62}}]},"2":{"loc":{"start":{"line":8,"column":24},"end":{"line":8,"column":116}},"type":"binary-expr","locations":[{"start":{"line":8,"column":24},"end":{"line":8,"column":54}},{"start":{"line":8,"column":58},"end":{"line":8,"column":96}},{"start":{"line":8,"column":100},"end":{"line":8,"column":116}}]},"3":{"loc":{"start":{"line":8,"column":24},"end":{"line":8,"column":54}},"type":"cond-expr","locations":[{"start":{"line":8,"column":46},"end":{"line":8,"column":48}},{"start":{"line":8,"column":46},"end":{"line":8,"column":54}}]},"4":{"loc":{"start":{"line":8,"column":24},"end":{"line":8,"column":48}},"type":"binary-expr","locations":[{"start":{"line":8,"column":24},"end":{"line":8,"column":48}},{"start":{"line":8,"column":46},"end":{"line":8,"column":48}}]},"5":{"loc":{"start":{"line":8,"column":58},"end":{"line":8,"column":96}},"type":"cond-expr","locations":[{"start":{"line":8,"column":88},"end":{"line":8,"column":90}},{"start":{"line":8,"column":88},"end":{"line":8,"column":96}}]},"6":{"loc":{"start":{"line":8,"column":58},"end":{"line":8,"column":90}},"type":"binary-expr","locations":[{"start":{"line":8,"column":58},"end":{"line":8,"column":90}},{"start":{"line":8,"column":88},"end":{"line":8,"column":90}}]},"7":{"loc":{"start":{"line":9,"column":29},"end":{"line":9,"column":101}},"type":"binary-expr","locations":[{"start":{"line":9,"column":29},"end":{"line":9,"column":85}},{"start":{"line":9,"column":89},"end":{"line":9,"column":101}}]},"8":{"loc":{"start":{"line":9,"column":29},"end":{"line":9,"column":85}},"type":"cond-expr","locations":[{"start":{"line":9,"column":63},"end":{"line":9,"column":65}},{"start":{"line":9,"column":63},"end":{"line":9,"column":85}}]},"9":{"loc":{"start":{"line":9,"column":29},"end":{"line":9,"column":65}},"type":"binary-expr","locations":[{"start":{"line":9,"column":29},"end":{"line":9,"column":65}},{"start":{"line":9,"column":63},"end":{"line":9,"column":65}}]},"10":{"loc":{"start":{"line":24,"column":2},"end":{"line":32,"column":3}},"type":"if","locations":[{"start":{"line":24,"column":2},"end":{"line":32,"column":3}}]},"11":{"loc":{"start":{"line":24,"column":6},"end":{"line":24,"column":68}},"type":"binary-expr","locations":[{"start":{"line":24,"column":6},"end":{"line":24,"column":26}},{"start":{"line":24,"column":30},"end":{"line":24,"column":37}},{"start":{"line":24,"column":41},"end":{"line":24,"column":68}}]},"12":{"loc":{"start":{"line":26,"column":14},"end":{"line":26,"column":26}},"type":"cond-expr","locations":[{"start":{"line":26,"column":14},"end":{"line":26,"column":20}},{"start":{"line":26,"column":24},"end":{"line":26,"column":26}}]},"13":{"loc":{"start":{"line":26,"column":14},"end":{"line":26,"column":24}},"type":"binary-expr","locations":[{"start":{"line":26,"column":14},"end":{"line":26,"column":24}},{"start":{"line":26,"column":14},"end":{"line":26,"column":24}}]},"14":{"loc":{"start":{"line":54,"column":20},"end":{"line":54,"column":74}},"type":"cond-expr","locations":[{"start":{"line":54,"column":45},"end":{"line":54,"column":58}},{"start":{"line":54,"column":61},"end":{"line":54,"column":74}}]}},"s":{"0":1,"1":1,"2":1,"3":1,"4":1,"5":4,"6":1,"7":0,"8":1,"9":4,"10":1,"11":0,"12":1,"13":0,"14":1,"15":4,"16":1,"17":4,"18":4,"19":4,"20":4,"21":0,"22":0,"23":0,"24":0,"25":0,"26":0,"27":0,"28":1},"f":{"0":4,"1":0,"2":4,"3":0,"4":0,"5":4,"6":4},"b":{"0":[1,3],"1":[4,4],"2":[0,0,0],"3":[0,0],"4":[0,0],"5":[0,0],"6":[0,0],"7":[4,0],"8":[0,4],"9":[4,4],"10":[4],"11":[4,1,1],"12":[3,1],"13":[4,4],"14":[0,0]}}
,"C:\\Users\\User\\news-sentiment-analyser\\services\\data-collection\\src\\services\\source-clients.ts": {"path":"C:\\Users\\User\\news-sentiment-analyser\\services\\data-collection\\src\\services\\source-clients.ts","statementMap":{"0":{"start":{"line":1,"column":0},"end":{"line":1,"column":24}},"1":{"start":{"line":2,"column":0},"end":{"line":2,"column":26}},"2":{"start":{"line":3,"column":0},"end":{"line":3,"column":26}},"3":{"start":{"line":4,"column":0},"end":{"line":4,"column":44}},"4":{"start":{"line":5,"column":0},"end":{"line":5,"column":95}},"5":{"start":{"line":111,"column":31},"end":{"line":111,"column":34}},"6":{"start":{"line":113,"column":61},"end":{"line":271,"column":2}},"7":{"start":{"line":273,"column":23},"end":{"line":281,"column":1}},"8":{"start":{"line":274,"column":2},"end":{"line":276,"column":3}},"9":{"start":{"line":275,"column":4},"end":{"line":275,"column":34}},"10":{"start":{"line":280,"column":2},"end":{"line":280,"column":59}},"11":{"start":{"line":283,"column":18},"end":{"line":330,"column":1}},"12":{"start":{"line":288,"column":2},"end":{"line":329,"column":5}},"13":{"start":{"line":289,"column":26},"end":{"line":293,"column":6}},"14":{"start":{"line":295,"column":22},"end":{"line":295,"column":61}},"15":{"start":{"line":296,"column":20},"end":{"line":326,"column":6}},"16":{"start":{"line":297,"column":59},"end":{"line":297,"column":67}},"17":{"start":{"line":300,"column":6},"end":{"line":309,"column":7}},"18":{"start":{"line":306,"column":24},"end":{"line":306,"column":62}},"19":{"start":{"line":307,"column":8},"end":{"line":307,"column":64}},"20":{"start":{"line":308,"column":8},"end":{"line":308,"column":15}},"21":{"start":{"line":311,"column":31},"end":{"line":311,"column":33}},"22":{"start":{"line":312,"column":6},"end":{"line":314,"column":9}},"23":{"start":{"line":313,"column":8},"end":{"line":313,"column":27}},"24":{"start":{"line":316,"column":6},"end":{"line":325,"column":9}},"25":{"start":{"line":317,"column":21},"end":{"line":317,"column":60}},"26":{"start":{"line":319,"column":8},"end":{"line":322,"column":9}},"27":{"start":{"line":320,"column":10},"end":{"line":320,"column":81}},"28":{"start":{"line":321,"column":10},"end":{"line":321,"column":17}},"29":{"start":{"line":324,"column":8},"end":{"line":324,"column":22}},"30":{"start":{"line":328,"column":4},"end":{"line":328,"column":32}},"31":{"start":{"line":332,"column":18},"end":{"line":335,"column":1}},"32":{"start":{"line":333,"column":15},"end":{"line":333,"column":44}},"33":{"start":{"line":334,"column":2},"end":{"line":334,"column":31}},"34":{"start":{"line":337,"column":15},"end":{"line":341,"column":2}},"35":{"start":{"line":343,"column":18},"end":{"line":343,"column":95}},"36":{"start":{"line":343,"column":37},"end":{"line":343,"column":95}},"37":{"start":{"line":345,"column":16},"end":{"line":348,"column":1}},"38":{"start":{"line":346,"column":2},"end":{"line":346,"column":24}},"39":{"start":{"line":346,"column":14},"end":{"line":346,"column":24}},"40":{"start":{"line":347,"column":2},"end":{"line":347,"column":48}},"41":{"start":{"line":350,"column":28},"end":{"line":372,"column":1}},"42":{"start":{"line":355,"column":28},"end":{"line":355,"column":57}},"43":{"start":{"line":356,"column":23},"end":{"line":356,"column":62}},"44":{"start":{"line":357,"column":19},"end":{"line":362,"column":18}},"45":{"start":{"line":359,"column":25},"end":{"line":359,"column":79}},"46":{"start":{"line":360,"column":8},"end":{"line":360,"column":52}},"47":{"start":{"line":364,"column":19},"end":{"line":369,"column":7}},"48":{"start":{"line":366,"column":23},"end":{"line":369,"column":6}},"49":{"start":{"line":371,"column":2},"end":{"line":371,"column":18}},"50":{"start":{"line":374,"column":25},"end":{"line":395,"column":1}},"51":{"start":{"line":380,"column":14},"end":{"line":380,"column":48}},"52":{"start":{"line":381,"column":2},"end":{"line":381,"column":55}},"53":{"start":{"line":382,"column":2},"end":{"line":382,"column":55}},"54":{"start":{"line":383,"column":2},"end":{"line":383,"column":76}},"55":{"start":{"line":384,"column":2},"end":{"line":384,"column":45}},"56":{"start":{"line":386,"column":2},"end":{"line":388,"column":3}},"57":{"start":{"line":387,"column":4},"end":{"line":387,"column":47}},"58":{"start":{"line":390,"column":2},"end":{"line":392,"column":3}},"59":{"start":{"line":391,"column":4},"end":{"line":391,"column":46}},"60":{"start":{"line":394,"column":2},"end":{"line":394,"column":13}},"61":{"start":{"line":397,"column":32},"end":{"line":420,"column":1}},"62":{"start":{"line":403,"column":19},"end":{"line":404,"column":null}},"63":{"start":{"line":407,"column":2},"end":{"line":419,"column":6}},"64":{"start":{"line":407,"column":68},"end":{"line":419,"column":5}},"65":{"start":{"line":422,"column":31},"end":{"line":462,"column":1}},"66":{"start":{"line":427,"column":19},"end":{"line":427,"column":32}},"67":{"start":{"line":428,"column":2},"end":{"line":430,"column":3}},"68":{"start":{"line":429,"column":4},"end":{"line":429,"column":14}},"69":{"start":{"line":432,"column":14},"end":{"line":432,"column":31}},"70":{"start":{"line":433,"column":2},"end":{"line":433,"column":54}},"71":{"start":{"line":435,"column":2},"end":{"line":437,"column":3}},"72":{"start":{"line":436,"column":4},"end":{"line":436,"column":46}},"73":{"start":{"line":439,"column":42},"end":{"line":439,"column":44}},"74":{"start":{"line":440,"column":2},"end":{"line":443,"column":3}},"75":{"start":{"line":441,"column":4},"end":{"line":441,"column":54}},"76":{"start":{"line":442,"column":4},"end":{"line":442,"column":41}},"77":{"start":{"line":445,"column":19},"end":{"line":447,"column":4}},"78":{"start":{"line":449,"column":16},"end":{"line":449,"column":59}},"79":{"start":{"line":450,"column":2},"end":{"line":461,"column":6}},"80":{"start":{"line":450,"column":39},"end":{"line":461,"column":5}},"81":{"start":{"line":464,"column":29},"end":{"line":484,"column":1}},"82":{"start":{"line":468,"column":14},"end":{"line":468,"column":86}},"83":{"start":{"line":469,"column":2},"end":{"line":469,"column":55}},"84":{"start":{"line":471,"column":19},"end":{"line":471,"column":62}},"85":{"start":{"line":472,"column":2},"end":{"line":483,"column":6}},"86":{"start":{"line":472,"column":78},"end":{"line":483,"column":5}},"87":{"start":{"line":486,"column":30},"end":{"line":508,"column":1}},"88":{"start":{"line":490,"column":14},"end":{"line":490,"column":91}},"89":{"start":{"line":491,"column":2},"end":{"line":493,"column":3}},"90":{"start":{"line":492,"column":4},"end":{"line":492,"column":51}},"91":{"start":{"line":495,"column":19},"end":{"line":495,"column":63}},"92":{"start":{"line":496,"column":2},"end":{"line":507,"column":6}},"93":{"start":{"line":496,"column":78},"end":{"line":507,"column":5}},"94":{"start":{"line":510,"column":23},"end":{"line":602,"column":1}},"95":{"start":{"line":515,"column":15},"end":{"line":516,"column":null}},"96":{"start":{"line":519,"column":2},"end":{"line":521,"column":3}},"97":{"start":{"line":520,"column":4},"end":{"line":520,"column":14}},"98":{"start":{"line":523,"column":27},"end":{"line":523,"column":31}},"99":{"start":{"line":525,"column":2},"end":{"line":532,"column":3}},"100":{"start":{"line":526,"column":4},"end":{"line":531,"column":5}},"101":{"start":{"line":527,"column":6},"end":{"line":527,"column":48}},"102":{"start":{"line":528,"column":6},"end":{"line":528,"column":12}},"103":{"start":{"line":530,"column":6},"end":{"line":530,"column":24}},"104":{"start":{"line":534,"column":2},"end":{"line":540,"column":3}},"105":{"start":{"line":535,"column":4},"end":{"line":539,"column":6}},"106":{"start":{"line":542,"column":17},"end":{"line":542,"column":null}},"107":{"start":{"line":547,"colu
[...]
pr","locations":[{"start":{"line":497,"column":19},"end":{"line":497,"column":23}},{"start":{"line":497,"column":23},"end":{"line":497,"column":60}}]},"97":{"loc":{"start":{"line":497,"column":8},"end":{"line":497,"column":23}},"type":"binary-expr","locations":[{"start":{"line":497,"column":8},"end":{"line":497,"column":23}},{"start":{"line":497,"column":19},"end":{"line":497,"column":23}}]},"98":{"loc":{"start":{"line":500,"column":14},"end":{"line":500,"column":49}},"type":"cond-expr","locations":[{"start":{"line":500,"column":27},"end":{"line":500,"column":31}},{"start":{"line":500,"column":31},"end":{"line":500,"column":49}}]},"99":{"loc":{"start":{"line":500,"column":14},"end":{"line":500,"column":31}},"type":"binary-expr","locations":[{"start":{"line":500,"column":14},"end":{"line":500,"column":31}},{"start":{"line":500,"column":27},"end":{"line":500,"column":31}}]},"100":{"loc":{"start":{"line":501,"column":13},"end":{"line":501,"column":54}},"type":"cond-expr","locations":[{"start":{"line":501,"column":29},"end":{"line":501,"column":33}},{"start":{"line":501,"column":33},"end":{"line":501,"column":54}}]},"101":{"loc":{"start":{"line":501,"column":13},"end":{"line":501,"column":33}},"type":"binary-expr","locations":[{"start":{"line":501,"column":13},"end":{"line":501,"column":33}},{"start":{"line":501,"column":29},"end":{"line":501,"column":33}}]},"102":{"loc":{"start":{"line":502,"column":17},"end":{"line":502,"column":67}},"type":"cond-expr","locations":[{"start":{"line":502,"column":39},"end":{"line":502,"column":43}},{"start":{"line":502,"column":43},"end":{"line":502,"column":67}}]},"103":{"loc":{"start":{"line":502,"column":17},"end":{"line":502,"column":43}},"type":"binary-expr","locations":[{"start":{"line":502,"column":17},"end":{"line":502,"column":43}},{"start":{"line":502,"column":39},"end":{"line":502,"column":43}}]},"104":{"loc":{"start":{"line":504,"column":9},"end":{"line":504,"column":60}},"type":"cond-expr","locations":[{"start":{"line":504,"column":20},"end":{"line":504,"column":24}},{"start":{"line":504,"column":24},"end":{"line":504,"column":60}}]},"105":{"loc":{"start":{"line":504,"column":9},"end":{"line":504,"column":24}},"type":"binary-expr","locations":[{"start":{"line":504,"column":9},"end":{"line":504,"column":24}},{"start":{"line":504,"column":20},"end":{"line":504,"column":24}}]},"106":{"loc":{"start":{"line":506,"column":13},"end":{"line":506,"column":91}},"type":"binary-expr","locations":[{"start":{"line":506,"column":13},"end":{"line":506,"column":78}},{"start":{"line":506,"column":82},"end":{"line":506,"column":91}}]},"107":{"loc":{"start":{"line":515,"column":35},"end":{"line":515,"column":63}},"type":"cond-expr","locations":[{"start":{"line":515,"column":57},"end":{"line":515,"column":61}},{"start":{"line":515,"column":61},"end":{"line":515,"column":63}}]},"108":{"loc":{"start":{"line":515,"column":35},"end":{"line":515,"column":61}},"type":"binary-expr","locations":[{"start":{"line":515,"column":35},"end":{"line":515,"column":61}},{"start":{"line":515,"column":57},"end":{"line":515,"column":61}}]},"109":{"loc":{"start":{"line":519,"column":2},"end":{"line":521,"column":3}},"type":"if","locations":[{"start":{"line":519,"column":2},"end":{"line":521,"column":3}}]},"110":{"loc":{"start":{"line":534,"column":2},"end":{"line":540,"column":3}},"type":"if","locations":[{"start":{"line":534,"column":2},"end":{"line":540,"column":3}}]},"111":{"loc":{"start":{"line":537,"column":8},"end":{"line":537,"column":null}},"type":"cond-expr","locations":[{"start":{"line":537,"column":37},"end":{"line":537,"column":54}},{"start":{"line":537,"column":57},"end":{"line":537,"column":null}}]},"112":{"loc":{"start":{"line":547,"column":28},"end":{"line":547,"column":57}},"type":"cond-expr","locations":[{"start":{"line":547,"column":35},"end":{"line":547,"column":37}},{"start":{"line":547,"column":28},"end":{"line":547,"column":57}}]},"113":{"loc":{"start":{"line":547,"column":28},"end":{"line":547,"column":37}},"type":"binary-expr","locations":[{"start":{"line":547,"column":28},"end":{"line":547,"column":37}},{"start":{"line":547,"column":28},"end":{"line":547,"column":37}}]},"114":{"loc":{"start":{"line":549,"column":27},"end":{"line":549,"column":52}},"type":"cond-expr","locations":[{"start":{"line":549,"column":46},"end":{"line":549,"column":48}},{"start":{"line":549,"column":46},"end":{"line":549,"column":52}}]},"115":{"loc":{"start":{"line":549,"column":27},"end":{"line":549,"column":48}},"type":"binary-expr","locations":[{"start":{"line":549,"column":27},"end":{"line":549,"column":48}},{"start":{"line":549,"column":46},"end":{"line":549,"column":48}}]},"116":{"loc":{"start":{"line":549,"column":27},"end":{"line":549,"column":46}},"type":"cond-expr","locations":[{"start":{"line":549,"column":37},"end":{"line":549,"column":39}},{"start":{"line":549,"column":37},"end":{"line":549,"column":46}}]},"117":{"loc":{"start":{"line":549,"column":27},"end":{"line":549,"column":39}},"type":"binary-expr","locations":[{"start":{"line":549,"column":27},"end":{"line":549,"column":39}},{"start":{"line":549,"column":37},"end":{"line":549,"column":39}}]},"118":{"loc":{"start":{"line":550,"column":21},"end":{"line":550,"column":53}},"type":"binary-expr","locations":[{"start":{"line":550,"column":21},"end":{"line":550,"column":31}},{"start":{"line":550,"column":35},"end":{"line":550,"column":53}}]},"119":{"loc":{"start":{"line":551,"column":30},"end":{"line":551,"column":98}},"type":"binary-expr","locations":[{"start":{"line":551,"column":30},"end":{"line":551,"column":53}},{"start":{"line":551,"column":57},"end":{"line":551,"column":73}},{"start":{"line":551,"column":77},"end":{"line":551,"column":98}}]},"120":{"loc":{"start":{"line":553,"column":6},"end":{"line":557,"column":14}},"type":"cond-expr","locations":[{"start":{"line":554,"column":10},"end":{"line":554,"column":19}},{"start":{"line":555,"column":10},"end":{"line":557,"column":14}}]},"121":{"loc":{"start":{"line":555,"column":10},"end":{"line":557,"column":14}},"type":"cond-expr","locations":[{"start":{"line":556,"column":12},"end":{"line":556,"column":36}},{"start":{"line":557,"column":12},"end":{"line":557,"column":14}}]},"122":{"loc":{"start":{"line":555,"column":10},"end":{"line":555,"column":52}},"type":"binary-expr","locations":[{"start":{"line":555,"column":10},"end":{"line":555,"column":19}},{"start":{"line":555,"column":23},"end":{"line":555,"column":52}}]},"123":{"loc":{"start":{"line":556,"column":12},"end":{"line":556,"column":36}},"type":"binary-expr","locations":[{"start":{"line":556,"column":12},"end":{"line":556,"column":30}},{"start":{"line":556,"column":34},"end":{"line":556,"column":36}}]},"124":{"loc":{"start":{"line":558,"column":23},"end":{"line":558,"column":72}},"type":"binary-expr","locations":[{"start":{"line":558,"column":23},"end":{"line":558,"column":32}},{"start":{"line":558,"column":36},"end":{"line":558,"column":72}}]},"125":{"loc":{"start":{"line":561,"column":10},"end":{"line":561,"column":74}},"type":"binary-expr","locations":[{"start":{"line":561,"column":10},"end":{"line":561,"column":19}},{"start":{"line":561,"column":23},"end":{"line":561,"column":33}},{"start":{"line":561,"column":37},"end":{"line":561,"column":74}}]},"126":{"loc":{"start":{"line":566,"column":19},"end":{"line":566,"column":97}},"type":"cond-expr","locations":[{"start":{"line":566,"column":34},"end":{"line":566,"column":70}},{"start":{"line":566,"column":73},"end":{"line":566,"column":97}}]},"127":{"loc":{"start":{"line":572,"column":28},"end":{"line":572,"column":46}},"type":"cond-expr","locations":[{"start":{"line":572,"column":39},"end":{"line":572,"column":41}},{"start":{"line":572,"column":39},"end":{"line":572,"column":46}}]},"128":{"loc":{"start":{"line":572,"column":28},"end":{"line":572,"column":41}},"type":"binary-expr","locations":[{"start":{"line":572,"column":28},"end":{"line":572,"column":41}},{"start":{"line":572,"column":39},"end":{"line":572,"column":41}}]},"129":{"loc":{"start":{"line":573,"column":21},"end":{"line":573,"column":113}},"type":"cond-expr","locations":[{"start":{"line":573,"column":55},"end":{"line":573,"column":66}},{"start":{"line":573,"column":69},"end":{"line":573,"column":113}}]},"130":{"loc":{"start":{"line":573,"column":69},"end":{"line":573,"column":113}},"type":"binary-expr","locations":[{"start":{"line":573,"column":69},"end":{"line":573,"column":91}},{"start":{"line":573,"column":95},"end":{"line":573,"column":113}}]},"131":{"loc":{"start":{"line":573,"column":69},"end":{"line":573,"column":91}},"type":"cond-expr","locations":[{"start":{"line":573,"column":80},"end":{"line":573,"column":83}},{"start":{"line":573,"column":80},"end":{"line":573,"column":91}}]},"132":{"loc":{"start":{"line":573,"column":69},"end":{"line":573,"column":83}},"type":"binary-expr","locations":[{"start":{"line":573,"column":69},"end":{"line":573,"column":83}},{"start":{"line":573,"column":80},"end":{"line":573,"column":83}}]},"133":{"loc":{"start":{"line":575,"column":6},"end":{"line":577,"column":59}},"type":"cond-expr","locations":[{"start":{"line":576,"column":10},"end":{"line":576,"column":23}},{"start":{"line":577,"column":10},"end":{"line":577,"column":59}}]},"134":{"loc":{"start":{"line":577,"column":10},"end":{"line":577,"column":59}},"type":"binary-expr","locations":[{"start":{"line":577,"column":10},"end":{"line":577,"column":34}},{"start":{"line":577,"column":38},"end":{"line":577,"column":59}}]},"135":{"loc":{"start":{"line":577,"column":10},"end":{"line":577,"column":34}},"type":"cond-expr","locations":[{"start":{"line":577,"column":23},"end":{"line":577,"column":26}},{"start":{"line":577,"column":23},"end":{"line":577,"column":34}}]},"136":{"loc":{"start":{"line":577,"column":10},"end":{"line":577,"column":26}},"type":"binary-expr","locations":[{"start":{"line":577,"column":10},"end":{"line":577,"column":26}},{"start":{"line":577,"column":23},"end":{"line":577,"column":26}}]},"137":{"loc":{"start":{"line":580,"column":23},"end":{"line":580,"column":77}},"type":"binary-expr","locations":[{"start":{"line":580,"column":23},"end":{"line":580,"column":37}},{"start":{"line":580,"column":41},"end":{"line":580,"column":77}}]},"138":{"loc":{"start":{"line":580,"column":23},"end":{"line":580,"column":37}},"type":"cond-expr","locations":[{"start":{"line":580,"column":31},"end":{"line":580,"column":33}},{"start":{"line":580,"column":31},"end":{"line":580,"column":37}}]},"139":{"loc":{"start":{"line":580,"column":23},"end":{"line":580,"column":33}},"type":"binary-expr","locations":[{"start":{"line":580,"column":23},"end":{"line":580,"column":33}},{"start":{"line":580,"column":31},"end":{"line":580,"column":33}}]},"140":{"loc":{"start":{"line":583,"column":10},"end":{"line":583,"column":73}},"type":"binary-expr","locations":[{"start":{"line":583,"column":10},"end":{"line":583,"column":18}},{"start":{"line":583,"column":22},"end":{"line":583,"column":32}},{"start":{"line":583,"column":36},"end":{"line":583,"column":73}}]},"141":{"loc":{"start":{"line":588,"column":28},"end":{"line":588,"column":74}},"type":"binary-expr","locations":[{"start":{"line":588,"column":28},"end":{"line":588,"column":41}},{"start":{"line":588,"column":45},"end":{"line":588,"column":60}},{"start":{"line":588,"column":64},"end":{"line":588,"column":74}}]},"142":{"loc":{"start":{"line":595,"column":19},"end":{"line":599,"column":14}},"type":"cond-expr","locations":[{"start":{"line":596,"column":6},"end":{"line":597,"column":null}},{"start":{"line":599,"column":6},"end":{"line":599,"column":14}}]},"143":{"loc":{"start":{"line":610,"column":2},"end":{"line":623,"column":3}},"type":"switch","locations":[{"start":{"line":611,"column":4},"end":{"line":612,"column":71}},{"start":{"line":613,"column":4},"end":{"line":614,"column":64}},{"start":{"line":615,"column":4},"end":{"line":616,"column":53}},{"start":{"line":617,"column":4},"end":{"line":618,"column":54}},{"start":{"line":619,"column":4},"end":{"line":620,"column":56}},{"start":{"line":621,"column":4},"end":{"line":622,"column":16}}]},"144":{"loc":{"start":{"line":630,"column":2},"end":{"line":630,"column":19}},"type":"default-arg","locations":[{"start":{"line":630,"column":18},"end":{"line":630,"column":19}}]},"145":{"loc":{"start":{"line":632,"column":27},"end":{"line":632,"column":85}},"type":"cond-expr","locations":[{"start":{"line":632,"column":43},"end":{"line":632,"column":78}},{"start":{"line":632,"column":81},"end":{"line":632,"column":85}}]},"146":{"loc":{"start":{"line":634,"column":4},"end":{"line":636,"column":61}},"type":"cond-expr","locations":[{"start":{"line":635,"column":8},"end":{"line":635,"column":43}},{"start":{"line":636,"column":8},"end":{"line":636,"column":61}}]},"147":{"loc":{"start":{"line":636,"column":8},"end":{"line":636,"column":61}},"type":"binary-expr","locations":[{"start":{"line":636,"column":8},"end":{"line":636,"column":22}},{"start":{"line":636,"column":26},"end":{"line":636,"column":61}}]},"148":{"loc":{"start":{"line":641,"column":4},"end":{"line":683,"column":5}},"type":"if","locations":[{"start":{"line":641,"column":4},"end":{"line":683,"column":5}}]},"149":{"loc":{"start":{"line":641,"column":8},"end":{"line":641,"column":74}},"type":"binary-expr","locations":[{"start":{"line":641,"column":8},"end":{"line":641,"column":34}},{"start":{"line":641,"column":38},"end":{"line":641,"column":54}},{"start":{"line":641,"column":58},"end":{"line":641,"column":74}}]},"150":{"loc":{"start":{"line":642,"column":6},"end":{"line":682,"column":7}},"type":"if","locations":[{"start":{"line":642,"column":6},"end":{"line":682,"column":7}},{"start":{"line":669,"column":13},"end":{"line":682,"column":7}}]},"151":{"loc":{"start":{"line":642,"column":10},"end":{"line":642,"column":60}},"type":"binary-expr","locations":[{"start":{"line":642,"column":10},"end":{"line":642,"column":19}},{"start":{"line":642,"column":23},"end":{"line":642,"column":60}}]},"152":{"loc":{"start":{"line":646,"column":10},"end":{"line":648,"column":11}},"type":"if","locations":[{"start":{"line":646,"column":10},"end":{"line":648,"column":11}}]},"153":{"loc":{"start":{"line":653,"column":21},"end":{"line":655,"column":52}},"type":"cond-expr","locations":[{"start":{"line":654,"column":12},"end":{"line":654,"column":95}},{"start":{"line":655,"column":12},"end":{"line":655,"column":52}}]},"154":{"loc":{"start":{"line":657,"column":8},"end":{"line":668,"column":9}},"type":"if","locations":[{"start":{"line":657,"column":8},"end":{"line":668,"column":9}}]},"155":{"loc":{"start":{"line":671,"column":8},"end":{"line":681,"column":9}},"type":"if","locations":[{"start":{"line":671,"column":8},"end":{"line":681,"column":9}}]},"156":{"loc":{"start":{"line":685,"column":20},"end":{"line":685,"column":89}},"type":"cond-expr","locations":[{"start":{"line":685,"column":45},"end":{"line":685,"column":58}},{"start":{"line":685,"column":61},"end":{"line":685,"column":89}}]},"157":{"loc":{"start":{"line":716,"column":26},"end":{"line":718,"column":18}},"type":"cond-expr","locations":[{"start":{"line":717,"column":6},"end":{"line":717,"column":77}},{"start":{"line":718,"column":6},"end":{"line":718,"column":18}}]},"158":{"loc":{"start":{"line":716,"column":26},"end":{"line":716,"column":51}},"type":"cond-expr","locations":[{"start":{"line":716,"column":43},"end":{"line":716,"column":45}},{"start":{"line":716,"column":43},"end":{"line":716,"column":51}}]},"159":{"loc":{"start":{"line":716,"column":26},"end":{"line":716,"column":45}},"type":"binary-expr","locations":[{"start":{"line":716,"column":26},"end":{"line":716,"column":45}},{"start":{"line":716,"column":43},"end":{"line":716,"column":45}}]},"160":{"loc":{"start":{"line":717,"column":38},"end":{"line":717,"column":76}},"type":"cond-expr","locations":[{"start":{"line":717,"column":55},"end":{"line":717,"column":57}},{"start":{"line":717,"column":55},"end":{"line":717,"column":76}}]},"161":{"loc":{"start":{"line":717,"column":38},"end":{"line":717,"column":57}},"type":"binary-expr","locations":[{"start":{"line":717,"column":38},"end":{"line":717,"column":57}},{"start":{"line":717,"column":55},"end":{"line":717,"column":57}}]},"162":{"loc":{"start":{"line":724,"column":79},"end":{"line":724,"column":97}},"type":"cond-expr","locations":[{"start":{"line":724,"column":92},"end":{"line":724,"column":96}},{"start":{"line":724,"column":96},"end":{"line":724,"column":97}}]},"163":{"loc":{"start":{"line":724,"column":79},"end":{"line":724,"column":96}},"type":"binary-expr","locations":[{"start":{"line":724,"column":79},"end":{"line":724,"column":96}},{"start":{"line":724,"column":92},"end":{"line":724,"column":96}}]}},"s":{"0":2,"1":2,"2":2,"3":2,"4":2,"5":2,"6":2,"7":2,"8":4,"9":0,"10":4,"11":2,"12":9,"13":9,"14":9,"15":9,"16":9,"17":9,"18":1,"19":1,"20":1,"21":8,"22":8,"23":16,"24":8,"25":8,"26":8,"27":0,"28":0,"29":8,"30":9,"31":2,"32":5,"33":5,"34":2,"35":2,"36":26,"37":2,"38":6,"39":4,"40":2,"41":2,"42":3,"43":3,"44":3,"45":2,"46":2,"47":3,"48":2,"49":3,"50":2,"51":2,"52":2,"53":2,"54":2,"55":2,"56":2,"57":1,"58":2,"59":2,"60":2,"61":2,"62":2,"63":2,"64":1,"65":2,"66":1,"67":1,"68":0,"69":1,"70":1,"71":1,"72":1,"73":1,"74":1,"75":1,"76":1,"77":1,"78":1,"79":1,"80":1,"81":2,"82":1,"83":1,"84":1,"85":1,"86":1,"87":2,"88":1,"89":1,"90":1,"91":1,"92":1,"93":1,"94":2,"95":3,"96":3,"97":0,"98":3,"99":3,"100":3,"101":3,"102":3,"103":0,"104":3,"105":0,"106":3,"107":3,"108":3,"109":26,"110":26,"111":26,"112":26,"113":26,"114":3,"115":0,"116":0,"117":0,"118":0,"119":0,"120":3,"121":3,"122":26,"123":3,"124":2,"125":8,"126":2,"127":1,"128":1,"129":1,"130":3,"131":0,"132":2,"133":9,"134":9,"135":9,"136":9,"137":9,"138":7,"139":1,"140":1,"141":1,"142":2,"143":2,"144":1,"145":1,"146":1,"147":1,"148":1,"149":1,"150":6,"151":6,"152":5,"153":0,"154":0,"155":0,"156":3,"157":3,"158":2,"159":4,"160":4,"161":241,"162":4,"163":4,"164":4,"165":9,"166":9,"167":9,"168":4,"169":2},"f":{"0":4,"1":9,"2":9,"3":9,"4":16,"5":8,"6":5,"7":26,"8":6,"9":3,"10":2,"11":2,"12":2,"13":2,"14":1,"15":1,"16":1,"17":1,"18":1,"19":1,"20":1,"21":3,"22":26,"23":0,"24":26,"25":8,"26":9,"27":4,"28":241},"b":{"0":[0],"1":[4,4],"2":[3],"3":[8],"4":[3,6],"5":[0],"6":[1],"7":[9,1,1,1],"8":[0],"9":[4],"10":[4],"11":[1,1],"12":[1,2],"13":[3,3],"14":[2,1],"15":[3,3],"16":[2,1],"17":[2,1],"18":[2,0],"19":[2,2],"20":[1],"21":[2,2],"22":[2],"23":[0,2],"24":[2,2],"25":[2,0],"26":[2,2],"27":[0,2],"28":[2,2],"29":[1,0],"30":[1,1],"31":[1,0],"32":[1,1],"33":[0,1],"34":[1,1],"35":[1,0],"36":[1,1],"37":[0,1],"38":[1,1],"39":[0,1],"40":[1,1],"41":[1,0],"42":[1,1],"43":[1,0],"44":[1,1],"45":[1,0],"46":[1,1],"47":[1,0],"48":[1,1],"49":[1,0],"50":[1,1],"51":[0],"52":[1],"53":[0,1],"54":[1,1],"55":[1],"56":[1,0],"57":[1,1],"58":[1,0],"59":[1,1],"60":[0,1],"61":[1,1],"62":[1,0],"63":[1,1],"64":[1,0],"65":[1,1],"66":[1,0],"67":[1,1],"68":[1,0],"69":[1,1],"70":[0,1],"71":[1,1],"72":[1,0],"73":[1,1],"74":[1,0],"75":[1,1],"76":[1,0],"77":[1,1],"78":[0,1],"79":[1,1],"80":[1,0],"81":[1,1],"82":[1,0],"83":[1,1],"84":[1,0],"85":[1,1],"86":[0,1],"87":[1,1],"88":[0,1],"89":[1,1],"90":[1,1],"91":[1,0],"92":[1,1],"93":[1],"94":[1,0],"95":[1,1],"96":[0,1],"97":[1,1],"98":[1,0],"99":[1,1],"100":[1,0],"101":[1,1],"102":[1,0],"103":[1,1],"104":[0,1],"105":[1,1],"106":[1,1],"107":[0,3],"108":[3,3],"109":[0],"110":[0],"111":[0,0],"112":[0,3],"113":[3,3],"114":[1,2],"115":[3,3],"116":[1,2],"117":[3,3],"118":[26,0],"119":[26,26,0],"120":[0,26],"121":[25,1],"122":[26,25],"123":[25,0],"124":[26,0],"125":[26,1,0],"126":[26,0],"127":[3,0],"128":[3,3],"129":[0,0],"130":[0,0],"131":[0,0],"132":[0,0],"133":[0,0],"134":[0,0],"135":[0,0],"136":[0,0],"137":[0,0],"138":[0,0],"139":[0,0],"140":[0,0,0],"141":[0,0,0],"142":[3,0],"143":[2,1,1,1,3,0],"144":[0],"145":[6,3],"146":[3,6],"147":[6,3],"148":[7],"149":[9,7,7],"150":[1,6],"151":[7,5],"152":[1],"153":[1,0],"154":[1],"155":[5],"156":[0,0],"157":[4,0],"158":[0,4],"159":[4,4],"160":[0,241],"161":[241,241],"162":[5,4],"163":[9,9]}}
}
