TN:
SF:src/main.ts
FN:16,(anonymous_1)
FN:30,(anonymous_2)
FNF:2
FNH:0
FNDA:0,(anonymous_1)
FNDA:0,(anonymous_2)
DA:1,1
DA:2,1
DA:3,1
DA:4,1
DA:7,1
DA:9,1
DA:10,1
DA:11,1
DA:13,1
DA:16,1
DA:17,0
DA:20,1
DA:24,1
DA:29,1
DA:31,0
LF:15
LH:13
BRDA:10,0,0,1
BRDA:10,0,1,1
BRDA:10,0,2,1
BRDA:29,1,0,0
BRDA:29,1,1,1
BRDA:29,2,0,1
BRDA:29,2,1,1
BRF:7
BRH:6
end_of_record
TN:
SF:src/config/load-environment.ts
FN:4,(anonymous_1)
FNF:1
FNH:1
FNDA:2,(anonymous_1)
DA:1,2
DA:2,2
DA:4,2
DA:5,2
DA:6,2
DA:15,2
DA:16,8
LF:7
LH:7
BRDA:5,0,0,0
BRDA:5,0,1,2
BRDA:5,1,0,2
BRDA:5,1,1,2
BRDA:8,2,0,2
BRDA:8,2,1,0
BRDA:10,3,0,2
BRDA:10,3,1,0
BRDA:12,4,0,2
BRDA:12,4,1,0
BRF:10
BRH:6
end_of_record
TN:
SF:src/config/news-sources.ts
FN:496,(anonymous_0)
FN:509,(anonymous_1)
FNF:2
FNH:2
FNDA:98,(anonymous_0)
FNDA:73,(anonymous_1)
DA:3,2
DA:496,2
DA:497,98
DA:498,2
DA:501,96
DA:502,96
DA:509,2
DA:510,73
DA:511,61
DA:514,12
DA:515,12
DA:516,12
LF:12
LH:12
BRDA:9,0,0,0
BRDA:9,0,1,2
BRDA:9,1,0,2
BRDA:9,1,1,2
BRDA:17,2,0,0
BRDA:17,2,1,2
BRDA:17,3,0,2
BRDA:17,3,1,2
BRDA:20,4,0,0
BRDA:20,4,1,2
BRDA:20,5,0,2
BRDA:20,5,1,2
BRDA:29,6,0,0
BRDA:29,6,1,2
BRDA:29,7,0,2
BRDA:29,7,1,2
BRDA:32,8,0,0
BRDA:32,8,1,2
BRDA:32,9,0,2
BRDA:32,9,1,2
BRDA:42,10,0,0
BRDA:42,10,1,2
BRDA:42,11,0,2
BRDA:42,11,1,2
BRDA:50,12,0,0
BRDA:50,12,1,2
BRDA:50,13,0,2
BRDA:50,13,1,2
BRDA:63,14,0,0
BRDA:63,14,1,2
BRDA:63,15,0,2
BRDA:63,15,1,2
BRDA:79,16,0,0
BRDA:79,16,1,2
BRDA:79,17,0,2
BRDA:79,17,1,2
BRDA:87,18,0,0
BRDA:87,18,1,2
BRDA:87,19,0,2
BRDA:87,19,1,2
BRDA:96,20,0,0
BRDA:96,20,1,2
BRDA:96,21,0,2
BRDA:96,21,1,2
BRDA:105,22,0,0
BRDA:105,22,1,2
BRDA:105,23,0,2
BRDA:105,23,1,2
BRDA:113,24,0,0
BRDA:113,24,1,2
BRDA:113,25,0,2
BRDA:113,25,1,2
BRDA:122,26,0,0
BRDA:122,26,1,2
BRDA:122,27,0,2
BRDA:122,27,1,2
BRDA:130,28,0,0
BRDA:130,28,1,2
BRDA:130,29,0,2
BRDA:130,29,1,2
BRDA:138,30,0,0
BRDA:138,30,1,2
BRDA:138,31,0,2
BRDA:138,31,1,2
BRDA:146,32,0,0
BRDA:146,32,1,2
BRDA:146,33,0,2
BRDA:146,33,1,2
BRDA:154,34,0,0
BRDA:154,34,1,2
BRDA:154,35,0,2
BRDA:154,35,1,2
BRDA:162,36,0,0
BRDA:162,36,1,2
BRDA:162,37,0,2
BRDA:162,37,1,2
BRDA:170,38,0,0
BRDA:170,38,1,2
BRDA:170,39,0,2
BRDA:170,39,1,2
BRDA:178,40,0,0
BRDA:178,40,1,2
BRDA:178,41,0,2
BRDA:178,41,1,2
BRDA:186,42,0,0
BRDA:186,42,1,2
BRDA:186,43,0,2
BRDA:186,43,1,2
BRDA:194,44,0,0
BRDA:194,44,1,2
BRDA:194,45,0,2
BRDA:194,45,1,2
BRDA:202,46,0,0
BRDA:202,46,1,2
BRDA:202,47,0,2
BRDA:202,47,1,2
BRDA:210,48,0,0
BRDA:210,48,1,2
BRDA:210,49,0,2
BRDA:210,49,1,2
BRDA:218,50,0,0
BRDA:218,50,1,2
BRDA:218,51,0,2
BRDA:218,51,1,2
BRDA:226,52,0,0
BRDA:226,52,1,2
BRDA:226,53,0,2
BRDA:226,53,1,2
BRDA:234,54,0,0
BRDA:234,54,1,2
BRDA:234,55,0,2
BRDA:234,55,1,2
BRDA:242,56,0,0
BRDA:242,56,1,2
BRDA:242,57,0,2
BRDA:242,57,1,2
BRDA:250,58,0,0
BRDA:250,58,1,2
BRDA:250,59,0,2
BRDA:250,59,1,2
BRDA:258,60,0,0
BRDA:258,60,1,2
BRDA:258,61,0,2
BRDA:258,61,1,2
BRDA:266,62,0,0
BRDA:266,62,1,2
BRDA:266,63,0,2
BRDA:266,63,1,2
BRDA:274,64,0,0
BRDA:274,64,1,2
BRDA:274,65,0,2
BRDA:274,65,1,2
BRDA:282,66,0,0
BRDA:282,66,1,2
BRDA:282,67,0,2
BRDA:282,67,1,2
BRDA:290,68,0,0
BRDA:290,68,1,2
BRDA:290,69,0,2
BRDA:290,69,1,2
BRDA:298,70,0,0
BRDA:298,70,1,2
BRDA:298,71,0,2
BRDA:298,71,1,2
BRDA:306,72,0,0
BRDA:306,72,1,2
BRDA:306,73,0,2
BRDA:306,73,1,2
BRDA:314,74,0,0
BRDA:314,74,1,2
BRDA:314,75,0,2
BRDA:314,75,1,2
BRDA:322,76,0,0
BRDA:322,76,1,2
BRDA:322,77,0,2
BRDA:322,77,1,2
BRDA:330,78,0,0
BRDA:330,78,1,2
BRDA:330,79,0,2
BRDA:330,79,1,2
BRDA:338,80,0,0
BRDA:338,80,1,2
BRDA:338,81,0,2
BRDA:338,81,1,2
BRDA:346,82,0,0
BRDA:346,82,1,2
BRDA:346,83,0,2
BRDA:346,83,1,2
BRDA:354,84,0,0
BRDA:354,84,1,2
BRDA:354,85,0,2
BRDA:354,85,1,2
BRDA:362,86,0,0
BRDA:362,86,1,2
BRDA:362,87,0,2
BRDA:362,87,1,2
BRDA:370,88,0,0
BRDA:370,88,1,2
BRDA:370,89,0,2
BRDA:370,89,1,2
BRDA:378,90,0,0
BRDA:378,90,1,2
BRDA:378,91,0,2
BRDA:378,91,1,2
BRDA:386,92,0,0
BRDA:386,92,1,2
BRDA:386,93,0,2
BRDA:386,93,1,2
BRDA:394,94,0,0
BRDA:394,94,1,2
BRDA:394,95,0,2
BRDA:394,95,1,2
BRDA:402,96,0,0
BRDA:402,96,1,2
BRDA:402,97,0,2
BRDA:402,97,1,2
BRDA:410,98,0,0
BRDA:410,98,1,2
BRDA:410,99,0,2
BRDA:410,99,1,2
BRDA:418,100,0,0
BRDA:418,100,1,2
BRDA:418,101,0,2
BRDA:418,101,1,2
BRDA:426,102,0,0
BRDA:426,102,1,2
BRDA:426,103,0,2
BRDA:426,103,1,2
BRDA:434,104,0,0
BRDA:434,104,1,2
BRDA:434,105,0,2
BRDA:434,105,1,2
BRDA:442,106,0,0
BRDA:442,106,1,2
BRDA:442,107,0,2
BRDA:442,107,1,2
BRDA:450,108,0,0
BRDA:450,108,1,2
BRDA:450,109,0,2
BRDA:450,109,1,2
BRDA:458,110,0,0
BRDA:458,110,1,2
BRDA:458,111,0,2
BRDA:458,111,1,2
BRDA:467,112,0,0
BRDA:467,112,1,2
BRDA:467,113,0,2
BRDA:467,113,1,2
BRDA:476,114,0,0
BRDA:476,114,1,2
BRDA:476,115,0,2
BRDA:476,115,1,2
BRDA:484,116,0,0
BRDA:484,116,1,2
BRDA:484,117,0,2
BRDA:484,117,1,2
BRDA:492,118,0,0
BRDA:492,118,1,2
BRDA:492,119,0,2
BRDA:492,119,1,2
BRDA:497,120,0,2
BRDA:503,121,0,96
BRDA:503,121,1,96
BRDA:503,121,2,83
BRDA:510,122,0,61
BRDA:514,123,0,12
BRDA:514,123,1,0
BRDA:515,124,0,7
BRDA:515,124,1,5
BRDA:516,125,0,12
BRDA:516,125,1,4
BRF:251
BRH:190
end_of_record
TN:
SF:src/controllers/collection.controller.ts
FN:10,(anonymous_0)
FN:12,(anonymous_1)
FN:24,(anonymous_2)
FN:27,(anonymous_3)
FN:54,(anonymous_4)
FN:60,(anonymous_5)
FN:70,(anonymous_6)
FNF:7
FNH:4
FNDA:1,(anonymous_0)
FNDA:58,(anonymous_1)
FNDA:1,(anonymous_2)
FNDA:2,(anonymous_3)
FNDA:0,(anonymous_4)
FNDA:0,(anonymous_5)
FNDA:0,(anonymous_6)
DA:2,1
DA:3,1
DA:8,1
DA:10,1
DA:11,1
DA:12,58
DA:24,1
DA:25,1
DA:26,1
DA:27,2
DA:30,1
DA:31,1
DA:33,1
DA:41,1
DA:43,1
DA:54,1
DA:55,0
DA:57,0
DA:58,0
DA:59,0
DA:60,0
DA:62,0
DA:64,0
DA:70,1
DA:71,0
DA:72,0
DA:73,0
DA:76,0
LF:28
LH:17
BRDA:25,0,0,1
BRDA:25,0,1,0
BRDA:25,1,0,1
BRDA:25,1,1,1
BRDA:26,2,0,1
BRDA:26,2,1,0
BRDA:30,3,0,1
BRDA:30,3,1,0
BRDA:31,4,0,1
BRDA:31,4,1,0
BRDA:37,5,0,1
BRDA:37,5,1,0
BRDA:37,6,0,1
BRDA:37,6,1,1
BRDA:45,7,0,1
BRDA:45,7,1,0
BRDA:45,8,0,1
BRDA:45,8,1,1
BRDA:55,9,0,0
BRDA:55,9,1,0
BRDA:57,10,0,0
BRDA:57,10,1,0
BRDA:59,11,0,0
BRDA:59,11,1,0
BRDA:62,12,0,0
BRDA:62,12,1,0
BRDA:62,13,0,0
BRDA:62,13,1,0
BRDA:72,14,0,0
BRF:29
BRH:12
end_of_record
TN:
SF:src/routes/collection.routes.ts
FNF:0
FNH:0
DA:1,1
DA:2,1
DA:9,1
DA:11,1
DA:12,1
DA:13,1
DA:14,1
LF:7
LH:7
BRF:0
BRH:0
end_of_record
TN:
SF:src/services/clean-store.service.ts
FN:5,(anonymous_1)
FN:8,(anonymous_2)
FN:18,(anonymous_3)
FN:25,(anonymous_4)
FN:34,(anonymous_5)
FNF:5
FNH:4
FNDA:2,(anonymous_1)
FNDA:1,(anonymous_2)
FNDA:0,(anonymous_3)
FNDA:1,(anonymous_4)
FNDA:1,(anonymous_5)
DA:1,1
DA:2,1
DA:5,2
DA:6,1
DA:8,1
DA:9,1
DA:11,1
DA:12,1
DA:14,0
DA:18,1
DA:19,0
DA:20,0
DA:21,0
DA:22,0
DA:25,1
DA:26,1
DA:27,1
DA:29,1
DA:34,1
LF:19
LH:14
BRDA:22,0,0,0
BRDA:22,0,1,0
BRF:2
BRH:0
end_of_record
TN:
SF:src/services/data-store.service.ts
FN:5,(anonymous_1)
FN:8,(anonymous_2)
FN:18,(anonymous_3)
FN:26,(anonymous_4)
FN:38,(anonymous_5)
FN:54,(anonymous_6)
FN:58,(anonymous_7)
FN:63,(anonymous_8)
FNF:8
FNH:8
FNDA:12,(anonymous_1)
FNDA:8,(anonymous_2)
FNDA:6,(anonymous_3)
FNDA:4,(anonymous_4)
FNDA:6056,(anonymous_5)
FNDA:12,(anonymous_6)
FNDA:2,(anonymous_7)
FNDA:1,(anonymous_8)
DA:1,2
DA:2,2
DA:5,12
DA:6,2
DA:8,2
DA:9,8
DA:11,8
DA:12,8
DA:14,0
DA:18,2
DA:19,6
DA:20,6
DA:21,6
DA:23,6
DA:26,2
DA:27,4
DA:28,4
DA:30,4
DA:31,6034
DA:34,4
DA:35,6
DA:38,4
DA:39,6056
DA:42,4
DA:48,4
DA:54,12
DA:56,2
DA:58,2
DA:59,2
DA:60,2
DA:63,2
DA:64,1
DA:65,1
DA:66,1
DA:68,0
LF:35
LH:33
BRDA:23,0,0,6
BRDA:23,0,1,0
BRF:2
BRH:1
end_of_record
TN:
SF:src/services/ingestion-pipeline.service.ts
FN:22,(anonymous_0)
FN:23,(anonymous_1)
FN:25,(anonymous_2)
FNF:3
FNH:3
FNDA:1,(anonymous_0)
FNDA:1,(anonymous_1)
FNDA:1,(anonymous_2)
DA:1,1
DA:7,1
DA:8,1
DA:9,1
DA:10,1
DA:22,1
DA:23,1
DA:25,1
DA:28,1
DA:29,1
DA:37,1
DA:38,1
DA:39,1
DA:40,1
DA:43,1
DA:53,1
DA:66,1
LF:17
LH:17
BRDA:22,0,0,1
BRDA:22,0,1,1
BRDA:22,1,0,1
BRDA:22,1,1,0
BRDA:22,2,0,1
BRDA:22,2,1,1
BRDA:23,3,0,1
BRDA:23,3,1,1
BRDA:23,4,0,1
BRDA:23,4,1,0
BRDA:23,5,0,1
BRDA:23,5,1,1
BRDA:26,6,0,0
BRDA:33,7,0,1
BRDA:33,7,1,0
BRDA:33,8,0,1
BRDA:33,8,1,1
BRF:17
BRH:13
end_of_record
TN:
SF:src/services/preprocess.service.ts
FN:30,(anonymous_0)
FN:31,(anonymous_1)
FN:33,(anonymous_2)
FN:36,(anonymous_3)
FN:42,(anonymous_4)
FN:50,(anonymous_5)
FN:70,(anonymous_6)
FN:78,(anonymous_7)
FNF:8
FNH:8
FNDA:6040,(anonymous_0)
FNDA:6040,(anonymous_1)
FNDA:3020,(anonymous_2)
FNDA:1560486,(anonymous_3)
FNDA:3020,(anonymous_4)
FNDA:3020,(anonymous_5)
FNDA:2,(anonymous_6)
FNDA:3015,(anonymous_7)
DA:3,1
DA:30,6040
DA:31,6040
DA:33,1
DA:34,3020
DA:35,3020
DA:36,1560486
DA:39,3020
DA:42,1
DA:43,3020
DA:44,1217
DA:47,1803
DA:50,1
DA:51,3020
DA:52,3020
DA:53,3020
DA:55,3020
DA:70,1
DA:71,2
DA:73,2
DA:74,3018
DA:75,3018
DA:78,2
DA:79,3015
LF:24
LH:24
BRDA:34,0,0,3020
BRDA:34,0,1,0
BRDA:34,1,0,3020
BRDA:34,1,1,3020
BRDA:36,2,0,1560486
BRDA:36,2,1,1243916
BRDA:43,3,0,1217
BRF:7
BRH:6
end_of_record
TN:
SF:src/services/s3-sync.service.ts
FN:7,(anonymous_1)
FN:8,(anonymous_2)
FN:9,(anonymous_3)
FN:11,(anonymous_4)
FN:13,(anonymous_5)
FN:14,(anonymous_6)
FN:16,(anonymous_7)
FNF:7
FNH:4
FNDA:4,(anonymous_1)
FNDA:0,(anonymous_2)
FNDA:4,(anonymous_3)
FNDA:0,(anonymous_4)
FNDA:0,(anonymous_5)
FNDA:4,(anonymous_6)
FNDA:4,(anonymous_7)
DA:1,1
DA:2,1
DA:3,1
DA:4,1
DA:7,4
DA:8,1
DA:9,4
DA:11,1
DA:13,1
DA:14,4
DA:16,1
DA:21,4
DA:22,4
DA:24,4
DA:25,4
DA:34,0
DA:35,0
DA:37,0
DA:38,0
DA:47,0
DA:54,0
DA:55,0
LF:22
LH:15
BRDA:7,0,0,3
BRDA:7,0,1,1
BRDA:7,1,0,4
BRDA:7,1,1,4
BRDA:8,2,0,0
BRDA:8,2,1,0
BRDA:8,2,2,0
BRDA:8,3,0,0
BRDA:8,3,1,0
BRDA:8,4,0,0
BRDA:8,4,1,0
BRDA:8,5,0,0
BRDA:8,5,1,0
BRDA:8,6,0,0
BRDA:8,6,1,0
BRDA:9,7,0,4
BRDA:9,7,1,0
BRDA:9,8,0,0
BRDA:9,8,1,4
BRDA:9,9,0,4
BRDA:9,9,1,4
BRDA:24,10,0,4
BRDA:24,11,0,4
BRDA:24,11,1,1
BRDA:24,11,2,1
BRDA:26,12,0,1
BRDA:26,12,1,3
BRDA:26,13,0,4
BRDA:26,13,1,4
BRDA:54,14,0,0
BRDA:54,14,1,0
BRF:31
BRH:16
end_of_record
TN:
SF:src/services/source-clients.ts
FN:273,(anonymous_1)
FN:283,(anonymous_2)
FN:288,(anonymous_3)
FN:296,(anonymous_4)
FN:312,(anonymous_5)
FN:316,(anonymous_6)
FN:332,(anonymous_7)
FN:343,(anonymous_8)
FN:345,(anonymous_9)
FN:350,(anonymous_10)
FN:358,(anonymous_11)
FN:366,(anonymous_12)
FN:374,(anonymous_13)
FN:397,(anonymous_14)
FN:407,(anonymous_15)
FN:422,(anonymous_16)
FN:450,(anonymous_17)
FN:464,(anonymous_18)
FN:472,(anonymous_19)
FN:486,(anonymous_20)
FN:496,(anonymous_21)
FN:510,(anonymous_22)
FN:549,(anonymous_23)
FN:572,(anonymous_24)
FN:596,(anonymous_25)
FN:604,(anonymous_26)
FN:626,(anonymous_27)
FN:712,(anonymous_28)
FN:717,(anonymous_29)
FNF:29
FNH:28
FNDA:4,(anonymous_1)
FNDA:9,(anonymous_2)
FNDA:9,(anonymous_3)
FNDA:9,(anonymous_4)
FNDA:16,(anonymous_5)
FNDA:8,(anonymous_6)
FNDA:5,(anonymous_7)
FNDA:26,(anonymous_8)
FNDA:6,(anonymous_9)
FNDA:4,(anonymous_10)
FNDA:4,(anonymous_11)
FNDA:3,(anonymous_12)
FNDA:2,(anonymous_13)
FNDA:2,(anonymous_14)
FNDA:1,(anonymous_15)
FNDA:1,(anonymous_16)
FNDA:1,(anonymous_17)
FNDA:1,(anonymous_18)
FNDA:1,(anonymous_19)
FNDA:1,(anonymous_20)
FNDA:1,(anonymous_21)
FNDA:3,(anonymous_22)
FNDA:26,(anonymous_23)
FNDA:0,(anonymous_24)
FNDA:26,(anonymous_25)
FNDA:8,(anonymous_26)
FNDA:9,(anonymous_27)
FNDA:4,(anonymous_28)
FNDA:237,(anonymous_29)
DA:1,2
DA:2,2
DA:3,2
DA:4,2
DA:5,2
DA:111,2
DA:113,2
DA:273,2
DA:274,4
DA:275,0
DA:280,4
DA:283,2
DA:288,9
DA:289,9
DA:295,9
DA:296,9
DA:297,9
DA:300,9
DA:306,1
DA:307,1
DA:308,1
DA:311,8
DA:312,8
DA:313,16
DA:316,8
DA:317,8
DA:319,8
DA:320,0
DA:321,0
DA:324,8
DA:328,9
DA:332,2
DA:333,5
DA:334,5
DA:337,2
DA:343,26
DA:345,2
DA:346,6
DA:347,2
DA:350,2
DA:355,4
DA:356,4
DA:357,4
DA:359,4
DA:360,4
DA:364,4
DA:366,3
DA:371,4
DA:374,2
DA:380,2
DA:381,2
DA:382,2
DA:383,2
DA:384,2
DA:386,2
DA:387,1
DA:390,2
DA:391,2
DA:394,2
DA:397,2
DA:403,2
DA:407,2
DA:422,2
DA:427,1
DA:428,1
DA:429,0
DA:432,1
DA:433,1
DA:435,1
DA:436,1
DA:439,1
DA:440,1
DA:441,1
DA:442,1
DA:445,1
DA:449,1
DA:450,1
DA:464,2
DA:468,1
DA:469,1
DA:471,1
DA:472,1
DA:486,2
DA:490,1
DA:491,1
DA:492,1
DA:495,1
DA:496,1
DA:510,2
DA:515,3
DA:519,3
DA:520,0
DA:523,3
DA:525,3
DA:526,3
DA:527,3
DA:528,3
DA:530,0
DA:534,3
DA:535,0
DA:542,3
DA:547,3
DA:549,3
DA:550,26
DA:551,26
DA:553,26
DA:558,26
DA:560,26
DA:572,3
DA:573,0
DA:574,0
DA:579,0
DA:580,0
DA:582,0
DA:594,3
DA:595,3
DA:597,26
DA:601,3
DA:604,2
DA:610,8
DA:612,2
DA:614,1
DA:616,1
DA:618,1
DA:620,3
DA:622,0
DA:626,2
DA:632,9
DA:634,9
DA:638,9
DA:639,9
DA:641,9
DA:642,7
DA:643,1
DA:644,1
DA:645,2
DA:646,2
DA:647,1
DA:649,1
DA:650,1
DA:653,1
DA:657,1
DA:658,1
DA:670,6
DA:671,6
DA:672,4
DA:685,0
DA:686,0
DA:687,0
DA:699,4
DA:700,4
DA:712,2
DA:715,4
DA:716,4
DA:717,237
DA:720,4
DA:721,4
DA:723,4
DA:724,9
DA:725,9
DA:726,9
DA:729,4
LF:162
LH:146
BRDA:274,0,0,0
BRDA:274,1,0,4
BRDA:274,1,1,4
BRDA:285,2,0,3
BRDA:286,3,0,8
BRDA:295,4,0,3
BRDA:295,4,1,6
BRDA:297,5,0,0
BRDA:300,6,0,1
BRDA:301,7,0,9
BRDA:301,7,1,1
BRDA:301,7,2,1
BRDA:301,7,3,1
BRDA:319,8,0,0
BRDA:332,9,0,4
BRDA:346,10,0,4
BRDA:347,11,0,1
BRDA:347,11,1,1
BRDA:355,12,0,1
BRDA:355,12,1,3
BRDA:355,13,0,4
BRDA:355,13,1,4
BRDA:356,14,0,3
BRDA:356,14,1,1
BRDA:356,15,0,4
BRDA:356,15,1,4
BRDA:357,16,0,3
BRDA:357,16,1,1
BRDA:364,17,0,3
BRDA:364,17,1,1
BRDA:381,18,0,2
BRDA:381,18,1,0
BRDA:381,19,0,2
BRDA:381,19,1,2
BRDA:386,20,0,1
BRDA:386,21,0,2
BRDA:386,21,1,2
BRDA:390,22,0,2
BRDA:390,23,0,0
BRDA:390,23,1,2
BRDA:390,24,0,2
BRDA:390,24,1,2
BRDA:407,25,0,2
BRDA:407,25,1,0
BRDA:407,26,0,2
BRDA:407,26,1,2
BRDA:407,27,0,0
BRDA:407,27,1,2
BRDA:407,28,0,2
BRDA:407,28,1,2
BRDA:408,29,0,1
BRDA:408,29,1,0
BRDA:408,30,0,1
BRDA:408,30,1,1
BRDA:411,31,0,1
BRDA:411,31,1,0
BRDA:411,32,0,1
BRDA:411,32,1,1
BRDA:411,33,0,0
BRDA:411,33,1,1
BRDA:411,34,0,1
BRDA:411,34,1,1
BRDA:411,35,0,1
BRDA:411,35,1,0
BRDA:411,36,0,1
BRDA:411,36,1,1
BRDA:413,37,0,0
BRDA:413,37,1,1
BRDA:413,38,0,1
BRDA:413,38,1,1
BRDA:413,39,0,0
BRDA:413,39,1,1
BRDA:413,40,0,1
BRDA:413,40,1,1
BRDA:413,41,0,1
BRDA:413,41,1,0
BRDA:413,42,0,1
BRDA:413,42,1,1
BRDA:413,43,0,1
BRDA:413,43,1,0
BRDA:413,44,0,1
BRDA:413,44,1,1
BRDA:414,45,0,1
BRDA:414,45,1,0
BRDA:414,46,0,1
BRDA:414,46,1,1
BRDA:416,47,0,1
BRDA:416,47,1,0
BRDA:416,48,0,1
BRDA:416,48,1,1
BRDA:417,49,0,1
BRDA:417,49,1,0
BRDA:417,50,0,1
BRDA:417,50,1,1
BRDA:428,51,0,0
BRDA:435,52,0,1
BRDA:435,53,0,0
BRDA:435,53,1,1
BRDA:435,54,0,1
BRDA:435,54,1,1
BRDA:440,55,0,1
BRDA:449,56,0,1
BRDA:449,56,1,0
BRDA:449,57,0,1
BRDA:449,57,1,1
BRDA:449,58,0,1
BRDA:449,58,1,0
BRDA:449,59,0,1
BRDA:449,59,1,1
BRDA:451,60,0,0
BRDA:451,60,1,1
BRDA:451,61,0,1
BRDA:451,61,1,1
BRDA:454,62,0,1
BRDA:454,62,1,0
BRDA:454,63,0,1
BRDA:454,63,1,1
BRDA:455,64,0,1
BRDA:455,64,1,0
BRDA:455,65,0,1
BRDA:455,65,1,1
BRDA:455,66,0,1
BRDA:455,66,1,0
BRDA:455,67,0,1
BRDA:455,67,1,1
BRDA:456,68,0,1
BRDA:456,68,1,0
BRDA:456,69,0,1
BRDA:456,69,1,1
BRDA:458,70,0,0
BRDA:458,70,1,1
BRDA:458,71,0,1
BRDA:458,71,1,1
BRDA:468,72,0,1
BRDA:468,72,1,0
BRDA:468,73,0,1
BRDA:468,73,1,1
BRDA:469,74,0,1
BRDA:469,74,1,0
BRDA:469,75,0,1
BRDA:469,75,1,1
BRDA:472,76,0,1
BRDA:472,76,1,0
BRDA:472,77,0,1
BRDA:472,77,1,1
BRDA:473,78,0,0
BRDA:473,78,1,1
BRDA:473,79,0,1
BRDA:473,79,1,1
BRDA:476,80,0,1
BRDA:476,80,1,0
BRDA:476,81,0,1
BRDA:476,81,1,1
BRDA:477,82,0,1
BRDA:477,82,1,0
BRDA:477,83,0,1
BRDA:477,83,1,1
BRDA:478,84,0,1
BRDA:478,84,1,0
BRDA:478,85,0,1
BRDA:478,85,1,1
BRDA:480,86,0,0
BRDA:480,86,1,1
BRDA:480,87,0,1
BRDA:480,87,1,1
BRDA:480,88,0,0
BRDA:480,88,1,1
BRDA:480,89,0,1
BRDA:480,89,1,1
BRDA:482,90,0,1
BRDA:482,90,1,1
BRDA:490,91,0,1
BRDA:490,91,1,0
BRDA:490,92,0,1
BRDA:490,92,1,1
BRDA:491,93,0,1
BRDA:496,94,0,1
BRDA:496,94,1,0
BRDA:496,95,0,1
BRDA:496,95,1,1
BRDA:497,96,0,0
BRDA:497,96,1,1
BRDA:497,97,0,1
BRDA:497,97,1,1
BRDA:500,98,0,1
BRDA:500,98,1,0
BRDA:500,99,0,1
BRDA:500,99,1,1
BRDA:501,100,0,1
BRDA:501,100,1,0
BRDA:501,101,0,1
BRDA:501,101,1,1
BRDA:502,102,0,1
BRDA:502,102,1,0
BRDA:502,103,0,1
BRDA:502,103,1,1
BRDA:504,104,0,0
BRDA:504,104,1,1
BRDA:504,105,0,1
BRDA:504,105,1,1
BRDA:506,106,0,1
BRDA:506,106,1,1
BRDA:515,107,0,0
BRDA:515,107,1,3
BRDA:515,108,0,3
BRDA:515,108,1,3
BRDA:519,109,0,0
BRDA:534,110,0,0
BRDA:537,111,0,0
BRDA:537,111,1,0
BRDA:547,112,0,0
BRDA:547,112,1,3
BRDA:547,113,0,3
BRDA:547,113,1,3
BRDA:549,114,0,1
BRDA:549,114,1,2
BRDA:549,115,0,3
BRDA:549,115,1,3
BRDA:549,116,0,1
BRDA:549,116,1,2
BRDA:549,117,0,3
BRDA:549,117,1,3
BRDA:550,118,0,26
BRDA:550,118,1,0
BRDA:551,119,0,26
BRDA:551,119,1,26
BRDA:551,119,2,0
BRDA:553,120,0,0
BRDA:553,120,1,26
BRDA:555,121,0,25
BRDA:555,121,1,1
BRDA:555,122,0,26
BRDA:555,122,1,25
BRDA:556,123,0,25
BRDA:556,123,1,0
BRDA:558,124,0,26
BRDA:558,124,1,0
BRDA:561,125,0,26
BRDA:561,125,1,1
BRDA:561,125,2,0
BRDA:566,126,0,26
BRDA:566,126,1,0
BRDA:572,127,0,3
BRDA:572,127,1,0
BRDA:572,128,0,3
BRDA:572,128,1,3
BRDA:573,129,0,0
BRDA:573,129,1,0
BRDA:573,130,0,0
BRDA:573,130,1,0
BRDA:573,131,0,0
BRDA:573,131,1,0
BRDA:573,132,0,0
BRDA:573,132,1,0
BRDA:575,133,0,0
BRDA:575,133,1,0
BRDA:577,134,0,0
BRDA:577,134,1,0
BRDA:577,135,0,0
BRDA:577,135,1,0
BRDA:577,136,0,0
BRDA:577,136,1,0
BRDA:580,137,0,0
BRDA:580,137,1,0
BRDA:580,138,0,0
BRDA:580,138,1,0
BRDA:580,139,0,0
BRDA:580,139,1,0
BRDA:583,140,0,0
BRDA:583,140,1,0
BRDA:583,140,2,0
BRDA:588,141,0,0
BRDA:588,141,1,0
BRDA:588,141,2,0
BRDA:595,142,0,3
BRDA:595,142,1,0
BRDA:610,143,0,2
BRDA:610,143,1,1
BRDA:610,143,2,1
BRDA:610,143,3,1
BRDA:610,143,4,3
BRDA:610,143,5,0
BRDA:630,144,0,0
BRDA:632,145,0,6
BRDA:632,145,1,3
BRDA:634,146,0,3
BRDA:634,146,1,6
BRDA:636,147,0,6
BRDA:636,147,1,3
BRDA:641,148,0,7
BRDA:641,149,0,9
BRDA:641,149,1,7
BRDA:641,149,2,7
BRDA:642,150,0,1
BRDA:642,150,1,6
BRDA:642,151,0,7
BRDA:642,151,1,5
BRDA:646,152,0,1
BRDA:653,153,0,1
BRDA:653,153,1,0
BRDA:657,154,0,1
BRDA:671,155,0,4
BRDA:685,156,0,0
BRDA:685,156,1,0
BRDA:716,157,0,4
BRDA:716,157,1,0
BRDA:716,158,0,0
BRDA:716,158,1,4
BRDA:716,159,0,4
BRDA:716,159,1,4
BRDA:717,160,0,0
BRDA:717,160,1,237
BRDA:717,161,0,237
BRDA:717,161,1,237
BRDA:724,162,0,5
BRDA:724,162,1,4
BRDA:724,163,0,9
BRDA:724,163,1,9
BRF:318
BRH:223
end_of_record
